2025-05-06 10:41:57,567 [INFO] Activator:176 - 


2025-05-06 10:41:57,575 [INFO] Activator:177 - !SESSION log4j initialized
2025-05-06 10:42:07,658 [INFO] LogOutputStream:77 - [STDOUT_REDIRECT] 
2025-05-06 10:42:10,255 [INFO] ApplicationProperties:184 - Using Application install path: C:\ST\STM32CubeIDE_1.16.0\STM32CubeIDE\plugins\com.st.stm32cube.common.mx_6.12.0.202406281431
2025-05-06 10:42:10,299 [INFO] DbMcusXml:78 - Set database path to: C:\ST\STM32CubeIDE_1.16.0\STM32CubeIDE\plugins\com.st.stm32cube.common.mx_6.12.0.202406281431\\db\/mcu/
2025-05-06 10:42:10,299 [INFO] ApiDb:274 - Set plugin database path to: C:\ST\STM32CubeIDE_1.16.0\STM32CubeIDE\plugins\com.st.stm32cube.common.mx_6.12.0.202406281431\\db\/plugins/boardmanager/
2025-05-06 10:42:10,300 [WARN] ApiDb:259 - Overriding images path with different value:  => C:\ST\STM32CubeIDE_1.16.0\STM32CubeIDE\plugins\com.st.stm32cube.common.mx_6.12.0.202406281431\\db\/plugins/mcufinder/images/
2025-05-06 10:42:10,322 [INFO] ApiDb:250 - Set database path to: C:\Users\hyeon\.stmcufinder\plugins\mcufinder//mcu/
2025-05-06 10:42:10,324 [INFO] DbMcusAds:125 - Set database path to: C:\Users\hyeon\.stmcufinder\plugins\mcufinder//mcu/
2025-05-06 10:42:10,330 [INFO] CrossReferenceDbSqlite:203 - Set database path to: C:\Users\hyeon\.stmcufinder\plugins\mcufinder//mcu/cs/
2025-05-06 10:42:10,715 [INFO] RulesReader:64 - Compatibility file has been processed (297 Rules)
2025-05-06 10:42:10,889 [INFO] DbMcusXml:78 - Set database path to: C:\ST\STM32CubeIDE_1.16.0\STM32CubeIDE\plugins\com.st.stm32cube.common.mx_6.12.0.202406281431\\db\/mcu/
2025-05-06 10:42:10,890 [INFO] ApiDb:274 - Set plugin database path to: C:\ST\STM32CubeIDE_1.16.0\STM32CubeIDE\plugins\com.st.stm32cube.common.mx_6.12.0.202406281431\\db\/plugins/boardmanager/
2025-05-06 10:42:10,890 [INFO] ApiDb:261 - Set plugin images path to: C:\ST\STM32CubeIDE_1.16.0\STM32CubeIDE\plugins\com.st.stm32cube.common.mx_6.12.0.202406281431\\db\/plugins/mcufinder/images/
2025-05-06 10:42:10,890 [WARN] DbFile:41 - Overriding database path with different value: C:\Users\hyeon\.stmcufinder\plugins\mcufinder/ => C:\Users\hyeon\.stmcufinder\plugins\mcufinder
2025-05-06 10:42:10,890 [INFO] ApiDb:250 - Set database path to: C:\Users\hyeon\.stmcufinder\plugins\mcufinder//mcu/
2025-05-06 10:42:10,891 [WARN] DbFile:41 - Overriding database path with different value: C:\Users\hyeon\.stmcufinder\plugins\mcufinder/ => C:\Users\hyeon\.stmcufinder\plugins\mcufinder
2025-05-06 10:42:10,891 [INFO] DbMcusAds:125 - Set database path to: C:\Users\hyeon\.stmcufinder\plugins\mcufinder//mcu/
2025-05-06 10:42:10,891 [WARN] DbFile:41 - Overriding database path with different value: C:\Users\hyeon\.stmcufinder\plugins\mcufinder/ => C:\Users\hyeon\.stmcufinder\plugins\mcufinder
2025-05-06 10:42:10,891 [WARN] DbFile:41 - Overriding database path with different value: C:\Users\hyeon\.stmcufinder\plugins\mcufinder/ => C:\Users\hyeon\.stmcufinder\plugins\mcufinder
2025-05-06 10:42:10,891 [INFO] CrossReferenceDbSqlite:203 - Set database path to: C:\Users\hyeon\.stmcufinder\plugins\mcufinder//mcu/cs/
2025-05-06 10:42:11,054 [INFO] MainPanel:268 - HeapMemory: 268435456
2025-05-06 10:42:11,317 [INFO] DbMcusXml:78 - Set database path to: C:\ST\STM32CubeIDE_1.16.0\STM32CubeIDE\plugins\com.st.stm32cube.common.mx_6.12.0.202406281431\\db\/mcu/
2025-05-06 10:42:11,318 [INFO] ApiDb:274 - Set plugin database path to: C:\ST\STM32CubeIDE_1.16.0\STM32CubeIDE\plugins\com.st.stm32cube.common.mx_6.12.0.202406281431\\db\/plugins/boardmanager/
2025-05-06 10:42:11,318 [INFO] ApiDb:261 - Set plugin images path to: C:\ST\STM32CubeIDE_1.16.0\STM32CubeIDE\plugins\com.st.stm32cube.common.mx_6.12.0.202406281431\\db\/plugins/mcufinder/images/
2025-05-06 10:42:11,318 [WARN] DbFile:41 - Overriding database path with different value: C:\Users\hyeon\.stmcufinder\plugins\mcufinder/ => C:\Users\hyeon\.stmcufinder\plugins\mcufinder
2025-05-06 10:42:11,318 [INFO] ApiDb:250 - Set database path to: C:\Users\hyeon\.stmcufinder\plugins\mcufinder//mcu/
2025-05-06 10:42:11,319 [WARN] DbFile:41 - Overriding database path with different value: C:\Users\hyeon\.stmcufinder\plugins\mcufinder/ => C:\Users\hyeon\.stmcufinder\plugins\mcufinder
2025-05-06 10:42:11,319 [INFO] DbMcusAds:125 - Set database path to: C:\Users\hyeon\.stmcufinder\plugins\mcufinder//mcu/
2025-05-06 10:42:11,319 [WARN] DbFile:41 - Overriding database path with different value: C:\Users\hyeon\.stmcufinder\plugins\mcufinder/ => C:\Users\hyeon\.stmcufinder\plugins\mcufinder
2025-05-06 10:42:11,319 [WARN] DbFile:41 - Overriding database path with different value: C:\Users\hyeon\.stmcufinder\plugins\mcufinder/ => C:\Users\hyeon\.stmcufinder\plugins\mcufinder
2025-05-06 10:42:11,319 [INFO] CrossReferenceDbSqlite:203 - Set database path to: C:\Users\hyeon\.stmcufinder\plugins\mcufinder//mcu/cs/
2025-05-06 10:42:11,354 [INFO] ApplicationProperties:184 - Using Application install path: C:\ST\STM32CubeIDE_1.16.0\STM32CubeIDE\plugins\com.st.stm32cube.common.mx_6.12.0.202406281431
2025-05-06 10:42:11,358 [INFO] PluginManage:196 - Search for loadable plugins [exclusion list=, ]
2025-05-06 10:42:11,362 [INFO] PluginManage:310 - Check plugin analytics
2025-05-06 10:42:11,753 [INFO] AnalyticsPlugin:253 - Accepted Software Licenses: STM32CubeMX.6.12.0,STM32CubeMX.6.13.0
2025-05-06 10:42:11,753 [INFO] AnalyticsPlugin:255 - Accepted CMSIS Pack Licenses: 
2025-05-06 10:42:11,753 [INFO] AnalyticsPlugin:257 - Accepted Firmware Licenses: FW.H7.1.11.0,FW.MP2.1.0.0,FW.MP13.1.1.0
2025-05-06 10:42:11,758 [INFO] PluginManage:359 - Loaded plugin analytics (category:tool,tabindex:-1)
2025-05-06 10:42:11,759 [INFO] PluginManage:310 - Check plugin cadmodel
2025-05-06 10:42:11,785 [INFO] CADModel:105 - Init CAD model plugin
2025-05-06 10:42:11,785 [INFO] PluginManage:359 - Loaded plugin cadmodel (category:power,tabindex:5)
2025-05-06 10:42:11,786 [INFO] PluginManage:310 - Check plugin clock
2025-05-06 10:42:11,828 [INFO] PluginManage:359 - Loaded plugin clock (category:base,tabindex:2)
2025-05-06 10:42:11,829 [INFO] PluginManage:310 - Check plugin ddr
2025-05-06 10:42:11,832 [INFO] PluginManage:359 - Loaded plugin ddr (category:tool,tabindex:6)
2025-05-06 10:42:11,832 [INFO] PluginManage:310 - Check plugin filemanager
2025-05-06 10:42:12,169 [INFO] PluginManage:359 - Loaded plugin filemanager (category:base,tabindex:10)
2025-05-06 10:42:12,169 [INFO] PluginManage:310 - Check plugin ipmanager
2025-05-06 10:42:12,185 [INFO] PluginManage:359 - Loaded plugin ipmanager (category:base,tabindex:5)
2025-05-06 10:42:12,185 [INFO] PluginManage:310 - Check plugin lpbam
2025-05-06 10:42:12,257 [INFO] PluginManage:359 - Loaded plugin lpbam (category:base,tabindex:0)
2025-05-06 10:42:12,258 [INFO] PluginManage:310 - Check plugin memorymap
2025-05-06 10:42:12,304 [INFO] PluginManage:359 - Loaded plugin memorymap (category:base,tabindex:4)
2025-05-06 10:42:12,304 [INFO] PluginManage:310 - Check plugin pinoutandconfiguration
2025-05-06 10:42:12,343 [INFO] PluginManage:359 - Loaded plugin pinoutandconfiguration (category:base,tabindex:1)
2025-05-06 10:42:12,343 [INFO] PluginManage:310 - Check plugin pinoutconfig
2025-05-06 10:42:12,526 [WARN] SupportedApi:132 - Cannot load RTOS API schema: s4s-elt-must-match.1: The content of 'definitions' must match (annotation?, (simpleType | complexType)?, (unique | key | keyref)*)). A problem was found starting at: attribute.
2025-05-06 10:42:12,798 [INFO] PluginManage:359 - Loaded plugin pinoutconfig (category:base,tabindex:0)
2025-05-06 10:42:12,799 [INFO] PluginManage:310 - Check plugin power
2025-05-06 10:42:12,847 [INFO] PluginManage:359 - Loaded plugin power (category:power,tabindex:4)
2025-05-06 10:42:12,847 [INFO] PluginManage:310 - Check plugin projectmanager
2025-05-06 10:42:12,872 [INFO] PluginManage:359 - Loaded plugin projectmanager (category:projectmanager,tabindex:4)
2025-05-06 10:42:12,872 [INFO] PluginManage:310 - Check plugin rif
2025-05-06 10:42:12,916 [INFO] PluginManage:359 - Loaded plugin rif (category:base,tabindex:3)
2025-05-06 10:42:12,916 [INFO] PluginManage:310 - Check plugin thirdparty
2025-05-06 10:42:13,410 [WARN] IntegrityCheckThread:84 - waiting for thirdparty lock release [integrity check]
2025-05-06 10:42:13,411 [INFO] IntegrityCheckThread:86 - entering critical section [integrity check]
2025-05-06 10:42:13,411 [INFO] PluginManage:359 - Loaded plugin thirdparty (category:base,tabindex:-1)
2025-05-06 10:42:13,411 [INFO] PluginManage:310 - Check plugin tools
2025-05-06 10:42:13,412 [INFO] ThirdPartyUpdaterWithRetryManager:70 - Updater plugin not ready yet. [1/15]
2025-05-06 10:42:13,482 [INFO] PluginManage:359 - Loaded plugin tools (category:base,tabindex:7)
2025-05-06 10:42:13,482 [INFO] PluginManage:310 - Check plugin tutovideos
2025-05-06 10:42:13,885 [INFO] PluginManage:359 - Loaded plugin tutovideos (category:base,tabindex:-1)
2025-05-06 10:42:13,885 [INFO] PluginManage:310 - Check plugin updater
2025-05-06 10:42:13,907 [INFO] PluginManage:359 - Loaded plugin updater (category:base,tabindex:12)
2025-05-06 10:42:13,908 [INFO] PluginManage:310 - Check plugin userauth
2025-05-06 10:42:13,916 [INFO] UserAuth:113 - Init User Auth plugin
2025-05-06 10:42:13,917 [INFO] PluginManage:359 - Loaded plugin userauth (category:base,tabindex:14)
2025-05-06 10:42:13,917 [INFO] PluginManage:283 - PluginManage : Loaded plugins [18]
2025-05-06 10:42:14,271 [INFO] PinOutPanel:1561 - setPackage(No Configuration,No Configuration)
2025-05-06 10:42:14,427 [INFO] CADModel:165 - CPN selected for project level
2025-05-06 10:42:14,428 [INFO] CADModel:114 - Register for checkConnection events
2025-05-06 10:42:14,475 [INFO] IPUIPlugin:80 - create IPUIPlugin
2025-05-06 10:42:14,475 [INFO] PluginManager:220 - loadIPPluginJar : add adc
2025-05-06 10:42:14,546 [INFO] IPUIPlugin:80 - create IPUIPlugin
2025-05-06 10:42:14,547 [INFO] PluginManager:220 - loadIPPluginJar : add aes
2025-05-06 10:42:14,629 [INFO] IPUIPlugin:80 - create IPUIPlugin
2025-05-06 10:42:14,630 [INFO] PluginManager:220 - loadIPPluginJar : add can
2025-05-06 10:42:14,678 [INFO] IPUIPlugin:80 - create IPUIPlugin
2025-05-06 10:42:14,678 [INFO] PluginManager:220 - loadIPPluginJar : add comp
2025-05-06 10:42:14,746 [INFO] IPUIPlugin:80 - create IPUIPlugin
2025-05-06 10:42:14,747 [INFO] PluginManager:220 - loadIPPluginJar : add cryp
2025-05-06 10:42:14,771 [INFO] IPUIPlugin:80 - create IPUIPlugin
2025-05-06 10:42:14,771 [INFO] PluginManager:220 - loadIPPluginJar : add ddr_ctrl_phy
2025-05-06 10:42:14,833 [INFO] IPUIPlugin:80 - create IPUIPlugin
2025-05-06 10:42:14,833 [INFO] PluginManager:220 - loadIPPluginJar : add dfsdm
2025-05-06 10:42:14,862 [INFO] IPUIPlugin:80 - create IPUIPlugin
2025-05-06 10:42:14,862 [INFO] PluginManager:220 - loadIPPluginJar : add dma
2025-05-06 10:42:14,959 [INFO] IPUIPlugin:80 - create IPUIPlugin
2025-05-06 10:42:14,959 [INFO] PluginManager:220 - loadIPPluginJar : add dma3
2025-05-06 10:42:15,045 [INFO] IPUIPlugin:80 - create IPUIPlugin
2025-05-06 10:42:15,045 [INFO] PluginManager:220 - loadIPPluginJar : add extmemmanager
2025-05-06 10:42:15,091 [INFO] IPUIPlugin:80 - create IPUIPlugin
2025-05-06 10:42:15,091 [INFO] PluginManager:220 - loadIPPluginJar : add fatfs
2025-05-06 10:42:15,184 [INFO] IPUIPlugin:80 - create IPUIPlugin
2025-05-06 10:42:15,184 [INFO] PluginManager:220 - loadIPPluginJar : add fmc
2025-05-06 10:42:15,210 [INFO] IPUIPlugin:80 - create IPUIPlugin
2025-05-06 10:42:15,210 [INFO] PluginManager:220 - loadIPPluginJar : add freertos
2025-05-06 10:42:15,253 [INFO] IPUIPlugin:80 - create IPUIPlugin
2025-05-06 10:42:15,253 [INFO] PluginManager:220 - loadIPPluginJar : add genericplugin
2025-05-06 10:42:15,447 [INFO] IPUIPlugin:80 - create IPUIPlugin
2025-05-06 10:42:15,448 [INFO] PluginManager:220 - loadIPPluginJar : add gfxmmu
2025-05-06 10:42:15,704 [INFO] IPUIPlugin:80 - create IPUIPlugin
2025-05-06 10:42:15,704 [INFO] PluginManager:220 - loadIPPluginJar : add gic
2025-05-06 10:42:15,726 [INFO] IPUIPlugin:80 - create IPUIPlugin
2025-05-06 10:42:15,726 [INFO] PluginManager:220 - loadIPPluginJar : add gpio
2025-05-06 10:42:15,885 [INFO] IPUIPlugin:80 - create IPUIPlugin
2025-05-06 10:42:15,886 [INFO] PluginManager:220 - loadIPPluginJar : add gtzc
2025-05-06 10:42:15,940 [INFO] IPUIPlugin:80 - create IPUIPlugin
2025-05-06 10:42:15,940 [INFO] PluginManager:220 - loadIPPluginJar : add hash
2025-05-06 10:42:16,029 [INFO] IPUIPlugin:80 - create IPUIPlugin
2025-05-06 10:42:16,029 [INFO] PluginManager:220 - loadIPPluginJar : add i2c
2025-05-06 10:42:16,095 [INFO] IPUIPlugin:80 - create IPUIPlugin
2025-05-06 10:42:16,095 [INFO] PluginManager:220 - loadIPPluginJar : add i2s
2025-05-06 10:42:16,163 [INFO] IPUIPlugin:80 - create IPUIPlugin
2025-05-06 10:42:16,163 [INFO] PluginManager:220 - loadIPPluginJar : add i3c
2025-05-06 10:42:16,333 [INFO] IPUIPlugin:80 - create IPUIPlugin
2025-05-06 10:42:16,333 [INFO] PluginManager:220 - loadIPPluginJar : add ipddr
2025-05-06 10:42:16,413 [INFO] ThirdPartyUpdaterWithRetryManager:70 - Updater plugin not ready yet. [2/15]
2025-05-06 10:42:16,501 [INFO] IPUIPlugin:80 - create IPUIPlugin
2025-05-06 10:42:16,501 [INFO] PluginManager:220 - loadIPPluginJar : add linkedlist
2025-05-06 10:42:16,560 [INFO] IPUIPlugin:80 - create IPUIPlugin
2025-05-06 10:42:16,560 [INFO] PluginManager:220 - loadIPPluginJar : add lorawan
2025-05-06 10:42:16,635 [INFO] IPUIPlugin:80 - create IPUIPlugin
2025-05-06 10:42:16,636 [INFO] PluginManager:220 - loadIPPluginJar : add ltdc
2025-05-06 10:42:16,658 [INFO] IPUIPlugin:80 - create IPUIPlugin
2025-05-06 10:42:16,658 [INFO] PluginManager:220 - loadIPPluginJar : add mdma
2025-05-06 10:42:16,678 [INFO] IPUIPlugin:80 - create IPUIPlugin
2025-05-06 10:42:16,678 [INFO] PluginManager:220 - loadIPPluginJar : add nvic
2025-05-06 10:42:16,739 [INFO] IPUIPlugin:80 - create IPUIPlugin
2025-05-06 10:42:16,739 [INFO] PluginManager:220 - loadIPPluginJar : add opamp
2025-05-06 10:42:16,848 [INFO] IPUIPlugin:80 - create IPUIPlugin
2025-05-06 10:42:16,848 [INFO] PluginManager:220 - loadIPPluginJar : add openamp
2025-05-06 10:42:16,923 [INFO] IPUIPlugin:80 - create IPUIPlugin
2025-05-06 10:42:16,924 [INFO] PluginManager:220 - loadIPPluginJar : add pdm2pcm
2025-05-06 10:42:16,946 [INFO] IPUIPlugin:80 - create IPUIPlugin
2025-05-06 10:42:16,949 [INFO] PluginManager:220 - loadIPPluginJar : add plateformsettings
2025-05-06 10:42:16,986 [INFO] IPUIPlugin:80 - create IPUIPlugin
2025-05-06 10:42:16,986 [INFO] PluginManager:220 - loadIPPluginJar : add quadspi
2025-05-06 10:42:17,029 [INFO] IPUIPlugin:80 - create IPUIPlugin
2025-05-06 10:42:17,030 [INFO] PluginManager:220 - loadIPPluginJar : add radio
2025-05-06 10:42:17,050 [INFO] IPUIPlugin:80 - create IPUIPlugin
2025-05-06 10:42:17,051 [INFO] PluginManager:220 - loadIPPluginJar : add resmgrutility
2025-05-06 10:42:17,130 [INFO] IPUIPlugin:80 - create IPUIPlugin
2025-05-06 10:42:17,131 [INFO] PluginManager:220 - loadIPPluginJar : add sai
2025-05-06 10:42:17,196 [INFO] IPUIPlugin:80 - create IPUIPlugin
2025-05-06 10:42:17,196 [INFO] PluginManager:220 - loadIPPluginJar : add spi
2025-05-06 10:42:17,314 [INFO] IPUIPlugin:80 - create IPUIPlugin
2025-05-06 10:42:17,314 [INFO] PluginManager:220 - loadIPPluginJar : add stm32_wpan
2025-05-06 10:42:17,355 [INFO] IPUIPlugin:80 - create IPUIPlugin
2025-05-06 10:42:17,355 [INFO] PluginManager:220 - loadIPPluginJar : add tim
2025-05-06 10:42:17,462 [INFO] IPUIPlugin:80 - create IPUIPlugin
2025-05-06 10:42:17,463 [INFO] PluginManager:220 - loadIPPluginJar : add touchsensing
2025-05-06 10:42:17,502 [INFO] IPUIPlugin:80 - create IPUIPlugin
2025-05-06 10:42:17,502 [INFO] PluginManager:220 - loadIPPluginJar : add tracer_emb
2025-05-06 10:42:17,557 [INFO] IPUIPlugin:80 - create IPUIPlugin
2025-05-06 10:42:17,557 [INFO] PluginManager:220 - loadIPPluginJar : add ts
2025-05-06 10:42:17,613 [INFO] IPUIPlugin:80 - create IPUIPlugin
2025-05-06 10:42:17,614 [INFO] PluginManager:220 - loadIPPluginJar : add tsc
2025-05-06 10:42:17,655 [INFO] IPUIPlugin:80 - create IPUIPlugin
2025-05-06 10:42:17,655 [INFO] PluginManager:220 - loadIPPluginJar : add ucpd
2025-05-06 10:42:17,732 [INFO] IPUIPlugin:80 - create IPUIPlugin
2025-05-06 10:42:17,732 [INFO] PluginManager:220 - loadIPPluginJar : add usart
2025-05-06 10:42:17,806 [INFO] IPUIPlugin:80 - create IPUIPlugin
2025-05-06 10:42:17,806 [INFO] PluginManager:220 - loadIPPluginJar : add usbx
2025-05-06 10:42:17,977 [INFO] CADModel:165 - CPN selected for project level
2025-05-06 10:42:17,977 [INFO] CADModel:114 - Register for checkConnection events
2025-05-06 10:42:17,978 [FATAL] Updater:334 - Updater called before beeing initialized
2025-05-06 10:42:17,978 [ERROR] CADModel:125 - Updater not yet initialized, retry later 
2025-05-06 10:42:18,204 [INFO] CADModel:165 - CPN selected for project level
2025-05-06 10:42:18,204 [INFO] CADModel:114 - Register for checkConnection events
2025-05-06 10:42:18,204 [FATAL] Updater:334 - Updater called before beeing initialized
2025-05-06 10:42:18,204 [ERROR] CADModel:125 - Updater not yet initialized, retry later 
2025-05-06 10:42:18,209 [FATAL] Updater:334 - Updater called before beeing initialized
2025-05-06 10:42:18,374 [FATAL] Updater:334 - Updater called before beeing initialized
2025-05-06 10:42:18,391 [INFO] DbMcusAds:53 - JSON generation date=Thu Mar 06 23:54:22 KST 2025 (1741272862078)
2025-05-06 10:42:18,391 [FATAL] Updater:334 - Updater called before beeing initialized
2025-05-06 10:42:18,460 [WARN] DetailPanel:346 - Failed to get advertising image, set to default
2025-05-06 10:42:18,650 [FATAL] Updater:334 - Updater called before beeing initialized
2025-05-06 10:42:18,653 [FATAL] Updater:334 - Updater called before beeing initialized
2025-05-06 10:42:18,653 [FATAL] Updater:334 - Updater called before beeing initialized
2025-05-06 10:42:18,653 [WARN] DetailPanel:346 - Failed to get advertising image, set to default
2025-05-06 10:42:18,654 [FATAL] Updater:334 - Updater called before beeing initialized
2025-05-06 10:42:18,762 [ERROR] Updater:1164 - MainUpdater not yet initialized. External WinMGr cannot be set.
2025-05-06 10:42:18,778 [INFO] Updater:1100 - Updater Version found : 6.12.0
2025-05-06 10:42:18,809 [INFO] ApplicationProperties:184 - Using Application install path: C:\ST\STM32CubeIDE_1.16.0\STM32CubeIDE\plugins\com.st.stm32cube.common.mx_6.12.0.202406281431
2025-05-06 10:42:19,414 [INFO] ThirdPartyUpdaterWithRetryManager:70 - Updater plugin not ready yet. [3/15]
2025-05-06 10:42:19,801 [INFO] MainUpdater:2873 - connection check result : 10
2025-05-06 10:42:19,801 [INFO] MainUpdater:3567 - Updater definition file requires update
2025-05-06 10:42:19,802 [INFO] MainUpdater:290 - Updater Check For Update Now.
2025-05-06 10:42:19,803 [INFO] MicroXplorer:498 - Change Database Version : DB.6.0.120
2025-05-06 10:42:19,830 [INFO] McuFinderGlobals:63 - Set McuFinder mode to 2 (CubeIDE integrated)
2025-05-06 10:42:19,839 [INFO] UserAuth:417 - Internet connection configuration mode: 1
2025-05-06 10:42:19,887 [INFO] JxBrowserEngine:152 - Initiate JxBrowser Engine with user profile folder
2025-05-06 10:42:20,233 [INFO] ServerAccessManage:473 - Download File updaters.zip
2025-05-06 10:42:20,635 [INFO] FileExtend:240 - Unzip File : updaters.zip
2025-05-06 10:42:20,635 [INFO] FileExtend:255 - Standard Zip Deflate
2025-05-06 10:42:21,840 [INFO] ServerAccessManage:473 - Download File PacksControlFlags.xml
2025-05-06 10:42:22,095 [INFO] ServerAccessManage:473 - Download File cubemx.pidx
2025-05-06 10:42:22,415 [WARN] MainUpdater:1194 - Updater busy. Cannot search thirdparties
2025-05-06 10:42:22,415 [INFO] ThirdPartyUpdaterWithRetryManager:96 - Updater plugin is busy. [1/15]
2025-05-06 10:42:23,653 [INFO] ServerAccessManage:473 - Download File STMicroelectronics.X-CUBE-NFC7.pdsc
2025-05-06 10:42:25,416 [WARN] MainUpdater:1194 - Updater busy. Cannot search thirdparties
2025-05-06 10:42:25,416 [INFO] ThirdPartyUpdaterWithRetryManager:96 - Updater plugin is busy. [2/15]
2025-05-06 10:42:26,285 [INFO] WebApp:167 - Instantiating new browser for Auth
2025-05-06 10:42:26,908 [WARN] PackLoader:240 - Cannot read IP mode file for STMicroelectronics.X-CUBE-NFC7.2.0.0
2025-05-06 10:42:26,912 [INFO] PopulateThirdPartyThread:66 - Ending populate Thread
2025-05-06 10:42:26,916 [INFO] ThirdParty:1030 - CMSIS Pack Vendor :STMicroelectronics X-CUBE-NFC7 2.0.0
2025-05-06 10:42:26,916 [INFO] LoadServerUpdatesThread:375 - End of LoadServerUpdate Thread
2025-05-06 10:42:26,990 [INFO] CheckServerUpdateThread:120 - End of CheckServer Thread
2025-05-06 10:42:28,006 [INFO] WebApp:448 - Apply proxy settings
2025-05-06 10:42:28,006 [INFO] WebApp:533 - Chromium requires no authentication
2025-05-06 10:42:28,029 [INFO] WebApp:476 - Direct internet connection detected
2025-05-06 10:42:28,073 [INFO] WebApp:869 - Register for checkConnection events
2025-05-06 10:42:28,073 [INFO] WebApp:448 - Apply proxy settings
2025-05-06 10:42:28,074 [INFO] WebApp:533 - Chromium requires no authentication
2025-05-06 10:42:28,074 [INFO] WebApp:476 - Direct internet connection detected
2025-05-06 10:42:28,329 [INFO] WebApp:186 - Connection restablished
2025-05-06 10:42:28,371 [INFO] WebApp:220 - Starting web application
2025-05-06 10:42:28,371 [INFO] WebApp:578 - Web application path used C:\ST\STM32CubeIDE_1.16.0\STM32CubeIDE\plugins\com.st.stm32cube.common.mx_6.12.0.202406281431\db\plugins\mcufinder\reactClient1\index.html
2025-05-06 10:42:28,710 [INFO] UserAuth:417 - Internet connection configuration mode: 1
2025-05-06 10:42:28,980 [WARN] PackLoader:240 - Cannot read IP mode file for STMicroelectronics.FP-SNS-MOTENVWB1.1.4.0
2025-05-06 10:42:28,993 [WARN] PackLoader:240 - Cannot read IP mode file for STMicroelectronics.FP-ATR-ASTRA1.2.0.2
2025-05-06 10:42:29,018 [WARN] PackLoader:240 - Cannot read IP mode file for STMicroelectronics.FP-ATR-ASTRA1.2.0.1
2025-05-06 10:42:29,050 [WARN] PackLoader:240 - Cannot read IP mode file for STMicroelectronics.X-CUBE-SMBUS.2.1.0
2025-05-06 10:42:29,081 [WARN] PackLoader:240 - Cannot read IP mode file for STMicroelectronics.X-CUBE-WB05N.1.1.0
2025-05-06 10:42:29,152 [WARN] PackLoader:240 - Cannot read IP mode file for STMicroelectronics.X-CUBE-AZRTOS-F7.1.1.0
2025-05-06 10:42:29,176 [WARN] PackLoader:240 - Cannot read IP mode file for STMicroelectronics.FP-SNS-FLIGHT1.5.0.2
2025-05-06 10:42:29,202 [WARN] PackLoader:240 - Cannot read IP mode file for STMicroelectronics.X-CUBE-DISPLAY.3.0.0
2025-05-06 10:42:29,241 [WARN] PackLoader:240 - Cannot read IP mode file for STMicroelectronics.X-CUBE-BLE1.7.0.0
2025-05-06 10:42:29,271 [WARN] PackLoader:240 - Cannot read IP mode file for STMicroelectronics.X-CUBE-NFC10.1.0.0
2025-05-06 10:42:29,314 [WARN] PackLoader:240 - Cannot read IP mode file for STMicroelectronics.X-CUBE-BLEMGR.4.0.0
2025-05-06 10:42:29,345 [WARN] PackLoader:240 - Cannot read IP mode file for emotas.I-CUBE-CANOPEN.1.3.0
2025-05-06 10:42:29,373 [WARN] PackLoader:240 - Cannot read IP mode file for STMicroelectronics.X-CUBE-BLEMGR.3.1.0
2025-05-06 10:42:29,394 [WARN] PackLoader:240 - Cannot read IP mode file for STMicroelectronics.X-CUBE-AI.10.0.0
2025-05-06 10:42:29,412 [WARN] PackLoader:240 - Cannot read IP mode file for STMicroelectronics.FP-SNS-SMARTAG2.1.2.0
2025-05-06 10:42:29,417 [ERROR] Engine:466 - C:\Users\hyeon\.stm32cubemx\thirdparties\pdsc\STMicroelectronics.FP-SNS-FLIGHT1.5.1.0.pdsc: PDSC version is not supported
2025-05-06 10:42:29,535 [WARN] PackLoader:240 - Cannot read IP mode file for STMicroelectronics.X-CUBE-MEMS1.11.1.0
2025-05-06 10:42:29,771 [INFO] LogOutputStream:77 - [STDOUT_REDIRECT] 1 : Invalid condition id : UX_CORESTACK_Condition cause : null
2025-05-06 10:42:29,771 [INFO] LogOutputStream:77 - [STDOUT_REDIRECT] 1 : Invalid condition id : UX_CORESTACK_Condition cause : null
2025-05-06 10:42:29,774 [INFO] LogOutputStream:77 - [STDOUT_REDIRECT] 1 : Invalid condition id : UX_CORESTACK_Condition cause : null
2025-05-06 10:42:29,777 [INFO] LogOutputStream:77 - [STDOUT_REDIRECT] 1 : Invalid condition id : UX_CORESTACK_Condition cause : null
2025-05-06 10:42:29,780 [INFO] LogOutputStream:77 - [STDOUT_REDIRECT] 1 : Invalid condition id : UX_CORESTACK_Condition cause : null
2025-05-06 10:42:29,784 [WARN] PackLoader:240 - Cannot read IP mode file for STMicroelectronics.X-CUBE-AZRTOS-WL.2.0.0
2025-05-06 10:42:29,819 [WARN] PackLoader:240 - Cannot read IP mode file for STMicroelectronics.FP-SNS-MOTENV1.5.0.0
2025-05-06 10:42:29,829 [WARN] PackLoader:240 - Cannot read IP mode file for wolfSSL.I-CUBE-wolfMQTT.1.19.0
2025-05-06 10:42:29,856 [WARN] PackLoader:240 - Cannot read IP mode file for WES.I-CUBE-Cesium.1.3.0
2025-05-06 10:42:29,880 [WARN] PackLoader:240 - Cannot read IP mode file for STMicroelectronics.X-CUBE-BLE2.3.3.0
2025-05-06 10:42:29,910 [WARN] PackLoader:240 - Cannot read IP mode file for STMicroelectronics.X-CUBE-NFC9.1.0.0
2025-05-06 10:42:29,942 [WARN] PackLoader:240 - Cannot read IP mode file for STMicroelectronics.X-CUBE-BLE1.7.1.0
2025-05-06 10:42:29,966 [WARN] PackLoader:240 - Cannot read IP mode file for STMicroelectronics.X-CUBE-TCPP.4.1.0
2025-05-06 10:42:30,053 [WARN] PackLoader:240 - Cannot read IP mode file for STMicroelectronics.X-CUBE-MEMS1.11.2.0
2025-05-06 10:42:30,237 [WARN] PackLoader:240 - Cannot read IP mode file for STMicroelectronics.X-CUBE-AZRTOS-G0.1.1.0
2025-05-06 10:42:30,265 [WARN] PackLoader:240 - Cannot read IP mode file for STMicroelectronics.X-CUBE-SAFEA1.1.2.2
2025-05-06 10:42:30,295 [WARN] PackLoader:240 - Cannot read IP mode file for STMicroelectronics.X-CUBE-NFC4.3.0.0
2025-05-06 10:42:30,327 [WARN] PackLoader:240 - Cannot read IP mode file for EmbeddedOffice.I-CUBE-FS-RTOS.1.0.1
2025-05-06 10:42:30,328 [ERROR] ConditionMgr:805 - Attr not supported : Dmpu
2025-05-06 10:42:30,328 [ERROR] ConditionMgr:805 - Attr not supported : Dmpu
2025-05-06 10:42:30,328 [ERROR] ConditionMgr:805 - Attr not supported : Dmpu
2025-05-06 10:42:30,328 [ERROR] ConditionMgr:805 - Attr not supported : Dmpu
2025-05-06 10:42:30,328 [ERROR] ConditionMgr:805 - Attr not supported : Dmpu
2025-05-06 10:42:30,328 [ERROR] ConditionMgr:805 - Attr not supported : Dmpu
2025-05-06 10:42:30,328 [ERROR] ConditionMgr:805 - Attr not supported : Dmpu
2025-05-06 10:42:30,329 [ERROR] ConditionMgr:805 - Attr not supported : Dmpu
2025-05-06 10:42:30,329 [ERROR] ConditionMgr:805 - Attr not supported : Dmpu
2025-05-06 10:42:30,329 [ERROR] ConditionMgr:805 - Attr not supported : Dmpu
2025-05-06 10:42:30,329 [ERROR] ConditionMgr:805 - Attr not supported : Dmpu
2025-05-06 10:42:30,329 [ERROR] ConditionMgr:805 - Attr not supported : Dmpu
2025-05-06 10:42:30,329 [ERROR] ConditionMgr:805 - Attr not supported : Dmpu
2025-05-06 10:42:30,329 [ERROR] ConditionMgr:805 - Attr not supported : Dmpu
2025-05-06 10:42:30,330 [ERROR] ConditionMgr:805 - Attr not supported : Dmpu
2025-05-06 10:42:30,330 [ERROR] ConditionMgr:805 - Attr not supported : Dmpu
2025-05-06 10:42:30,330 [ERROR] ConditionMgr:805 - Attr not supported : Dmpu
2025-05-06 10:42:30,330 [ERROR] ConditionMgr:805 - Attr not supported : Dmpu
2025-05-06 10:42:30,330 [ERROR] ConditionMgr:805 - Attr not supported : Dmpu
2025-05-06 10:42:30,330 [ERROR] ConditionMgr:805 - Attr not supported : Dmpu
2025-05-06 10:42:30,330 [ERROR] ConditionMgr:805 - Attr not supported : Dmpu
2025-05-06 10:42:30,330 [ERROR] ConditionMgr:805 - Attr not supported : Dmpu
2025-05-06 10:42:30,330 [ERROR] ConditionMgr:805 - Attr not supported : Dmpu
2025-05-06 10:42:30,331 [ERROR] ConditionMgr:805 - Attr not supported : Dmpu
2025-05-06 10:42:30,331 [ERROR] ConditionMgr:805 - Attr not supported : Dmpu
2025-05-06 10:42:30,331 [ERROR] ConditionMgr:805 - Attr not supported : Dmpu
2025-05-06 10:42:30,331 [ERROR] ConditionMgr:805 - Attr not supported : Dmpu
2025-05-06 10:42:30,331 [ERROR] ConditionMgr:805 - Attr not supported : Dmpu
2025-05-06 10:42:30,331 [ERROR] ConditionMgr:805 - Attr not supported : Dmpu
2025-05-06 10:42:30,331 [ERROR] ConditionMgr:805 - Attr not supported : Dmpu
2025-05-06 10:42:30,331 [ERROR] ConditionMgr:805 - Attr not supported : Dmpu
2025-05-06 10:42:30,332 [ERROR] ConditionMgr:805 - Attr not supported : Dmpu
2025-05-06 10:42:30,332 [ERROR] ConditionMgr:805 - Attr not supported : Dmpu
2025-05-06 10:42:30,332 [ERROR] ConditionMgr:805 - Attr not supported : Dmpu
2025-05-06 10:42:30,332 [ERROR] ConditionMgr:805 - Attr not supported : Dmpu
2025-05-06 10:42:30,332 [ERROR] ConditionMgr:805 - Attr not supported : Dmpu
2025-05-06 10:42:30,332 [ERROR] ConditionMgr:805 - Attr not supported : Dmpu
2025-05-06 10:42:30,332 [ERROR] ConditionMgr:805 - Attr not supported : Dmpu
2025-05-06 10:42:30,333 [ERROR] ConditionMgr:805 - Attr not supported : Dmpu
2025-05-06 10:42:30,333 [ERROR] ConditionMgr:805 - Attr not supported : Dmpu
2025-05-06 10:42:30,333 [ERROR] ConditionMgr:805 - Attr not supported : Dmpu
2025-05-06 10:42:30,333 [ERROR] ConditionMgr:805 - Attr not supported : Dmpu
2025-05-06 10:42:30,333 [ERROR] ConditionMgr:805 - Attr not supported : Dmpu
2025-05-06 10:42:30,333 [ERROR] ConditionMgr:805 - Attr not supported : Dmpu
2025-05-06 10:42:30,333 [ERROR] ConditionMgr:805 - Attr not supported : Dmpu
2025-05-06 10:42:30,333 [ERROR] ConditionMgr:805 - Attr not supported : Dmpu
2025-05-06 10:42:30,333 [ERROR] ConditionMgr:805 - Attr not supported : Dmpu
2025-05-06 10:42:30,333 [ERROR] ConditionMgr:805 - Attr not supported : Dmpu
2025-05-06 10:42:30,334 [ERROR] ConditionMgr:805 - Attr not supported : Dmpu
2025-05-06 10:42:30,334 [ERROR] ConditionMgr:805 - Attr not supported : Dmpu
2025-05-06 10:42:30,334 [ERROR] ConditionMgr:805 - Attr not supported : Dmpu
2025-05-06 10:42:30,334 [ERROR] ConditionMgr:805 - Attr not supported : Dmpu
2025-05-06 10:42:30,334 [ERROR] ConditionMgr:805 - Attr not supported : Dmpu
2025-05-06 10:42:30,334 [ERROR] ConditionMgr:805 - Attr not supported : Dmpu
2025-05-06 10:42:30,334 [ERROR] ConditionMgr:805 - Attr not supported : Dmpu
2025-05-06 10:42:30,334 [ERROR] ConditionMgr:805 - Attr not supported : Dmpu
2025-05-06 10:42:30,334 [ERROR] ConditionMgr:805 - Attr not supported : Dmpu
2025-05-06 10:42:30,334 [ERROR] ConditionMgr:805 - Attr not supported : Dmpu
2025-05-06 10:42:30,334 [ERROR] ConditionMgr:805 - Attr not supported : Dmpu
2025-05-06 10:42:30,335 [ERROR] ConditionMgr:805 - Attr not supported : Dmpu
2025-05-06 10:42:30,335 [ERROR] ConditionMgr:805 - Attr not supported : Dmpu
2025-05-06 10:42:30,335 [ERROR] ConditionMgr:805 - Attr not supported : Dmpu
2025-05-06 10:42:30,335 [ERROR] ConditionMgr:805 - Attr not supported : Dmpu
2025-05-06 10:42:30,335 [ERROR] ConditionMgr:805 - Attr not supported : Dmpu
2025-05-06 10:42:30,356 [WARN] PackLoader:240 - Cannot read IP mode file for STMicroelectronics.X-CUBE-WB05N.2.0.0
2025-05-06 10:42:30,380 [ERROR] Engine:466 - C:\Users\hyeon\.stm32cubemx\thirdparties\pdsc\STMicroelectronics.X-CUBE-TCPP.4.2.0.pdsc: PDSC version is not supported
2025-05-06 10:42:30,402 [WARN] PackLoader:240 - Cannot read IP mode file for RealThread.X-CUBE-RT-Thread_Nano.4.1.1
2025-05-06 10:42:30,423 [WARN] PackLoader:240 - Cannot read IP mode file for wolfSSL.I-CUBE-wolfSSL.5.7.0
2025-05-06 10:42:30,430 [WARN] PackLoader:240 - Cannot read IP mode file for STMicroelectronics.FP-ATR-SIGFOX1.3.2.0
2025-05-06 10:42:30,438 [WARN] ConditionMgr:438 - getConditionDescription Invalid condition id : Cortex-A Device cause : null
2025-05-06 10:42:30,471 [WARN] ConditionMgr:1039 - genDependencies : Invalid condition id : Cortex-A Device cause : null
2025-05-06 10:42:30,472 [WARN] ConditionMgr:1039 - genDependencies : Invalid condition id : Cortex-A Device cause : null
2025-05-06 10:42:30,472 [WARN] ConditionMgr:1039 - genDependencies : Invalid condition id : Cortex-A Device cause : null
2025-05-06 10:42:30,498 [WARN] PackLoader:240 - Cannot read IP mode file for STMicroelectronics.X-CUBE-EEPRMA1.5.1.0
2025-05-06 10:42:30,524 [WARN] PackLoader:240 - Cannot read IP mode file for ITTIA_DB.I-CUBE-ITTIADB.8.9.0
2025-05-06 10:42:30,598 [WARN] PackLoader:240 - Cannot read IP mode file for SEGGER.I-CUBE-embOS.1.3.1
2025-05-06 10:42:30,688 [WARN] PackLoader:240 - Cannot read IP mode file for STMicroelectronics.X-CUBE-ALGOBUILD.1.4.0
2025-05-06 10:42:30,709 [WARN] PackLoader:240 - Cannot read IP mode file for STMicroelectronics.X-CUBE-AI.9.1.0
2025-05-06 10:42:30,736 [WARN] PackLoader:240 - Cannot read IP mode file for STMicroelectronics.X-CUBE-GNSS1.6.0.0
2025-05-06 10:42:30,796 [WARN] PackLoader:240 - Cannot read IP mode file for STMicroelectronics.X-CUBE-AZRTOS-F4.1.1.0
2025-05-06 10:42:30,802 [ERROR] Engine:466 - C:\Users\hyeon\.stm32cubemx\thirdparties\pdsc\Avnet-IotConnect.X-CUBE-IoTC-DA16k-PMOD.1.0.0.pdsc: PDSC version is not supported
2025-05-06 10:42:30,821 [WARN] PackLoader:240 - Cannot read IP mode file for STMicroelectronics.X-CUBE-ISPU.2.1.0
2025-05-06 10:42:30,845 [WARN] PackLoader:240 - Cannot read IP mode file for STMicroelectronics.X-CUBE-FREERTOS.1.2.0
2025-05-06 10:42:30,900 [WARN] PackLoader:240 - Cannot read IP mode file for STMicroelectronics.X-CUBE-AZRTOS-L5.2.0.0
2025-05-06 10:42:30,932 [WARN] PackLoader:240 - Cannot read IP mode file for STMicroelectronics.X-CUBE-NFC6.3.1.0
2025-05-06 10:42:30,954 [WARN] PackLoader:240 - Cannot read IP mode file for STMicroelectronics.X-CUBE-DPower.1.2.0
2025-05-06 10:42:30,973 [WARN] PackLoader:240 - Cannot read IP mode file for STMicroelectronics.X-CUBE-AI.9.0.0
2025-05-06 10:42:30,990 [WARN] PackLoader:240 - Cannot read IP mode file for STMicroelectronics.X-CUBE-FREERTOS.1.3.0
2025-05-06 10:42:31,009 [WARN] PackLoader:240 - Cannot read IP mode file for STMicroelectronics.X-CUBE-NFC7.1.0.1
2025-05-06 10:42:31,018 [WARN] PackLoader:240 - Cannot read IP mode file for wolfSSL.I-CUBE-wolfTPM.3.2.0
2025-05-06 10:42:31,036 [WARN] PackLoader:240 - Cannot read IP mode file for STMicroelectronics.X-CUBE-DPower.1.3.0
2025-05-06 10:42:31,082 [WARN] ConditionMgr:438 - getConditionDescription Invalid condition id : LAN8742 Phy interface Condition cause : null
2025-05-06 10:42:31,083 [WARN] PackLoader:240 - Cannot read IP mode file for STMicroelectronics.X-CUBE-AZRTOS-L4.2.0.0
2025-05-06 10:42:31,084 [WARN] ConditionMgr:1039 - genDependencies : Invalid condition id : LAN8742 Phy interface Condition cause : null
2025-05-06 10:42:31,084 [WARN] ConditionMgr:1039 - genDependencies : Invalid condition id : LAN8742 Phy interface Condition cause : null
2025-05-06 10:42:31,084 [WARN] ConditionMgr:1039 - genDependencies : Invalid condition id : LAN8742 Phy interface Condition cause : null
2025-05-06 10:42:31,109 [WARN] PackLoader:240 - Cannot read IP mode file for STMicroelectronics.X-CUBE-SFXS2LP1.4.0.0
2025-05-06 10:42:31,164 [WARN] PackLoader:240 - Cannot read IP mode file for STMicroelectronics.X-CUBE-AZRTOS-H7.3.3.0
2025-05-06 10:42:31,207 [WARN] ConditionMgr:438 - getConditionDescription Invalid condition id : UX DEVICE CLASS RTOS Condition cause : null
2025-05-06 10:42:31,207 [WARN] ConditionMgr:438 - getConditionDescription Invalid condition id : UX DEVICE CLASS RTOS Condition cause : null
2025-05-06 10:42:31,210 [WARN] PackLoader:240 - Cannot read IP mode file for STMicroelectronics.X-CUBE-AZRTOS-WB.2.0.0
2025-05-06 10:42:31,210 [WARN] ConditionMgr:1039 - genDependencies : Invalid condition id : UX DEVICE CLASS RTOS Condition cause : null
2025-05-06 10:42:31,210 [WARN] ConditionMgr:1039 - genDependencies : Invalid condition id : UX DEVICE CLASS RTOS Condition cause : null
2025-05-06 10:42:31,211 [WARN] ConditionMgr:1039 - genDependencies : Invalid condition id : UX DEVICE CLASS RTOS Condition cause : null
2025-05-06 10:42:31,211 [WARN] ConditionMgr:1039 - genDependencies : Invalid condition id : UX DEVICE CLASS RTOS Condition cause : null
2025-05-06 10:42:31,211 [WARN] ConditionMgr:1039 - genDependencies : Invalid condition id : UX DEVICE CLASS RTOS Condition cause : null
2025-05-06 10:42:31,231 [WARN] PackLoader:240 - Cannot read IP mode file for STMicroelectronics.X-CUBE-GNSS1.7.0.1
2025-05-06 10:42:31,252 [WARN] PackLoader:240 - Cannot read IP mode file for STMicroelectronics.X-CUBE-TOUCHGFX.4.25.0
2025-05-06 10:42:31,279 [WARN] PackLoader:240 - Cannot read IP mode file for STMicroelectronics.FP-SNS-STBOX1.2.0.0
2025-05-06 10:42:31,318 [WARN] PackLoader:240 - Cannot read IP mode file for STMicroelectronics.X-CUBE-SUBG2.5.0.0
2025-05-06 10:42:31,373 [WARN] PackLoader:240 - Cannot read IP mode file for STMicroelectronics.X-CUBE-AZRTOS-H7RS.1.1.0
2025-05-06 10:42:31,383 [WARN] PackLoader:240 - Cannot read IP mode file for Cesanta.I-CUBE-Mongoose.7.13.0
2025-05-06 10:42:31,423 [WARN] PackLoader:240 - Cannot read IP mode file for STMicroelectronics.X-CUBE-AZRTOS-G4.2.0.0
2025-05-06 10:42:31,429 [WARN] PackLoader:240 - Cannot read IP mode file for STMicroelectronics.X-CUBE-NFC7.2.0.0
2025-05-06 10:42:31,447 [WARN] PackLoader:240 - Cannot read IP mode file for STMicroelectronics.X-CUBE-ISPU.2.0.0
2025-05-06 10:42:31,473 [ERROR] Engine:466 - C:\Users\hyeon\.stm32cubemx\thirdparties\pdsc\STMicroelectronics.X-CUBE-IPS.3.1.0.pdsc: PDSC version is not supported
2025-05-06 10:42:31,492 [WARN] PackLoader:240 - Cannot read IP mode file for STMicroelectronics.X-CUBE-ALS.1.0.2
2025-05-06 10:42:31,560 [WARN] PackLoader:240 - Cannot read IP mode file for STMicroelectronics.X-CUBE-MEMS1.10.0.0
2025-05-06 10:42:31,733 [WARN] PackLoader:240 - Cannot read IP mode file for STMicroelectronics.X-CUBE-TOUCHGFX.4.24.0
2025-05-06 10:42:31,752 [WARN] PackLoader:240 - Cannot read IP mode file for STMicroelectronics.X-CUBE-TOUCHGFX.4.24.2
2025-05-06 10:42:31,775 [WARN] PackLoader:240 - Cannot read IP mode file for portGmbH.I-Cube-SoM-uGOAL.1.1.0
2025-05-06 10:42:31,814 [WARN] PackLoader:240 - Cannot read IP mode file for STMicroelectronics.X-CUBE-AZRTOS-H7RS.1.0.0
2025-05-06 10:42:31,834 [WARN] PackLoader:240 - Cannot read IP mode file for STMicroelectronics.FP-ATR-ASTRA1.2.0.0
2025-05-06 10:42:31,868 [WARN] PackLoader:240 - Cannot read IP mode file for STMicroelectronics.X-CUBE-TOF1.3.4.2
2025-05-06 10:42:31,901 [ERROR] Engine:466 - C:\Users\hyeon\.stm32cubemx\thirdparties\pdsc\STMicroelectronics.X-CUBE-TOF1.3.4.3.pdsc: PDSC version is not supported
2025-05-06 10:42:31,933 [WARN] PackLoader:240 - Cannot read IP mode file for STMicroelectronics.X-CUBE-TOF1.3.4.1
2025-05-06 10:42:31,991 [WARN] PackLoader:240 - Cannot read IP mode file for STMicroelectronics.X-CUBE-AZRTOS-H7.3.2.0
2025-05-06 10:42:32,036 [WARN] PackLoader:240 - Cannot read IP mode file for Infineon.AIROC-Wi-Fi-Bluetooth-STM32.1.6.0
2025-05-06 10:42:32,046 [WARN] PackLoader:240 - Cannot read IP mode file for wolfSSL.I-CUBE-wolfSSH.1.4.17
2025-05-06 10:42:32,046 [INFO] ThirdParty:978 - Integrity check success = true
2025-05-06 10:42:32,047 [INFO] IntegrityCheckThread:100 - exiting critical section [integrity check]
2025-05-06 10:42:32,047 [INFO] IntegrityCheckThread:103 - End integrity checks thread
2025-05-06 11:05:17,961 [INFO] WebApp:189 - Connection lost
2025-05-06 11:05:18,282 [INFO] WebApp:186 - Connection restablished
2025-05-06 11:36:15,438 [INFO] WebApp:189 - Connection lost
2025-05-06 11:36:15,661 [INFO] WebApp:186 - Connection restablished
2025-05-06 12:11:19,624 [INFO] WebApp:189 - Connection lost
2025-05-06 12:11:19,960 [INFO] WebApp:186 - Connection restablished
2025-05-06 12:42:15,893 [INFO] WebApp:189 - Connection lost
2025-05-06 12:42:16,099 [INFO] WebApp:186 - Connection restablished
2025-05-06 13:12:56,407 [INFO] WebApp:189 - Connection lost
2025-05-06 13:12:56,637 [INFO] WebApp:186 - Connection restablished
2025-05-06 13:43:48,376 [INFO] WebApp:189 - Connection lost
2025-05-06 13:43:48,586 [INFO] WebApp:186 - Connection restablished
2025-05-06 14:08:05,377 [INFO] WebApp:189 - Connection lost
2025-05-06 14:08:05,565 [INFO] WebApp:186 - Connection restablished
2025-05-06 14:13:59,879 [INFO] WebApp:189 - Connection lost
2025-05-06 14:14:00,084 [INFO] WebApp:186 - Connection restablished
2025-05-06 14:33:55,637 [ERROR] LogOutputStream:75 - [STDERR_REDIRECT] 
