2025-05-07 10:48:17,772 [INFO] Activator:176 - 


2025-05-07 10:48:17,779 [INFO] Activator:177 - !SESSION log4j initialized
2025-05-07 10:48:29,172 [INFO] LogOutputStream:77 - [STDOUT_REDIRECT] 
2025-05-07 10:48:33,879 [INFO] ApplicationProperties:184 - Using Application install path: C:\ST\STM32CubeIDE_1.16.0\STM32CubeIDE\plugins\com.st.stm32cube.common.mx_6.12.0.202406281431
2025-05-07 10:48:33,909 [INFO] DbMcusXml:78 - Set database path to: C:\ST\STM32CubeIDE_1.16.0\STM32CubeIDE\plugins\com.st.stm32cube.common.mx_6.12.0.202406281431\\db\/mcu/
2025-05-07 10:48:33,909 [INFO] ApiDb:274 - Set plugin database path to: C:\ST\STM32CubeIDE_1.16.0\STM32CubeIDE\plugins\com.st.stm32cube.common.mx_6.12.0.202406281431\\db\/plugins/boardmanager/
2025-05-07 10:48:33,911 [WARN] ApiDb:259 - Overriding images path with different value:  => C:\ST\STM32CubeIDE_1.16.0\STM32CubeIDE\plugins\com.st.stm32cube.common.mx_6.12.0.202406281431\\db\/plugins/mcufinder/images/
2025-05-07 10:48:33,933 [INFO] ApiDb:250 - Set database path to: C:\Users\hyeon\.stmcufinder\plugins\mcufinder//mcu/
2025-05-07 10:48:33,934 [INFO] DbMcusAds:125 - Set database path to: C:\Users\hyeon\.stmcufinder\plugins\mcufinder//mcu/
2025-05-07 10:48:33,939 [INFO] CrossReferenceDbSqlite:203 - Set database path to: C:\Users\hyeon\.stmcufinder\plugins\mcufinder//mcu/cs/
2025-05-07 10:48:34,150 [INFO] RulesReader:64 - Compatibility file has been processed (297 Rules)
2025-05-07 10:48:34,294 [INFO] DbMcusXml:78 - Set database path to: C:\ST\STM32CubeIDE_1.16.0\STM32CubeIDE\plugins\com.st.stm32cube.common.mx_6.12.0.202406281431\\db\/mcu/
2025-05-07 10:48:34,294 [INFO] ApiDb:274 - Set plugin database path to: C:\ST\STM32CubeIDE_1.16.0\STM32CubeIDE\plugins\com.st.stm32cube.common.mx_6.12.0.202406281431\\db\/plugins/boardmanager/
2025-05-07 10:48:34,295 [INFO] ApiDb:261 - Set plugin images path to: C:\ST\STM32CubeIDE_1.16.0\STM32CubeIDE\plugins\com.st.stm32cube.common.mx_6.12.0.202406281431\\db\/plugins/mcufinder/images/
2025-05-07 10:48:34,295 [WARN] DbFile:41 - Overriding database path with different value: C:\Users\hyeon\.stmcufinder\plugins\mcufinder/ => C:\Users\hyeon\.stmcufinder\plugins\mcufinder
2025-05-07 10:48:34,295 [INFO] ApiDb:250 - Set database path to: C:\Users\hyeon\.stmcufinder\plugins\mcufinder//mcu/
2025-05-07 10:48:34,295 [WARN] DbFile:41 - Overriding database path with different value: C:\Users\hyeon\.stmcufinder\plugins\mcufinder/ => C:\Users\hyeon\.stmcufinder\plugins\mcufinder
2025-05-07 10:48:34,295 [INFO] DbMcusAds:125 - Set database path to: C:\Users\hyeon\.stmcufinder\plugins\mcufinder//mcu/
2025-05-07 10:48:34,295 [WARN] DbFile:41 - Overriding database path with different value: C:\Users\hyeon\.stmcufinder\plugins\mcufinder/ => C:\Users\hyeon\.stmcufinder\plugins\mcufinder
2025-05-07 10:48:34,295 [WARN] DbFile:41 - Overriding database path with different value: C:\Users\hyeon\.stmcufinder\plugins\mcufinder/ => C:\Users\hyeon\.stmcufinder\plugins\mcufinder
2025-05-07 10:48:34,296 [INFO] CrossReferenceDbSqlite:203 - Set database path to: C:\Users\hyeon\.stmcufinder\plugins\mcufinder//mcu/cs/
2025-05-07 10:48:34,408 [INFO] MainPanel:268 - HeapMemory: 268435456
2025-05-07 10:48:34,547 [INFO] DbMcusXml:78 - Set database path to: C:\ST\STM32CubeIDE_1.16.0\STM32CubeIDE\plugins\com.st.stm32cube.common.mx_6.12.0.202406281431\\db\/mcu/
2025-05-07 10:48:34,547 [INFO] ApiDb:274 - Set plugin database path to: C:\ST\STM32CubeIDE_1.16.0\STM32CubeIDE\plugins\com.st.stm32cube.common.mx_6.12.0.202406281431\\db\/plugins/boardmanager/
2025-05-07 10:48:34,547 [INFO] ApiDb:261 - Set plugin images path to: C:\ST\STM32CubeIDE_1.16.0\STM32CubeIDE\plugins\com.st.stm32cube.common.mx_6.12.0.202406281431\\db\/plugins/mcufinder/images/
2025-05-07 10:48:34,549 [WARN] DbFile:41 - Overriding database path with different value: C:\Users\hyeon\.stmcufinder\plugins\mcufinder/ => C:\Users\hyeon\.stmcufinder\plugins\mcufinder
2025-05-07 10:48:34,549 [INFO] ApiDb:250 - Set database path to: C:\Users\hyeon\.stmcufinder\plugins\mcufinder//mcu/
2025-05-07 10:48:34,549 [WARN] DbFile:41 - Overriding database path with different value: C:\Users\hyeon\.stmcufinder\plugins\mcufinder/ => C:\Users\hyeon\.stmcufinder\plugins\mcufinder
2025-05-07 10:48:34,549 [INFO] DbMcusAds:125 - Set database path to: C:\Users\hyeon\.stmcufinder\plugins\mcufinder//mcu/
2025-05-07 10:48:34,549 [WARN] DbFile:41 - Overriding database path with different value: C:\Users\hyeon\.stmcufinder\plugins\mcufinder/ => C:\Users\hyeon\.stmcufinder\plugins\mcufinder
2025-05-07 10:48:34,549 [WARN] DbFile:41 - Overriding database path with different value: C:\Users\hyeon\.stmcufinder\plugins\mcufinder/ => C:\Users\hyeon\.stmcufinder\plugins\mcufinder
2025-05-07 10:48:34,549 [INFO] CrossReferenceDbSqlite:203 - Set database path to: C:\Users\hyeon\.stmcufinder\plugins\mcufinder//mcu/cs/
2025-05-07 10:48:34,573 [INFO] ApplicationProperties:184 - Using Application install path: C:\ST\STM32CubeIDE_1.16.0\STM32CubeIDE\plugins\com.st.stm32cube.common.mx_6.12.0.202406281431
2025-05-07 10:48:34,574 [INFO] PluginManage:196 - Search for loadable plugins [exclusion list=, ]
2025-05-07 10:48:34,577 [INFO] PluginManage:310 - Check plugin analytics
2025-05-07 10:48:34,933 [INFO] AnalyticsPlugin:253 - Accepted Software Licenses: STM32CubeMX.6.12.0,STM32CubeMX.6.13.0
2025-05-07 10:48:34,934 [INFO] AnalyticsPlugin:255 - Accepted CMSIS Pack Licenses: 
2025-05-07 10:48:34,934 [INFO] AnalyticsPlugin:257 - Accepted Firmware Licenses: FW.H7.1.11.0,FW.MP2.1.0.0,FW.MP13.1.1.0
2025-05-07 10:48:34,940 [INFO] PluginManage:359 - Loaded plugin analytics (category:tool,tabindex:-1)
2025-05-07 10:48:34,941 [INFO] PluginManage:310 - Check plugin cadmodel
2025-05-07 10:48:34,983 [INFO] CADModel:105 - Init CAD model plugin
2025-05-07 10:48:34,983 [INFO] PluginManage:359 - Loaded plugin cadmodel (category:power,tabindex:5)
2025-05-07 10:48:34,985 [INFO] PluginManage:310 - Check plugin clock
2025-05-07 10:48:35,022 [INFO] PluginManage:359 - Loaded plugin clock (category:base,tabindex:2)
2025-05-07 10:48:35,023 [INFO] PluginManage:310 - Check plugin ddr
2025-05-07 10:48:35,026 [INFO] PluginManage:359 - Loaded plugin ddr (category:tool,tabindex:6)
2025-05-07 10:48:35,026 [INFO] PluginManage:310 - Check plugin filemanager
2025-05-07 10:48:35,338 [INFO] PluginManage:359 - Loaded plugin filemanager (category:base,tabindex:10)
2025-05-07 10:48:35,338 [INFO] PluginManage:310 - Check plugin ipmanager
2025-05-07 10:48:35,348 [INFO] PluginManage:359 - Loaded plugin ipmanager (category:base,tabindex:5)
2025-05-07 10:48:35,348 [INFO] PluginManage:310 - Check plugin lpbam
2025-05-07 10:48:35,376 [INFO] PluginManage:359 - Loaded plugin lpbam (category:base,tabindex:0)
2025-05-07 10:48:35,376 [INFO] PluginManage:310 - Check plugin memorymap
2025-05-07 10:48:35,411 [INFO] PluginManage:359 - Loaded plugin memorymap (category:base,tabindex:4)
2025-05-07 10:48:35,411 [INFO] PluginManage:310 - Check plugin pinoutandconfiguration
2025-05-07 10:48:35,439 [INFO] PluginManage:359 - Loaded plugin pinoutandconfiguration (category:base,tabindex:1)
2025-05-07 10:48:35,439 [INFO] PluginManage:310 - Check plugin pinoutconfig
2025-05-07 10:48:35,590 [WARN] SupportedApi:132 - Cannot load RTOS API schema: s4s-elt-must-match.1: The content of 'definitions' must match (annotation?, (simpleType | complexType)?, (unique | key | keyref)*)). A problem was found starting at: attribute.
2025-05-07 10:48:35,813 [INFO] PluginManage:359 - Loaded plugin pinoutconfig (category:base,tabindex:0)
2025-05-07 10:48:35,814 [INFO] PluginManage:310 - Check plugin power
2025-05-07 10:48:35,849 [INFO] PluginManage:359 - Loaded plugin power (category:power,tabindex:4)
2025-05-07 10:48:35,850 [INFO] PluginManage:310 - Check plugin projectmanager
2025-05-07 10:48:35,871 [INFO] PluginManage:359 - Loaded plugin projectmanager (category:projectmanager,tabindex:4)
2025-05-07 10:48:35,871 [INFO] PluginManage:310 - Check plugin rif
2025-05-07 10:48:35,894 [INFO] PluginManage:359 - Loaded plugin rif (category:base,tabindex:3)
2025-05-07 10:48:35,894 [INFO] PluginManage:310 - Check plugin thirdparty
2025-05-07 10:48:36,331 [WARN] IntegrityCheckThread:84 - waiting for thirdparty lock release [integrity check]
2025-05-07 10:48:36,331 [INFO] IntegrityCheckThread:86 - entering critical section [integrity check]
2025-05-07 10:48:36,333 [INFO] PluginManage:359 - Loaded plugin thirdparty (category:base,tabindex:-1)
2025-05-07 10:48:36,333 [INFO] PluginManage:310 - Check plugin tools
2025-05-07 10:48:36,334 [INFO] ThirdPartyUpdaterWithRetryManager:70 - Updater plugin not ready yet. [1/15]
2025-05-07 10:48:36,390 [INFO] PluginManage:359 - Loaded plugin tools (category:base,tabindex:7)
2025-05-07 10:48:36,391 [INFO] PluginManage:310 - Check plugin tutovideos
2025-05-07 10:48:36,671 [INFO] PluginManage:359 - Loaded plugin tutovideos (category:base,tabindex:-1)
2025-05-07 10:48:36,671 [INFO] PluginManage:310 - Check plugin updater
2025-05-07 10:48:36,695 [INFO] PluginManage:359 - Loaded plugin updater (category:base,tabindex:12)
2025-05-07 10:48:36,695 [INFO] PluginManage:310 - Check plugin userauth
2025-05-07 10:48:36,704 [INFO] UserAuth:113 - Init User Auth plugin
2025-05-07 10:48:36,705 [INFO] PluginManage:359 - Loaded plugin userauth (category:base,tabindex:14)
2025-05-07 10:48:36,706 [INFO] PluginManage:283 - PluginManage : Loaded plugins [18]
2025-05-07 10:48:36,991 [INFO] PinOutPanel:1561 - setPackage(No Configuration,No Configuration)
2025-05-07 10:48:37,112 [INFO] CADModel:165 - CPN selected for project level
2025-05-07 10:48:37,112 [INFO] CADModel:114 - Register for checkConnection events
2025-05-07 10:48:37,148 [INFO] IPUIPlugin:80 - create IPUIPlugin
2025-05-07 10:48:37,149 [INFO] PluginManager:220 - loadIPPluginJar : add adc
2025-05-07 10:48:37,207 [INFO] IPUIPlugin:80 - create IPUIPlugin
2025-05-07 10:48:37,208 [INFO] PluginManager:220 - loadIPPluginJar : add aes
2025-05-07 10:48:37,278 [INFO] IPUIPlugin:80 - create IPUIPlugin
2025-05-07 10:48:37,278 [INFO] PluginManager:220 - loadIPPluginJar : add can
2025-05-07 10:48:37,318 [INFO] IPUIPlugin:80 - create IPUIPlugin
2025-05-07 10:48:37,318 [INFO] PluginManager:220 - loadIPPluginJar : add comp
2025-05-07 10:48:37,374 [INFO] IPUIPlugin:80 - create IPUIPlugin
2025-05-07 10:48:37,374 [INFO] PluginManager:220 - loadIPPluginJar : add cryp
2025-05-07 10:48:37,396 [INFO] IPUIPlugin:80 - create IPUIPlugin
2025-05-07 10:48:37,396 [INFO] PluginManager:220 - loadIPPluginJar : add ddr_ctrl_phy
2025-05-07 10:48:37,449 [INFO] IPUIPlugin:80 - create IPUIPlugin
2025-05-07 10:48:37,449 [INFO] PluginManager:220 - loadIPPluginJar : add dfsdm
2025-05-07 10:48:37,477 [INFO] IPUIPlugin:80 - create IPUIPlugin
2025-05-07 10:48:37,477 [INFO] PluginManager:220 - loadIPPluginJar : add dma
2025-05-07 10:48:37,549 [INFO] IPUIPlugin:80 - create IPUIPlugin
2025-05-07 10:48:37,550 [INFO] PluginManager:220 - loadIPPluginJar : add dma3
2025-05-07 10:48:37,627 [INFO] IPUIPlugin:80 - create IPUIPlugin
2025-05-07 10:48:37,627 [INFO] PluginManager:220 - loadIPPluginJar : add extmemmanager
2025-05-07 10:48:37,662 [INFO] IPUIPlugin:80 - create IPUIPlugin
2025-05-07 10:48:37,662 [INFO] PluginManager:220 - loadIPPluginJar : add fatfs
2025-05-07 10:48:37,740 [INFO] IPUIPlugin:80 - create IPUIPlugin
2025-05-07 10:48:37,740 [INFO] PluginManager:220 - loadIPPluginJar : add fmc
2025-05-07 10:48:37,764 [INFO] IPUIPlugin:80 - create IPUIPlugin
2025-05-07 10:48:37,764 [INFO] PluginManager:220 - loadIPPluginJar : add freertos
2025-05-07 10:48:37,800 [INFO] IPUIPlugin:80 - create IPUIPlugin
2025-05-07 10:48:37,800 [INFO] PluginManager:220 - loadIPPluginJar : add genericplugin
2025-05-07 10:48:37,953 [INFO] IPUIPlugin:80 - create IPUIPlugin
2025-05-07 10:48:37,954 [INFO] PluginManager:220 - loadIPPluginJar : add gfxmmu
2025-05-07 10:48:38,172 [INFO] IPUIPlugin:80 - create IPUIPlugin
2025-05-07 10:48:38,172 [INFO] PluginManager:220 - loadIPPluginJar : add gic
2025-05-07 10:48:38,197 [INFO] IPUIPlugin:80 - create IPUIPlugin
2025-05-07 10:48:38,197 [INFO] PluginManager:220 - loadIPPluginJar : add gpio
2025-05-07 10:48:38,370 [INFO] IPUIPlugin:80 - create IPUIPlugin
2025-05-07 10:48:38,370 [INFO] PluginManager:220 - loadIPPluginJar : add gtzc
2025-05-07 10:48:38,423 [INFO] IPUIPlugin:80 - create IPUIPlugin
2025-05-07 10:48:38,423 [INFO] PluginManager:220 - loadIPPluginJar : add hash
2025-05-07 10:48:38,510 [INFO] IPUIPlugin:80 - create IPUIPlugin
2025-05-07 10:48:38,510 [INFO] PluginManager:220 - loadIPPluginJar : add i2c
2025-05-07 10:48:38,632 [INFO] IPUIPlugin:80 - create IPUIPlugin
2025-05-07 10:48:38,632 [INFO] PluginManager:220 - loadIPPluginJar : add i2s
2025-05-07 10:48:38,701 [INFO] IPUIPlugin:80 - create IPUIPlugin
2025-05-07 10:48:38,701 [INFO] PluginManager:220 - loadIPPluginJar : add i3c
2025-05-07 10:48:38,877 [INFO] IPUIPlugin:80 - create IPUIPlugin
2025-05-07 10:48:38,877 [INFO] PluginManager:220 - loadIPPluginJar : add ipddr
2025-05-07 10:48:39,036 [INFO] IPUIPlugin:80 - create IPUIPlugin
2025-05-07 10:48:39,036 [INFO] PluginManager:220 - loadIPPluginJar : add linkedlist
2025-05-07 10:48:39,095 [INFO] IPUIPlugin:80 - create IPUIPlugin
2025-05-07 10:48:39,095 [INFO] PluginManager:220 - loadIPPluginJar : add lorawan
2025-05-07 10:48:39,163 [INFO] IPUIPlugin:80 - create IPUIPlugin
2025-05-07 10:48:39,163 [INFO] PluginManager:220 - loadIPPluginJar : add ltdc
2025-05-07 10:48:39,194 [INFO] IPUIPlugin:80 - create IPUIPlugin
2025-05-07 10:48:39,194 [INFO] PluginManager:220 - loadIPPluginJar : add mdma
2025-05-07 10:48:39,217 [INFO] IPUIPlugin:80 - create IPUIPlugin
2025-05-07 10:48:39,217 [INFO] PluginManager:220 - loadIPPluginJar : add nvic
2025-05-07 10:48:39,279 [INFO] IPUIPlugin:80 - create IPUIPlugin
2025-05-07 10:48:39,279 [INFO] PluginManager:220 - loadIPPluginJar : add opamp
2025-05-07 10:48:39,335 [INFO] ThirdPartyUpdaterWithRetryManager:70 - Updater plugin not ready yet. [2/15]
2025-05-07 10:48:39,382 [INFO] IPUIPlugin:80 - create IPUIPlugin
2025-05-07 10:48:39,383 [INFO] PluginManager:220 - loadIPPluginJar : add openamp
2025-05-07 10:48:39,461 [INFO] IPUIPlugin:80 - create IPUIPlugin
2025-05-07 10:48:39,462 [INFO] PluginManager:220 - loadIPPluginJar : add pdm2pcm
2025-05-07 10:48:39,485 [INFO] IPUIPlugin:80 - create IPUIPlugin
2025-05-07 10:48:39,488 [INFO] PluginManager:220 - loadIPPluginJar : add plateformsettings
2025-05-07 10:48:39,539 [INFO] IPUIPlugin:80 - create IPUIPlugin
2025-05-07 10:48:39,539 [INFO] PluginManager:220 - loadIPPluginJar : add quadspi
2025-05-07 10:48:39,587 [INFO] IPUIPlugin:80 - create IPUIPlugin
2025-05-07 10:48:39,588 [INFO] PluginManager:220 - loadIPPluginJar : add radio
2025-05-07 10:48:39,619 [INFO] IPUIPlugin:80 - create IPUIPlugin
2025-05-07 10:48:39,619 [INFO] PluginManager:220 - loadIPPluginJar : add resmgrutility
2025-05-07 10:48:39,702 [INFO] IPUIPlugin:80 - create IPUIPlugin
2025-05-07 10:48:39,702 [INFO] PluginManager:220 - loadIPPluginJar : add sai
2025-05-07 10:48:39,766 [INFO] IPUIPlugin:80 - create IPUIPlugin
2025-05-07 10:48:39,767 [INFO] PluginManager:220 - loadIPPluginJar : add spi
2025-05-07 10:48:39,911 [INFO] IPUIPlugin:80 - create IPUIPlugin
2025-05-07 10:48:39,912 [INFO] PluginManager:220 - loadIPPluginJar : add stm32_wpan
2025-05-07 10:48:39,951 [INFO] IPUIPlugin:80 - create IPUIPlugin
2025-05-07 10:48:39,951 [INFO] PluginManager:220 - loadIPPluginJar : add tim
2025-05-07 10:48:40,054 [INFO] IPUIPlugin:80 - create IPUIPlugin
2025-05-07 10:48:40,054 [INFO] PluginManager:220 - loadIPPluginJar : add touchsensing
2025-05-07 10:48:40,094 [INFO] IPUIPlugin:80 - create IPUIPlugin
2025-05-07 10:48:40,095 [INFO] PluginManager:220 - loadIPPluginJar : add tracer_emb
2025-05-07 10:48:40,174 [INFO] IPUIPlugin:80 - create IPUIPlugin
2025-05-07 10:48:40,174 [INFO] PluginManager:220 - loadIPPluginJar : add ts
2025-05-07 10:48:40,215 [INFO] IPUIPlugin:80 - create IPUIPlugin
2025-05-07 10:48:40,215 [INFO] PluginManager:220 - loadIPPluginJar : add tsc
2025-05-07 10:48:40,252 [INFO] IPUIPlugin:80 - create IPUIPlugin
2025-05-07 10:48:40,252 [INFO] PluginManager:220 - loadIPPluginJar : add ucpd
2025-05-07 10:48:40,326 [INFO] IPUIPlugin:80 - create IPUIPlugin
2025-05-07 10:48:40,326 [INFO] PluginManager:220 - loadIPPluginJar : add usart
2025-05-07 10:48:40,399 [INFO] IPUIPlugin:80 - create IPUIPlugin
2025-05-07 10:48:40,399 [INFO] PluginManager:220 - loadIPPluginJar : add usbx
2025-05-07 10:48:40,598 [INFO] CADModel:165 - CPN selected for project level
2025-05-07 10:48:40,598 [INFO] CADModel:114 - Register for checkConnection events
2025-05-07 10:48:40,598 [FATAL] Updater:334 - Updater called before beeing initialized
2025-05-07 10:48:40,598 [ERROR] CADModel:125 - Updater not yet initialized, retry later 
2025-05-07 10:48:40,786 [INFO] CADModel:165 - CPN selected for project level
2025-05-07 10:48:40,786 [INFO] CADModel:114 - Register for checkConnection events
2025-05-07 10:48:40,786 [FATAL] Updater:334 - Updater called before beeing initialized
2025-05-07 10:48:40,786 [ERROR] CADModel:125 - Updater not yet initialized, retry later 
2025-05-07 10:48:40,790 [FATAL] Updater:334 - Updater called before beeing initialized
2025-05-07 10:48:40,998 [FATAL] Updater:334 - Updater called before beeing initialized
2025-05-07 10:48:41,013 [INFO] DbMcusAds:53 - JSON generation date=Thu Mar 06 23:54:22 KST 2025 (1741272862078)
2025-05-07 10:48:41,013 [FATAL] Updater:334 - Updater called before beeing initialized
2025-05-07 10:48:41,070 [WARN] DetailPanel:346 - Failed to get advertising image, set to default
2025-05-07 10:48:41,244 [FATAL] Updater:334 - Updater called before beeing initialized
2025-05-07 10:48:41,246 [FATAL] Updater:334 - Updater called before beeing initialized
2025-05-07 10:48:41,247 [FATAL] Updater:334 - Updater called before beeing initialized
2025-05-07 10:48:41,247 [WARN] DetailPanel:346 - Failed to get advertising image, set to default
2025-05-07 10:48:41,248 [FATAL] Updater:334 - Updater called before beeing initialized
2025-05-07 10:48:41,349 [ERROR] Updater:1164 - MainUpdater not yet initialized. External WinMGr cannot be set.
2025-05-07 10:48:41,367 [INFO] Updater:1100 - Updater Version found : 6.12.0
2025-05-07 10:48:41,398 [INFO] ApplicationProperties:184 - Using Application install path: C:\ST\STM32CubeIDE_1.16.0\STM32CubeIDE\plugins\com.st.stm32cube.common.mx_6.12.0.202406281431
2025-05-07 10:48:42,317 [INFO] MainUpdater:2873 - connection check result : 10
2025-05-07 10:48:42,318 [INFO] MainUpdater:290 - Updater Check For Update Now.
2025-05-07 10:48:42,318 [INFO] MicroXplorer:498 - Change Database Version : DB.6.0.120
2025-05-07 10:48:42,336 [WARN] MainUpdater:1194 - Updater busy. Cannot search thirdparties
2025-05-07 10:48:42,336 [INFO] ThirdPartyUpdaterWithRetryManager:96 - Updater plugin is busy. [1/15]
2025-05-07 10:48:42,357 [INFO] McuFinderGlobals:63 - Set McuFinder mode to 2 (CubeIDE integrated)
2025-05-07 10:48:42,367 [INFO] UserAuth:417 - Internet connection configuration mode: 1
2025-05-07 10:48:42,515 [INFO] JxBrowserEngine:152 - Initiate JxBrowser Engine with user profile folder
2025-05-07 10:48:42,636 [INFO] CheckServerUpdateThread:120 - End of CheckServer Thread
2025-05-07 10:48:45,761 [WARN] PackLoader:240 - Cannot read IP mode file for STMicroelectronics.FP-SNS-MOTENVWB1.1.4.0
2025-05-07 10:48:45,785 [WARN] PackLoader:240 - Cannot read IP mode file for STMicroelectronics.FP-ATR-ASTRA1.2.0.2
2025-05-07 10:48:45,801 [WARN] PackLoader:240 - Cannot read IP mode file for STMicroelectronics.FP-ATR-ASTRA1.2.0.1
2025-05-07 10:48:45,829 [WARN] PackLoader:240 - Cannot read IP mode file for STMicroelectronics.X-CUBE-SMBUS.2.1.0
2025-05-07 10:48:45,850 [WARN] PackLoader:240 - Cannot read IP mode file for STMicroelectronics.X-CUBE-WB05N.1.1.0
2025-05-07 10:48:45,940 [WARN] PackLoader:240 - Cannot read IP mode file for STMicroelectronics.X-CUBE-AZRTOS-F7.1.1.0
2025-05-07 10:48:45,977 [WARN] PackLoader:240 - Cannot read IP mode file for STMicroelectronics.FP-SNS-FLIGHT1.5.0.2
2025-05-07 10:48:46,025 [WARN] PackLoader:240 - Cannot read IP mode file for STMicroelectronics.X-CUBE-DISPLAY.3.0.0
2025-05-07 10:48:46,052 [WARN] PackLoader:240 - Cannot read IP mode file for STMicroelectronics.X-CUBE-BLE1.7.0.0
2025-05-07 10:48:46,073 [WARN] PackLoader:240 - Cannot read IP mode file for STMicroelectronics.X-CUBE-NFC10.1.0.0
2025-05-07 10:48:46,100 [WARN] PackLoader:240 - Cannot read IP mode file for STMicroelectronics.X-CUBE-BLEMGR.4.0.0
2025-05-07 10:48:46,124 [WARN] PackLoader:240 - Cannot read IP mode file for emotas.I-CUBE-CANOPEN.1.3.0
2025-05-07 10:48:46,149 [WARN] PackLoader:240 - Cannot read IP mode file for STMicroelectronics.X-CUBE-BLEMGR.3.1.0
2025-05-07 10:48:46,176 [WARN] PackLoader:240 - Cannot read IP mode file for STMicroelectronics.X-CUBE-AI.10.0.0
2025-05-07 10:48:46,195 [WARN] PackLoader:240 - Cannot read IP mode file for STMicroelectronics.FP-SNS-SMARTAG2.1.2.0
2025-05-07 10:48:46,213 [ERROR] Engine:466 - C:\Users\hyeon\.stm32cubemx\thirdparties\pdsc\STMicroelectronics.FP-SNS-FLIGHT1.5.1.0.pdsc: PDSC version is not supported
2025-05-07 10:48:46,308 [WARN] PackLoader:240 - Cannot read IP mode file for STMicroelectronics.X-CUBE-MEMS1.11.1.0
2025-05-07 10:48:46,498 [INFO] LogOutputStream:77 - [STDOUT_REDIRECT] 1 : Invalid condition id : UX_CORESTACK_Condition cause : null
2025-05-07 10:48:46,499 [INFO] LogOutputStream:77 - [STDOUT_REDIRECT] 1 : Invalid condition id : UX_CORESTACK_Condition cause : null
2025-05-07 10:48:46,500 [INFO] LogOutputStream:77 - [STDOUT_REDIRECT] 1 : Invalid condition id : UX_CORESTACK_Condition cause : null
2025-05-07 10:48:46,502 [INFO] LogOutputStream:77 - [STDOUT_REDIRECT] 1 : Invalid condition id : UX_CORESTACK_Condition cause : null
2025-05-07 10:48:46,503 [INFO] LogOutputStream:77 - [STDOUT_REDIRECT] 1 : Invalid condition id : UX_CORESTACK_Condition cause : null
2025-05-07 10:48:46,512 [WARN] PackLoader:240 - Cannot read IP mode file for STMicroelectronics.X-CUBE-AZRTOS-WL.2.0.0
2025-05-07 10:48:46,535 [WARN] PackLoader:240 - Cannot read IP mode file for STMicroelectronics.FP-SNS-MOTENV1.5.0.0
2025-05-07 10:48:46,561 [WARN] PackLoader:240 - Cannot read IP mode file for wolfSSL.I-CUBE-wolfMQTT.1.19.0
2025-05-07 10:48:46,617 [WARN] PackLoader:240 - Cannot read IP mode file for WES.I-CUBE-Cesium.1.3.0
2025-05-07 10:48:46,639 [WARN] PackLoader:240 - Cannot read IP mode file for STMicroelectronics.X-CUBE-BLE2.3.3.0
2025-05-07 10:48:46,660 [WARN] PackLoader:240 - Cannot read IP mode file for STMicroelectronics.X-CUBE-NFC9.1.0.0
2025-05-07 10:48:46,677 [WARN] PackLoader:240 - Cannot read IP mode file for STMicroelectronics.X-CUBE-BLE1.7.1.0
2025-05-07 10:48:46,696 [WARN] PackLoader:240 - Cannot read IP mode file for STMicroelectronics.X-CUBE-TCPP.4.1.0
2025-05-07 10:48:46,787 [WARN] PackLoader:240 - Cannot read IP mode file for STMicroelectronics.X-CUBE-MEMS1.11.2.0
2025-05-07 10:48:46,970 [WARN] PackLoader:240 - Cannot read IP mode file for STMicroelectronics.X-CUBE-AZRTOS-G0.1.1.0
2025-05-07 10:48:47,347 [WARN] PackLoader:240 - Cannot read IP mode file for STMicroelectronics.X-CUBE-SAFEA1.1.2.2
2025-05-07 10:48:47,370 [WARN] PackLoader:240 - Cannot read IP mode file for STMicroelectronics.X-CUBE-NFC4.3.0.0
2025-05-07 10:48:47,397 [WARN] PackLoader:240 - Cannot read IP mode file for EmbeddedOffice.I-CUBE-FS-RTOS.1.0.1
2025-05-07 10:48:47,397 [ERROR] ConditionMgr:805 - Attr not supported : Dmpu
2025-05-07 10:48:47,398 [ERROR] ConditionMgr:805 - Attr not supported : Dmpu
2025-05-07 10:48:47,398 [ERROR] ConditionMgr:805 - Attr not supported : Dmpu
2025-05-07 10:48:47,398 [ERROR] ConditionMgr:805 - Attr not supported : Dmpu
2025-05-07 10:48:47,398 [ERROR] ConditionMgr:805 - Attr not supported : Dmpu
2025-05-07 10:48:47,398 [ERROR] ConditionMgr:805 - Attr not supported : Dmpu
2025-05-07 10:48:47,398 [ERROR] ConditionMgr:805 - Attr not supported : Dmpu
2025-05-07 10:48:47,398 [ERROR] ConditionMgr:805 - Attr not supported : Dmpu
2025-05-07 10:48:47,398 [ERROR] ConditionMgr:805 - Attr not supported : Dmpu
2025-05-07 10:48:47,398 [ERROR] ConditionMgr:805 - Attr not supported : Dmpu
2025-05-07 10:48:47,399 [ERROR] ConditionMgr:805 - Attr not supported : Dmpu
2025-05-07 10:48:47,399 [ERROR] ConditionMgr:805 - Attr not supported : Dmpu
2025-05-07 10:48:47,399 [ERROR] ConditionMgr:805 - Attr not supported : Dmpu
2025-05-07 10:48:47,399 [ERROR] ConditionMgr:805 - Attr not supported : Dmpu
2025-05-07 10:48:47,399 [ERROR] ConditionMgr:805 - Attr not supported : Dmpu
2025-05-07 10:48:47,399 [ERROR] ConditionMgr:805 - Attr not supported : Dmpu
2025-05-07 10:48:47,399 [ERROR] ConditionMgr:805 - Attr not supported : Dmpu
2025-05-07 10:48:47,399 [ERROR] ConditionMgr:805 - Attr not supported : Dmpu
2025-05-07 10:48:47,399 [ERROR] ConditionMgr:805 - Attr not supported : Dmpu
2025-05-07 10:48:47,399 [ERROR] ConditionMgr:805 - Attr not supported : Dmpu
2025-05-07 10:48:47,399 [ERROR] ConditionMgr:805 - Attr not supported : Dmpu
2025-05-07 10:48:47,400 [ERROR] ConditionMgr:805 - Attr not supported : Dmpu
2025-05-07 10:48:47,400 [ERROR] ConditionMgr:805 - Attr not supported : Dmpu
2025-05-07 10:48:47,400 [ERROR] ConditionMgr:805 - Attr not supported : Dmpu
2025-05-07 10:48:47,400 [ERROR] ConditionMgr:805 - Attr not supported : Dmpu
2025-05-07 10:48:47,400 [ERROR] ConditionMgr:805 - Attr not supported : Dmpu
2025-05-07 10:48:47,400 [ERROR] ConditionMgr:805 - Attr not supported : Dmpu
2025-05-07 10:48:47,400 [ERROR] ConditionMgr:805 - Attr not supported : Dmpu
2025-05-07 10:48:47,400 [ERROR] ConditionMgr:805 - Attr not supported : Dmpu
2025-05-07 10:48:47,400 [ERROR] ConditionMgr:805 - Attr not supported : Dmpu
2025-05-07 10:48:47,400 [ERROR] ConditionMgr:805 - Attr not supported : Dmpu
2025-05-07 10:48:47,400 [ERROR] ConditionMgr:805 - Attr not supported : Dmpu
2025-05-07 10:48:47,400 [ERROR] ConditionMgr:805 - Attr not supported : Dmpu
2025-05-07 10:48:47,401 [ERROR] ConditionMgr:805 - Attr not supported : Dmpu
2025-05-07 10:48:47,401 [ERROR] ConditionMgr:805 - Attr not supported : Dmpu
2025-05-07 10:48:47,401 [ERROR] ConditionMgr:805 - Attr not supported : Dmpu
2025-05-07 10:48:47,401 [ERROR] ConditionMgr:805 - Attr not supported : Dmpu
2025-05-07 10:48:47,401 [ERROR] ConditionMgr:805 - Attr not supported : Dmpu
2025-05-07 10:48:47,401 [ERROR] ConditionMgr:805 - Attr not supported : Dmpu
2025-05-07 10:48:47,401 [ERROR] ConditionMgr:805 - Attr not supported : Dmpu
2025-05-07 10:48:47,401 [ERROR] ConditionMgr:805 - Attr not supported : Dmpu
2025-05-07 10:48:47,401 [ERROR] ConditionMgr:805 - Attr not supported : Dmpu
2025-05-07 10:48:47,402 [ERROR] ConditionMgr:805 - Attr not supported : Dmpu
2025-05-07 10:48:47,402 [ERROR] ConditionMgr:805 - Attr not supported : Dmpu
2025-05-07 10:48:47,402 [ERROR] ConditionMgr:805 - Attr not supported : Dmpu
2025-05-07 10:48:47,402 [ERROR] ConditionMgr:805 - Attr not supported : Dmpu
2025-05-07 10:48:47,402 [ERROR] ConditionMgr:805 - Attr not supported : Dmpu
2025-05-07 10:48:47,402 [ERROR] ConditionMgr:805 - Attr not supported : Dmpu
2025-05-07 10:48:47,402 [ERROR] ConditionMgr:805 - Attr not supported : Dmpu
2025-05-07 10:48:47,402 [ERROR] ConditionMgr:805 - Attr not supported : Dmpu
2025-05-07 10:48:47,402 [ERROR] ConditionMgr:805 - Attr not supported : Dmpu
2025-05-07 10:48:47,402 [ERROR] ConditionMgr:805 - Attr not supported : Dmpu
2025-05-07 10:48:47,403 [ERROR] ConditionMgr:805 - Attr not supported : Dmpu
2025-05-07 10:48:47,403 [ERROR] ConditionMgr:805 - Attr not supported : Dmpu
2025-05-07 10:48:47,403 [ERROR] ConditionMgr:805 - Attr not supported : Dmpu
2025-05-07 10:48:47,403 [ERROR] ConditionMgr:805 - Attr not supported : Dmpu
2025-05-07 10:48:47,403 [ERROR] ConditionMgr:805 - Attr not supported : Dmpu
2025-05-07 10:48:47,403 [ERROR] ConditionMgr:805 - Attr not supported : Dmpu
2025-05-07 10:48:47,403 [ERROR] ConditionMgr:805 - Attr not supported : Dmpu
2025-05-07 10:48:47,404 [ERROR] ConditionMgr:805 - Attr not supported : Dmpu
2025-05-07 10:48:47,404 [ERROR] ConditionMgr:805 - Attr not supported : Dmpu
2025-05-07 10:48:47,404 [ERROR] ConditionMgr:805 - Attr not supported : Dmpu
2025-05-07 10:48:47,404 [ERROR] ConditionMgr:805 - Attr not supported : Dmpu
2025-05-07 10:48:47,404 [ERROR] ConditionMgr:805 - Attr not supported : Dmpu
2025-05-07 10:48:47,428 [WARN] PackLoader:240 - Cannot read IP mode file for STMicroelectronics.X-CUBE-WB05N.2.0.0
2025-05-07 10:48:47,449 [ERROR] Engine:466 - C:\Users\hyeon\.stm32cubemx\thirdparties\pdsc\STMicroelectronics.X-CUBE-TCPP.4.2.0.pdsc: PDSC version is not supported
2025-05-07 10:48:47,468 [WARN] PackLoader:240 - Cannot read IP mode file for RealThread.X-CUBE-RT-Thread_Nano.4.1.1
2025-05-07 10:48:47,486 [WARN] PackLoader:240 - Cannot read IP mode file for wolfSSL.I-CUBE-wolfSSL.5.7.0
2025-05-07 10:48:47,503 [WARN] PackLoader:240 - Cannot read IP mode file for STMicroelectronics.FP-ATR-SIGFOX1.3.2.0
2025-05-07 10:48:47,521 [WARN] ConditionMgr:438 - getConditionDescription Invalid condition id : Cortex-A Device cause : null
2025-05-07 10:48:47,562 [WARN] ConditionMgr:1039 - genDependencies : Invalid condition id : Cortex-A Device cause : null
2025-05-07 10:48:47,562 [WARN] ConditionMgr:1039 - genDependencies : Invalid condition id : Cortex-A Device cause : null
2025-05-07 10:48:47,562 [WARN] ConditionMgr:1039 - genDependencies : Invalid condition id : Cortex-A Device cause : null
2025-05-07 10:48:47,591 [WARN] PackLoader:240 - Cannot read IP mode file for STMicroelectronics.X-CUBE-EEPRMA1.5.1.0
2025-05-07 10:48:47,624 [WARN] PackLoader:240 - Cannot read IP mode file for ITTIA_DB.I-CUBE-ITTIADB.8.9.0
2025-05-07 10:48:47,706 [WARN] PackLoader:240 - Cannot read IP mode file for SEGGER.I-CUBE-embOS.1.3.1
2025-05-07 10:48:47,799 [WARN] PackLoader:240 - Cannot read IP mode file for STMicroelectronics.X-CUBE-ALGOBUILD.1.4.0
2025-05-07 10:48:47,824 [WARN] PackLoader:240 - Cannot read IP mode file for STMicroelectronics.X-CUBE-AI.9.1.0
2025-05-07 10:48:47,861 [WARN] PackLoader:240 - Cannot read IP mode file for STMicroelectronics.X-CUBE-GNSS1.6.0.0
2025-05-07 10:48:47,928 [WARN] PackLoader:240 - Cannot read IP mode file for STMicroelectronics.X-CUBE-AZRTOS-F4.1.1.0
2025-05-07 10:48:47,952 [ERROR] Engine:466 - C:\Users\hyeon\.stm32cubemx\thirdparties\pdsc\Avnet-IotConnect.X-CUBE-IoTC-DA16k-PMOD.1.0.0.pdsc: PDSC version is not supported
2025-05-07 10:48:47,974 [WARN] PackLoader:240 - Cannot read IP mode file for STMicroelectronics.X-CUBE-ISPU.2.1.0
2025-05-07 10:48:47,995 [WARN] PackLoader:240 - Cannot read IP mode file for STMicroelectronics.X-CUBE-FREERTOS.1.2.0
2025-05-07 10:48:48,043 [WARN] PackLoader:240 - Cannot read IP mode file for STMicroelectronics.X-CUBE-AZRTOS-L5.2.0.0
2025-05-07 10:48:48,069 [WARN] PackLoader:240 - Cannot read IP mode file for STMicroelectronics.X-CUBE-NFC6.3.1.0
2025-05-07 10:48:48,095 [WARN] PackLoader:240 - Cannot read IP mode file for STMicroelectronics.X-CUBE-DPower.1.2.0
2025-05-07 10:48:48,119 [WARN] PackLoader:240 - Cannot read IP mode file for STMicroelectronics.X-CUBE-AI.9.0.0
2025-05-07 10:48:48,139 [WARN] PackLoader:240 - Cannot read IP mode file for STMicroelectronics.X-CUBE-FREERTOS.1.3.0
2025-05-07 10:48:48,160 [WARN] PackLoader:240 - Cannot read IP mode file for STMicroelectronics.X-CUBE-NFC7.1.0.1
2025-05-07 10:48:48,179 [WARN] PackLoader:240 - Cannot read IP mode file for wolfSSL.I-CUBE-wolfTPM.3.2.0
2025-05-07 10:48:48,200 [WARN] PackLoader:240 - Cannot read IP mode file for STMicroelectronics.X-CUBE-DPower.1.3.0
2025-05-07 10:48:48,248 [WARN] ConditionMgr:438 - getConditionDescription Invalid condition id : LAN8742 Phy interface Condition cause : null
2025-05-07 10:48:48,249 [WARN] PackLoader:240 - Cannot read IP mode file for STMicroelectronics.X-CUBE-AZRTOS-L4.2.0.0
2025-05-07 10:48:48,250 [WARN] ConditionMgr:1039 - genDependencies : Invalid condition id : LAN8742 Phy interface Condition cause : null
2025-05-07 10:48:48,250 [WARN] ConditionMgr:1039 - genDependencies : Invalid condition id : LAN8742 Phy interface Condition cause : null
2025-05-07 10:48:48,251 [WARN] ConditionMgr:1039 - genDependencies : Invalid condition id : LAN8742 Phy interface Condition cause : null
2025-05-07 10:48:48,276 [WARN] PackLoader:240 - Cannot read IP mode file for STMicroelectronics.X-CUBE-SFXS2LP1.4.0.0
2025-05-07 10:48:48,332 [WARN] PackLoader:240 - Cannot read IP mode file for STMicroelectronics.X-CUBE-AZRTOS-H7.3.3.0
2025-05-07 10:48:48,374 [WARN] ConditionMgr:438 - getConditionDescription Invalid condition id : UX DEVICE CLASS RTOS Condition cause : null
2025-05-07 10:48:48,374 [WARN] ConditionMgr:438 - getConditionDescription Invalid condition id : UX DEVICE CLASS RTOS Condition cause : null
2025-05-07 10:48:48,376 [WARN] PackLoader:240 - Cannot read IP mode file for STMicroelectronics.X-CUBE-AZRTOS-WB.2.0.0
2025-05-07 10:48:48,377 [WARN] ConditionMgr:1039 - genDependencies : Invalid condition id : UX DEVICE CLASS RTOS Condition cause : null
2025-05-07 10:48:48,377 [WARN] ConditionMgr:1039 - genDependencies : Invalid condition id : UX DEVICE CLASS RTOS Condition cause : null
2025-05-07 10:48:48,378 [WARN] ConditionMgr:1039 - genDependencies : Invalid condition id : UX DEVICE CLASS RTOS Condition cause : null
2025-05-07 10:48:48,378 [WARN] ConditionMgr:1039 - genDependencies : Invalid condition id : UX DEVICE CLASS RTOS Condition cause : null
2025-05-07 10:48:48,378 [WARN] ConditionMgr:1039 - genDependencies : Invalid condition id : UX DEVICE CLASS RTOS Condition cause : null
2025-05-07 10:48:48,395 [WARN] PackLoader:240 - Cannot read IP mode file for STMicroelectronics.X-CUBE-GNSS1.7.0.1
2025-05-07 10:48:48,418 [WARN] PackLoader:240 - Cannot read IP mode file for STMicroelectronics.X-CUBE-TOUCHGFX.4.25.0
2025-05-07 10:48:48,439 [WARN] PackLoader:240 - Cannot read IP mode file for STMicroelectronics.FP-SNS-STBOX1.2.0.0
2025-05-07 10:48:48,465 [WARN] PackLoader:240 - Cannot read IP mode file for STMicroelectronics.X-CUBE-SUBG2.5.0.0
2025-05-07 10:48:48,469 [INFO] WebApp:167 - Instantiating new browser for Auth
2025-05-07 10:48:48,546 [WARN] PackLoader:240 - Cannot read IP mode file for STMicroelectronics.X-CUBE-AZRTOS-H7RS.1.1.0
2025-05-07 10:48:48,588 [WARN] PackLoader:240 - Cannot read IP mode file for Cesanta.I-CUBE-Mongoose.7.13.0
2025-05-07 10:48:48,675 [WARN] PackLoader:240 - Cannot read IP mode file for STMicroelectronics.X-CUBE-AZRTOS-G4.2.0.0
2025-05-07 10:48:48,698 [WARN] PackLoader:240 - Cannot read IP mode file for STMicroelectronics.X-CUBE-NFC7.2.0.0
2025-05-07 10:48:48,722 [WARN] PackLoader:240 - Cannot read IP mode file for STMicroelectronics.X-CUBE-ISPU.2.0.0
2025-05-07 10:48:48,763 [ERROR] Engine:466 - C:\Users\hyeon\.stm32cubemx\thirdparties\pdsc\STMicroelectronics.X-CUBE-IPS.3.1.0.pdsc: PDSC version is not supported
2025-05-07 10:48:48,798 [WARN] PackLoader:240 - Cannot read IP mode file for STMicroelectronics.X-CUBE-ALS.1.0.2
2025-05-07 10:48:48,890 [WARN] PackLoader:240 - Cannot read IP mode file for STMicroelectronics.X-CUBE-MEMS1.10.0.0
2025-05-07 10:48:49,081 [WARN] PackLoader:240 - Cannot read IP mode file for STMicroelectronics.X-CUBE-TOUCHGFX.4.24.0
2025-05-07 10:48:49,102 [WARN] PackLoader:240 - Cannot read IP mode file for STMicroelectronics.X-CUBE-TOUCHGFX.4.24.2
2025-05-07 10:48:49,126 [WARN] PackLoader:240 - Cannot read IP mode file for portGmbH.I-Cube-SoM-uGOAL.1.1.0
2025-05-07 10:48:49,179 [WARN] PackLoader:240 - Cannot read IP mode file for STMicroelectronics.X-CUBE-AZRTOS-H7RS.1.0.0
2025-05-07 10:48:49,200 [WARN] PackLoader:240 - Cannot read IP mode file for STMicroelectronics.FP-ATR-ASTRA1.2.0.0
2025-05-07 10:48:49,235 [WARN] PackLoader:240 - Cannot read IP mode file for STMicroelectronics.X-CUBE-TOF1.3.4.2
2025-05-07 10:48:49,262 [ERROR] Engine:466 - C:\Users\hyeon\.stm32cubemx\thirdparties\pdsc\STMicroelectronics.X-CUBE-TOF1.3.4.3.pdsc: PDSC version is not supported
2025-05-07 10:48:49,286 [WARN] PackLoader:240 - Cannot read IP mode file for STMicroelectronics.X-CUBE-TOF1.3.4.1
2025-05-07 10:48:49,335 [WARN] PackLoader:240 - Cannot read IP mode file for STMicroelectronics.X-CUBE-AZRTOS-H7.3.2.0
2025-05-07 10:48:49,372 [WARN] PackLoader:240 - Cannot read IP mode file for Infineon.AIROC-Wi-Fi-Bluetooth-STM32.1.6.0
2025-05-07 10:48:49,392 [WARN] PackLoader:240 - Cannot read IP mode file for wolfSSL.I-CUBE-wolfSSH.1.4.17
2025-05-07 10:48:49,392 [INFO] ThirdParty:978 - Integrity check success = true
2025-05-07 10:48:49,393 [INFO] IntegrityCheckThread:100 - exiting critical section [integrity check]
2025-05-07 10:48:49,393 [INFO] IntegrityCheckThread:103 - End integrity checks thread
2025-05-07 10:48:50,330 [INFO] WebApp:448 - Apply proxy settings
2025-05-07 10:48:50,330 [INFO] WebApp:533 - Chromium requires no authentication
2025-05-07 10:48:50,410 [INFO] WebApp:476 - Direct internet connection detected
2025-05-07 10:48:50,529 [INFO] WebApp:869 - Register for checkConnection events
2025-05-07 10:48:50,530 [INFO] WebApp:448 - Apply proxy settings
2025-05-07 10:48:50,530 [INFO] WebApp:533 - Chromium requires no authentication
2025-05-07 10:48:50,530 [INFO] WebApp:476 - Direct internet connection detected
2025-05-07 10:48:50,858 [INFO] WebApp:186 - Connection restablished
2025-05-07 10:48:51,077 [INFO] WebApp:220 - Starting web application
2025-05-07 10:48:51,078 [INFO] WebApp:578 - Web application path used C:\ST\STM32CubeIDE_1.16.0\STM32CubeIDE\plugins\com.st.stm32cube.common.mx_6.12.0.202406281431\db\plugins\mcufinder\reactClient1\index.html
2025-05-07 10:48:51,363 [INFO] UserAuth:417 - Internet connection configuration mode: 1
2025-05-07 12:34:22,356 [ERROR] LogOutputStream:75 - [STDERR_REDIRECT] 
