2025-04-16 12:31:54,254 [INFO] Activator:176 - 


2025-04-16 12:31:54,270 [INFO] Activator:177 - !SESSION log4j initialized
2025-04-16 12:32:04,076 [INFO] LogOutputStream:77 - [STDOUT_REDIRECT] 
2025-04-16 12:32:09,466 [INFO] ApplicationProperties:184 - Using Application install path: C:\ST\STM32CubeIDE_1.16.0\STM32CubeIDE\plugins\com.st.stm32cube.common.mx_6.12.0.202406281431
2025-04-16 12:32:09,490 [INFO] DbMcusXml:78 - Set database path to: C:\ST\STM32CubeIDE_1.16.0\STM32CubeIDE\plugins\com.st.stm32cube.common.mx_6.12.0.202406281431\\db\/mcu/
2025-04-16 12:32:09,490 [INFO] ApiDb:274 - Set plugin database path to: C:\ST\STM32CubeIDE_1.16.0\STM32CubeIDE\plugins\com.st.stm32cube.common.mx_6.12.0.202406281431\\db\/plugins/boardmanager/
2025-04-16 12:32:09,517 [WARN] ApiDb:259 - Overriding images path with different value:  => C:\ST\STM32CubeIDE_1.16.0\STM32CubeIDE\plugins\com.st.stm32cube.common.mx_6.12.0.202406281431\\db\/plugins/mcufinder/images/
2025-04-16 12:32:09,543 [INFO] ApiDb:250 - Set database path to: C:\Users\hyeon\.stmcufinder\plugins\mcufinder//mcu/
2025-04-16 12:32:09,544 [INFO] DbMcusAds:125 - Set database path to: C:\Users\hyeon\.stmcufinder\plugins\mcufinder//mcu/
2025-04-16 12:32:09,549 [INFO] CrossReferenceDbSqlite:203 - Set database path to: C:\Users\hyeon\.stmcufinder\plugins\mcufinder//mcu/cs/
2025-04-16 12:32:09,730 [INFO] RulesReader:64 - Compatibility file has been processed (297 Rules)
2025-04-16 12:32:09,858 [INFO] DbMcusXml:78 - Set database path to: C:\ST\STM32CubeIDE_1.16.0\STM32CubeIDE\plugins\com.st.stm32cube.common.mx_6.12.0.202406281431\\db\/mcu/
2025-04-16 12:32:09,858 [INFO] ApiDb:274 - Set plugin database path to: C:\ST\STM32CubeIDE_1.16.0\STM32CubeIDE\plugins\com.st.stm32cube.common.mx_6.12.0.202406281431\\db\/plugins/boardmanager/
2025-04-16 12:32:09,858 [INFO] ApiDb:261 - Set plugin images path to: C:\ST\STM32CubeIDE_1.16.0\STM32CubeIDE\plugins\com.st.stm32cube.common.mx_6.12.0.202406281431\\db\/plugins/mcufinder/images/
2025-04-16 12:32:09,858 [WARN] DbFile:41 - Overriding database path with different value: C:\Users\hyeon\.stmcufinder\plugins\mcufinder/ => C:\Users\hyeon\.stmcufinder\plugins\mcufinder
2025-04-16 12:32:09,858 [INFO] ApiDb:250 - Set database path to: C:\Users\hyeon\.stmcufinder\plugins\mcufinder//mcu/
2025-04-16 12:32:09,859 [WARN] DbFile:41 - Overriding database path with different value: C:\Users\hyeon\.stmcufinder\plugins\mcufinder/ => C:\Users\hyeon\.stmcufinder\plugins\mcufinder
2025-04-16 12:32:09,859 [INFO] DbMcusAds:125 - Set database path to: C:\Users\hyeon\.stmcufinder\plugins\mcufinder//mcu/
2025-04-16 12:32:09,859 [WARN] DbFile:41 - Overriding database path with different value: C:\Users\hyeon\.stmcufinder\plugins\mcufinder/ => C:\Users\hyeon\.stmcufinder\plugins\mcufinder
2025-04-16 12:32:09,859 [WARN] DbFile:41 - Overriding database path with different value: C:\Users\hyeon\.stmcufinder\plugins\mcufinder/ => C:\Users\hyeon\.stmcufinder\plugins\mcufinder
2025-04-16 12:32:09,859 [INFO] CrossReferenceDbSqlite:203 - Set database path to: C:\Users\hyeon\.stmcufinder\plugins\mcufinder//mcu/cs/
2025-04-16 12:32:09,977 [INFO] MainPanel:268 - HeapMemory: 268435456
2025-04-16 12:32:10,112 [INFO] DbMcusXml:78 - Set database path to: C:\ST\STM32CubeIDE_1.16.0\STM32CubeIDE\plugins\com.st.stm32cube.common.mx_6.12.0.202406281431\\db\/mcu/
2025-04-16 12:32:10,112 [INFO] ApiDb:274 - Set plugin database path to: C:\ST\STM32CubeIDE_1.16.0\STM32CubeIDE\plugins\com.st.stm32cube.common.mx_6.12.0.202406281431\\db\/plugins/boardmanager/
2025-04-16 12:32:10,113 [INFO] ApiDb:261 - Set plugin images path to: C:\ST\STM32CubeIDE_1.16.0\STM32CubeIDE\plugins\com.st.stm32cube.common.mx_6.12.0.202406281431\\db\/plugins/mcufinder/images/
2025-04-16 12:32:10,113 [WARN] DbFile:41 - Overriding database path with different value: C:\Users\hyeon\.stmcufinder\plugins\mcufinder/ => C:\Users\hyeon\.stmcufinder\plugins\mcufinder
2025-04-16 12:32:10,113 [INFO] ApiDb:250 - Set database path to: C:\Users\hyeon\.stmcufinder\plugins\mcufinder//mcu/
2025-04-16 12:32:10,113 [WARN] DbFile:41 - Overriding database path with different value: C:\Users\hyeon\.stmcufinder\plugins\mcufinder/ => C:\Users\hyeon\.stmcufinder\plugins\mcufinder
2025-04-16 12:32:10,114 [INFO] DbMcusAds:125 - Set database path to: C:\Users\hyeon\.stmcufinder\plugins\mcufinder//mcu/
2025-04-16 12:32:10,114 [WARN] DbFile:41 - Overriding database path with different value: C:\Users\hyeon\.stmcufinder\plugins\mcufinder/ => C:\Users\hyeon\.stmcufinder\plugins\mcufinder
2025-04-16 12:32:10,114 [WARN] DbFile:41 - Overriding database path with different value: C:\Users\hyeon\.stmcufinder\plugins\mcufinder/ => C:\Users\hyeon\.stmcufinder\plugins\mcufinder
2025-04-16 12:32:10,114 [INFO] CrossReferenceDbSqlite:203 - Set database path to: C:\Users\hyeon\.stmcufinder\plugins\mcufinder//mcu/cs/
2025-04-16 12:32:10,140 [INFO] ApplicationProperties:184 - Using Application install path: C:\ST\STM32CubeIDE_1.16.0\STM32CubeIDE\plugins\com.st.stm32cube.common.mx_6.12.0.202406281431
2025-04-16 12:32:10,141 [INFO] PluginManage:196 - Search for loadable plugins [exclusion list=, ]
2025-04-16 12:32:10,143 [INFO] PluginManage:310 - Check plugin analytics
2025-04-16 12:32:10,442 [INFO] AnalyticsPlugin:253 - Accepted Software Licenses: STM32CubeMX.6.12.0,STM32CubeMX.6.13.0
2025-04-16 12:32:10,442 [INFO] AnalyticsPlugin:255 - Accepted CMSIS Pack Licenses: 
2025-04-16 12:32:10,443 [INFO] AnalyticsPlugin:257 - Accepted Firmware Licenses: FW.H7.1.11.0,FW.MP2.1.0.0,FW.MP13.1.1.0
2025-04-16 12:32:10,449 [INFO] PluginManage:359 - Loaded plugin analytics (category:tool,tabindex:-1)
2025-04-16 12:32:10,449 [INFO] PluginManage:310 - Check plugin cadmodel
2025-04-16 12:32:10,474 [INFO] CADModel:105 - Init CAD model plugin
2025-04-16 12:32:10,474 [INFO] PluginManage:359 - Loaded plugin cadmodel (category:power,tabindex:5)
2025-04-16 12:32:10,474 [INFO] PluginManage:310 - Check plugin clock
2025-04-16 12:32:10,503 [INFO] PluginManage:359 - Loaded plugin clock (category:base,tabindex:2)
2025-04-16 12:32:10,504 [INFO] PluginManage:310 - Check plugin ddr
2025-04-16 12:32:10,508 [INFO] PluginManage:359 - Loaded plugin ddr (category:tool,tabindex:6)
2025-04-16 12:32:10,508 [INFO] PluginManage:310 - Check plugin filemanager
2025-04-16 12:32:10,824 [INFO] PluginManage:359 - Loaded plugin filemanager (category:base,tabindex:10)
2025-04-16 12:32:10,824 [INFO] PluginManage:310 - Check plugin ipmanager
2025-04-16 12:32:10,835 [INFO] PluginManage:359 - Loaded plugin ipmanager (category:base,tabindex:5)
2025-04-16 12:32:10,835 [INFO] PluginManage:310 - Check plugin lpbam
2025-04-16 12:32:10,861 [INFO] PluginManage:359 - Loaded plugin lpbam (category:base,tabindex:0)
2025-04-16 12:32:10,861 [INFO] PluginManage:310 - Check plugin memorymap
2025-04-16 12:32:10,906 [INFO] PluginManage:359 - Loaded plugin memorymap (category:base,tabindex:4)
2025-04-16 12:32:10,906 [INFO] PluginManage:310 - Check plugin pinoutandconfiguration
2025-04-16 12:32:10,934 [INFO] PluginManage:359 - Loaded plugin pinoutandconfiguration (category:base,tabindex:1)
2025-04-16 12:32:10,935 [INFO] PluginManage:310 - Check plugin pinoutconfig
2025-04-16 12:32:11,089 [WARN] SupportedApi:132 - Cannot load RTOS API schema: s4s-elt-must-match.1: The content of 'definitions' must match (annotation?, (simpleType | complexType)?, (unique | key | keyref)*)). A problem was found starting at: attribute.
2025-04-16 12:32:11,274 [INFO] PluginManage:359 - Loaded plugin pinoutconfig (category:base,tabindex:0)
2025-04-16 12:32:11,274 [INFO] PluginManage:310 - Check plugin power
2025-04-16 12:32:11,310 [INFO] PluginManage:359 - Loaded plugin power (category:power,tabindex:4)
2025-04-16 12:32:11,310 [INFO] PluginManage:310 - Check plugin projectmanager
2025-04-16 12:32:11,331 [INFO] PluginManage:359 - Loaded plugin projectmanager (category:projectmanager,tabindex:4)
2025-04-16 12:32:11,331 [INFO] PluginManage:310 - Check plugin rif
2025-04-16 12:32:11,354 [INFO] PluginManage:359 - Loaded plugin rif (category:base,tabindex:3)
2025-04-16 12:32:11,355 [INFO] PluginManage:310 - Check plugin thirdparty
2025-04-16 12:32:11,754 [INFO] PluginManage:359 - Loaded plugin thirdparty (category:base,tabindex:-1)
2025-04-16 12:32:11,754 [WARN] IntegrityCheckThread:84 - waiting for thirdparty lock release [integrity check]
2025-04-16 12:32:11,754 [INFO] PluginManage:310 - Check plugin tools
2025-04-16 12:32:11,754 [INFO] IntegrityCheckThread:86 - entering critical section [integrity check]
2025-04-16 12:32:11,755 [INFO] ThirdPartyUpdaterWithRetryManager:70 - Updater plugin not ready yet. [1/15]
2025-04-16 12:32:11,813 [INFO] PluginManage:359 - Loaded plugin tools (category:base,tabindex:7)
2025-04-16 12:32:11,814 [INFO] PluginManage:310 - Check plugin tutovideos
2025-04-16 12:32:12,102 [INFO] PluginManage:359 - Loaded plugin tutovideos (category:base,tabindex:-1)
2025-04-16 12:32:12,102 [INFO] PluginManage:310 - Check plugin updater
2025-04-16 12:32:12,128 [INFO] PluginManage:359 - Loaded plugin updater (category:base,tabindex:12)
2025-04-16 12:32:12,128 [INFO] PluginManage:310 - Check plugin userauth
2025-04-16 12:32:12,139 [INFO] UserAuth:113 - Init User Auth plugin
2025-04-16 12:32:12,139 [INFO] PluginManage:359 - Loaded plugin userauth (category:base,tabindex:14)
2025-04-16 12:32:12,140 [INFO] PluginManage:283 - PluginManage : Loaded plugins [18]
2025-04-16 12:32:12,446 [INFO] PinOutPanel:1561 - setPackage(No Configuration,No Configuration)
2025-04-16 12:32:12,597 [INFO] CADModel:165 - CPN selected for project level
2025-04-16 12:32:12,597 [INFO] CADModel:114 - Register for checkConnection events
2025-04-16 12:32:12,635 [INFO] IPUIPlugin:80 - create IPUIPlugin
2025-04-16 12:32:12,635 [INFO] PluginManager:220 - loadIPPluginJar : add adc
2025-04-16 12:32:12,698 [INFO] IPUIPlugin:80 - create IPUIPlugin
2025-04-16 12:32:12,698 [INFO] PluginManager:220 - loadIPPluginJar : add aes
2025-04-16 12:32:12,762 [INFO] IPUIPlugin:80 - create IPUIPlugin
2025-04-16 12:32:12,762 [INFO] PluginManager:220 - loadIPPluginJar : add can
2025-04-16 12:32:12,801 [INFO] IPUIPlugin:80 - create IPUIPlugin
2025-04-16 12:32:12,801 [INFO] PluginManager:220 - loadIPPluginJar : add comp
2025-04-16 12:32:12,861 [INFO] IPUIPlugin:80 - create IPUIPlugin
2025-04-16 12:32:12,861 [INFO] PluginManager:220 - loadIPPluginJar : add cryp
2025-04-16 12:32:12,881 [INFO] IPUIPlugin:80 - create IPUIPlugin
2025-04-16 12:32:12,882 [INFO] PluginManager:220 - loadIPPluginJar : add ddr_ctrl_phy
2025-04-16 12:32:12,931 [INFO] IPUIPlugin:80 - create IPUIPlugin
2025-04-16 12:32:12,932 [INFO] PluginManager:220 - loadIPPluginJar : add dfsdm
2025-04-16 12:32:12,954 [INFO] IPUIPlugin:80 - create IPUIPlugin
2025-04-16 12:32:12,954 [INFO] PluginManager:220 - loadIPPluginJar : add dma
2025-04-16 12:32:13,024 [INFO] IPUIPlugin:80 - create IPUIPlugin
2025-04-16 12:32:13,024 [INFO] PluginManager:220 - loadIPPluginJar : add dma3
2025-04-16 12:32:13,096 [INFO] IPUIPlugin:80 - create IPUIPlugin
2025-04-16 12:32:13,096 [INFO] PluginManager:220 - loadIPPluginJar : add extmemmanager
2025-04-16 12:32:13,135 [INFO] IPUIPlugin:80 - create IPUIPlugin
2025-04-16 12:32:13,135 [INFO] PluginManager:220 - loadIPPluginJar : add fatfs
2025-04-16 12:32:13,209 [INFO] IPUIPlugin:80 - create IPUIPlugin
2025-04-16 12:32:13,209 [INFO] PluginManager:220 - loadIPPluginJar : add fmc
2025-04-16 12:32:13,231 [INFO] IPUIPlugin:80 - create IPUIPlugin
2025-04-16 12:32:13,232 [INFO] PluginManager:220 - loadIPPluginJar : add freertos
2025-04-16 12:32:13,266 [INFO] IPUIPlugin:80 - create IPUIPlugin
2025-04-16 12:32:13,267 [INFO] PluginManager:220 - loadIPPluginJar : add genericplugin
2025-04-16 12:32:13,420 [INFO] IPUIPlugin:80 - create IPUIPlugin
2025-04-16 12:32:13,420 [INFO] PluginManager:220 - loadIPPluginJar : add gfxmmu
2025-04-16 12:32:13,627 [INFO] IPUIPlugin:80 - create IPUIPlugin
2025-04-16 12:32:13,628 [INFO] PluginManager:220 - loadIPPluginJar : add gic
2025-04-16 12:32:13,648 [INFO] IPUIPlugin:80 - create IPUIPlugin
2025-04-16 12:32:13,649 [INFO] PluginManager:220 - loadIPPluginJar : add gpio
2025-04-16 12:32:13,790 [INFO] IPUIPlugin:80 - create IPUIPlugin
2025-04-16 12:32:13,791 [INFO] PluginManager:220 - loadIPPluginJar : add gtzc
2025-04-16 12:32:13,841 [INFO] IPUIPlugin:80 - create IPUIPlugin
2025-04-16 12:32:13,842 [INFO] PluginManager:220 - loadIPPluginJar : add hash
2025-04-16 12:32:13,926 [INFO] IPUIPlugin:80 - create IPUIPlugin
2025-04-16 12:32:13,926 [INFO] PluginManager:220 - loadIPPluginJar : add i2c
2025-04-16 12:32:13,988 [INFO] IPUIPlugin:80 - create IPUIPlugin
2025-04-16 12:32:13,988 [INFO] PluginManager:220 - loadIPPluginJar : add i2s
2025-04-16 12:32:14,054 [INFO] IPUIPlugin:80 - create IPUIPlugin
2025-04-16 12:32:14,054 [INFO] PluginManager:220 - loadIPPluginJar : add i3c
2025-04-16 12:32:14,215 [INFO] IPUIPlugin:80 - create IPUIPlugin
2025-04-16 12:32:14,215 [INFO] PluginManager:220 - loadIPPluginJar : add ipddr
2025-04-16 12:32:14,364 [INFO] IPUIPlugin:80 - create IPUIPlugin
2025-04-16 12:32:14,364 [INFO] PluginManager:220 - loadIPPluginJar : add linkedlist
2025-04-16 12:32:14,421 [INFO] IPUIPlugin:80 - create IPUIPlugin
2025-04-16 12:32:14,421 [INFO] PluginManager:220 - loadIPPluginJar : add lorawan
2025-04-16 12:32:14,478 [INFO] IPUIPlugin:80 - create IPUIPlugin
2025-04-16 12:32:14,478 [INFO] PluginManager:220 - loadIPPluginJar : add ltdc
2025-04-16 12:32:14,500 [INFO] IPUIPlugin:80 - create IPUIPlugin
2025-04-16 12:32:14,500 [INFO] PluginManager:220 - loadIPPluginJar : add mdma
2025-04-16 12:32:14,519 [INFO] IPUIPlugin:80 - create IPUIPlugin
2025-04-16 12:32:14,519 [INFO] PluginManager:220 - loadIPPluginJar : add nvic
2025-04-16 12:32:14,576 [INFO] IPUIPlugin:80 - create IPUIPlugin
2025-04-16 12:32:14,576 [INFO] PluginManager:220 - loadIPPluginJar : add opamp
2025-04-16 12:32:14,680 [INFO] IPUIPlugin:80 - create IPUIPlugin
2025-04-16 12:32:14,680 [INFO] PluginManager:220 - loadIPPluginJar : add openamp
2025-04-16 12:32:14,748 [INFO] IPUIPlugin:80 - create IPUIPlugin
2025-04-16 12:32:14,748 [INFO] PluginManager:220 - loadIPPluginJar : add pdm2pcm
2025-04-16 12:32:14,758 [INFO] ThirdPartyUpdaterWithRetryManager:70 - Updater plugin not ready yet. [2/15]
2025-04-16 12:32:14,770 [INFO] IPUIPlugin:80 - create IPUIPlugin
2025-04-16 12:32:14,773 [INFO] PluginManager:220 - loadIPPluginJar : add plateformsettings
2025-04-16 12:32:14,809 [INFO] IPUIPlugin:80 - create IPUIPlugin
2025-04-16 12:32:14,809 [INFO] PluginManager:220 - loadIPPluginJar : add quadspi
2025-04-16 12:32:14,852 [INFO] IPUIPlugin:80 - create IPUIPlugin
2025-04-16 12:32:14,853 [INFO] PluginManager:220 - loadIPPluginJar : add radio
2025-04-16 12:32:14,875 [INFO] IPUIPlugin:80 - create IPUIPlugin
2025-04-16 12:32:14,875 [INFO] PluginManager:220 - loadIPPluginJar : add resmgrutility
2025-04-16 12:32:14,949 [INFO] IPUIPlugin:80 - create IPUIPlugin
2025-04-16 12:32:14,949 [INFO] PluginManager:220 - loadIPPluginJar : add sai
2025-04-16 12:32:15,008 [INFO] IPUIPlugin:80 - create IPUIPlugin
2025-04-16 12:32:15,008 [INFO] PluginManager:220 - loadIPPluginJar : add spi
2025-04-16 12:32:15,122 [INFO] IPUIPlugin:80 - create IPUIPlugin
2025-04-16 12:32:15,122 [INFO] PluginManager:220 - loadIPPluginJar : add stm32_wpan
2025-04-16 12:32:15,160 [INFO] IPUIPlugin:80 - create IPUIPlugin
2025-04-16 12:32:15,160 [INFO] PluginManager:220 - loadIPPluginJar : add tim
2025-04-16 12:32:15,263 [INFO] IPUIPlugin:80 - create IPUIPlugin
2025-04-16 12:32:15,263 [INFO] PluginManager:220 - loadIPPluginJar : add touchsensing
2025-04-16 12:32:15,304 [INFO] IPUIPlugin:80 - create IPUIPlugin
2025-04-16 12:32:15,305 [INFO] PluginManager:220 - loadIPPluginJar : add tracer_emb
2025-04-16 12:32:15,350 [INFO] IPUIPlugin:80 - create IPUIPlugin
2025-04-16 12:32:15,350 [INFO] PluginManager:220 - loadIPPluginJar : add ts
2025-04-16 12:32:15,387 [INFO] IPUIPlugin:80 - create IPUIPlugin
2025-04-16 12:32:15,387 [INFO] PluginManager:220 - loadIPPluginJar : add tsc
2025-04-16 12:32:15,423 [INFO] IPUIPlugin:80 - create IPUIPlugin
2025-04-16 12:32:15,423 [INFO] PluginManager:220 - loadIPPluginJar : add ucpd
2025-04-16 12:32:15,493 [INFO] IPUIPlugin:80 - create IPUIPlugin
2025-04-16 12:32:15,493 [INFO] PluginManager:220 - loadIPPluginJar : add usart
2025-04-16 12:32:15,603 [INFO] IPUIPlugin:80 - create IPUIPlugin
2025-04-16 12:32:15,603 [INFO] PluginManager:220 - loadIPPluginJar : add usbx
2025-04-16 12:32:15,757 [INFO] CADModel:165 - CPN selected for project level
2025-04-16 12:32:15,757 [INFO] CADModel:114 - Register for checkConnection events
2025-04-16 12:32:15,757 [FATAL] Updater:334 - Updater called before beeing initialized
2025-04-16 12:32:15,757 [ERROR] CADModel:125 - Updater not yet initialized, retry later 
2025-04-16 12:32:15,939 [INFO] CADModel:165 - CPN selected for project level
2025-04-16 12:32:15,939 [INFO] CADModel:114 - Register for checkConnection events
2025-04-16 12:32:15,939 [FATAL] Updater:334 - Updater called before beeing initialized
2025-04-16 12:32:15,939 [ERROR] CADModel:125 - Updater not yet initialized, retry later 
2025-04-16 12:32:15,943 [FATAL] Updater:334 - Updater called before beeing initialized
2025-04-16 12:32:16,088 [FATAL] Updater:334 - Updater called before beeing initialized
2025-04-16 12:32:16,104 [INFO] DbMcusAds:53 - JSON generation date=Thu Mar 06 23:54:22 KST 2025 (1741272862297)
2025-04-16 12:32:16,104 [FATAL] Updater:334 - Updater called before beeing initialized
2025-04-16 12:32:16,162 [WARN] DetailPanel:346 - Failed to get advertising image, set to default
2025-04-16 12:32:16,313 [FATAL] Updater:334 - Updater called before beeing initialized
2025-04-16 12:32:16,322 [FATAL] Updater:334 - Updater called before beeing initialized
2025-04-16 12:32:16,322 [FATAL] Updater:334 - Updater called before beeing initialized
2025-04-16 12:32:16,322 [WARN] DetailPanel:346 - Failed to get advertising image, set to default
2025-04-16 12:32:16,324 [FATAL] Updater:334 - Updater called before beeing initialized
2025-04-16 12:32:16,414 [ERROR] Updater:1164 - MainUpdater not yet initialized. External WinMGr cannot be set.
2025-04-16 12:32:16,429 [INFO] Updater:1100 - Updater Version found : 6.12.0
2025-04-16 12:32:16,453 [INFO] ApplicationProperties:184 - Using Application install path: C:\ST\STM32CubeIDE_1.16.0\STM32CubeIDE\plugins\com.st.stm32cube.common.mx_6.12.0.202406281431
2025-04-16 12:32:17,333 [INFO] MainUpdater:2873 - connection check result : 10
2025-04-16 12:32:17,334 [INFO] MainUpdater:290 - Updater Check For Update Now.
2025-04-16 12:32:17,335 [INFO] MicroXplorer:498 - Change Database Version : DB.6.0.120
2025-04-16 12:32:17,365 [INFO] McuFinderGlobals:63 - Set McuFinder mode to 2 (CubeIDE integrated)
2025-04-16 12:32:17,376 [INFO] UserAuth:417 - Internet connection configuration mode: 1
2025-04-16 12:32:17,435 [INFO] JxBrowserEngine:152 - Initiate JxBrowser Engine with user profile folder
2025-04-16 12:32:17,605 [INFO] CheckServerUpdateThread:120 - End of CheckServer Thread
2025-04-16 12:32:18,176 [WARN] PackLoader:240 - Cannot read IP mode file for STMicroelectronics.FP-SNS-MOTENVWB1.1.4.0
2025-04-16 12:32:18,203 [WARN] PackLoader:240 - Cannot read IP mode file for STMicroelectronics.FP-ATR-ASTRA1.2.0.2
2025-04-16 12:32:18,219 [WARN] PackLoader:240 - Cannot read IP mode file for STMicroelectronics.FP-ATR-ASTRA1.2.0.1
2025-04-16 12:32:18,243 [WARN] PackLoader:240 - Cannot read IP mode file for STMicroelectronics.X-CUBE-SMBUS.2.1.0
2025-04-16 12:32:18,268 [WARN] PackLoader:240 - Cannot read IP mode file for STMicroelectronics.X-CUBE-WB05N.1.1.0
2025-04-16 12:32:18,329 [WARN] PackLoader:240 - Cannot read IP mode file for STMicroelectronics.X-CUBE-AZRTOS-F7.1.1.0
2025-04-16 12:32:18,363 [WARN] PackLoader:240 - Cannot read IP mode file for STMicroelectronics.FP-SNS-FLIGHT1.5.0.2
2025-04-16 12:32:18,392 [WARN] PackLoader:240 - Cannot read IP mode file for STMicroelectronics.X-CUBE-DISPLAY.3.0.0
2025-04-16 12:32:18,422 [WARN] PackLoader:240 - Cannot read IP mode file for STMicroelectronics.X-CUBE-BLE1.7.0.0
2025-04-16 12:32:18,449 [WARN] PackLoader:240 - Cannot read IP mode file for STMicroelectronics.X-CUBE-NFC10.1.0.0
2025-04-16 12:32:18,480 [WARN] PackLoader:240 - Cannot read IP mode file for STMicroelectronics.X-CUBE-BLEMGR.4.0.0
2025-04-16 12:32:18,505 [WARN] PackLoader:240 - Cannot read IP mode file for emotas.I-CUBE-CANOPEN.1.3.0
2025-04-16 12:32:18,528 [WARN] PackLoader:240 - Cannot read IP mode file for STMicroelectronics.X-CUBE-BLEMGR.3.1.0
2025-04-16 12:32:18,553 [WARN] PackLoader:240 - Cannot read IP mode file for STMicroelectronics.X-CUBE-AI.10.0.0
2025-04-16 12:32:18,572 [WARN] PackLoader:240 - Cannot read IP mode file for STMicroelectronics.FP-SNS-SMARTAG2.1.2.0
2025-04-16 12:32:18,588 [ERROR] Engine:466 - C:\Users\hyeon\.stm32cubemx\thirdparties\pdsc\STMicroelectronics.FP-SNS-FLIGHT1.5.1.0.pdsc: PDSC version is not supported
2025-04-16 12:32:18,676 [WARN] PackLoader:240 - Cannot read IP mode file for STMicroelectronics.X-CUBE-MEMS1.11.1.0
2025-04-16 12:32:18,893 [INFO] LogOutputStream:77 - [STDOUT_REDIRECT] 1 : Invalid condition id : UX_CORESTACK_Condition cause : null
2025-04-16 12:32:18,893 [INFO] LogOutputStream:77 - [STDOUT_REDIRECT] 1 : Invalid condition id : UX_CORESTACK_Condition cause : null
2025-04-16 12:32:18,895 [INFO] LogOutputStream:77 - [STDOUT_REDIRECT] 1 : Invalid condition id : UX_CORESTACK_Condition cause : null
2025-04-16 12:32:18,897 [INFO] LogOutputStream:77 - [STDOUT_REDIRECT] 1 : Invalid condition id : UX_CORESTACK_Condition cause : null
2025-04-16 12:32:18,898 [INFO] LogOutputStream:77 - [STDOUT_REDIRECT] 1 : Invalid condition id : UX_CORESTACK_Condition cause : null
2025-04-16 12:32:18,902 [WARN] PackLoader:240 - Cannot read IP mode file for STMicroelectronics.X-CUBE-AZRTOS-WL.2.0.0
2025-04-16 12:32:18,922 [WARN] PackLoader:240 - Cannot read IP mode file for STMicroelectronics.FP-SNS-MOTENV1.5.0.0
2025-04-16 12:32:18,941 [WARN] PackLoader:240 - Cannot read IP mode file for wolfSSL.I-CUBE-wolfMQTT.1.19.0
2025-04-16 12:32:18,964 [WARN] PackLoader:240 - Cannot read IP mode file for WES.I-CUBE-Cesium.1.3.0
2025-04-16 12:32:18,984 [WARN] PackLoader:240 - Cannot read IP mode file for STMicroelectronics.X-CUBE-BLE2.3.3.0
2025-04-16 12:32:19,006 [WARN] PackLoader:240 - Cannot read IP mode file for STMicroelectronics.X-CUBE-NFC9.1.0.0
2025-04-16 12:32:19,024 [WARN] PackLoader:240 - Cannot read IP mode file for STMicroelectronics.X-CUBE-BLE1.7.1.0
2025-04-16 12:32:19,051 [WARN] PackLoader:240 - Cannot read IP mode file for STMicroelectronics.X-CUBE-TCPP.4.1.0
2025-04-16 12:32:19,110 [WARN] PackLoader:240 - Cannot read IP mode file for STMicroelectronics.X-CUBE-AZRTOS-G0.1.1.0
2025-04-16 12:32:19,161 [WARN] PackLoader:240 - Cannot read IP mode file for STMicroelectronics.X-CUBE-SAFEA1.1.2.2
2025-04-16 12:32:19,188 [WARN] PackLoader:240 - Cannot read IP mode file for STMicroelectronics.X-CUBE-NFC4.3.0.0
2025-04-16 12:32:19,227 [WARN] PackLoader:240 - Cannot read IP mode file for EmbeddedOffice.I-CUBE-FS-RTOS.1.0.1
2025-04-16 12:32:19,228 [ERROR] ConditionMgr:805 - Attr not supported : Dmpu
2025-04-16 12:32:19,228 [ERROR] ConditionMgr:805 - Attr not supported : Dmpu
2025-04-16 12:32:19,228 [ERROR] ConditionMgr:805 - Attr not supported : Dmpu
2025-04-16 12:32:19,228 [ERROR] ConditionMgr:805 - Attr not supported : Dmpu
2025-04-16 12:32:19,228 [ERROR] ConditionMgr:805 - Attr not supported : Dmpu
2025-04-16 12:32:19,229 [ERROR] ConditionMgr:805 - Attr not supported : Dmpu
2025-04-16 12:32:19,229 [ERROR] ConditionMgr:805 - Attr not supported : Dmpu
2025-04-16 12:32:19,229 [ERROR] ConditionMgr:805 - Attr not supported : Dmpu
2025-04-16 12:32:19,229 [ERROR] ConditionMgr:805 - Attr not supported : Dmpu
2025-04-16 12:32:19,229 [ERROR] ConditionMgr:805 - Attr not supported : Dmpu
2025-04-16 12:32:19,229 [ERROR] ConditionMgr:805 - Attr not supported : Dmpu
2025-04-16 12:32:19,229 [ERROR] ConditionMgr:805 - Attr not supported : Dmpu
2025-04-16 12:32:19,230 [ERROR] ConditionMgr:805 - Attr not supported : Dmpu
2025-04-16 12:32:19,230 [ERROR] ConditionMgr:805 - Attr not supported : Dmpu
2025-04-16 12:32:19,230 [ERROR] ConditionMgr:805 - Attr not supported : Dmpu
2025-04-16 12:32:19,230 [ERROR] ConditionMgr:805 - Attr not supported : Dmpu
2025-04-16 12:32:19,230 [ERROR] ConditionMgr:805 - Attr not supported : Dmpu
2025-04-16 12:32:19,230 [ERROR] ConditionMgr:805 - Attr not supported : Dmpu
2025-04-16 12:32:19,231 [ERROR] ConditionMgr:805 - Attr not supported : Dmpu
2025-04-16 12:32:19,231 [ERROR] ConditionMgr:805 - Attr not supported : Dmpu
2025-04-16 12:32:19,231 [ERROR] ConditionMgr:805 - Attr not supported : Dmpu
2025-04-16 12:32:19,231 [ERROR] ConditionMgr:805 - Attr not supported : Dmpu
2025-04-16 12:32:19,231 [ERROR] ConditionMgr:805 - Attr not supported : Dmpu
2025-04-16 12:32:19,231 [ERROR] ConditionMgr:805 - Attr not supported : Dmpu
2025-04-16 12:32:19,231 [ERROR] ConditionMgr:805 - Attr not supported : Dmpu
2025-04-16 12:32:19,232 [ERROR] ConditionMgr:805 - Attr not supported : Dmpu
2025-04-16 12:32:19,232 [ERROR] ConditionMgr:805 - Attr not supported : Dmpu
2025-04-16 12:32:19,232 [ERROR] ConditionMgr:805 - Attr not supported : Dmpu
2025-04-16 12:32:19,232 [ERROR] ConditionMgr:805 - Attr not supported : Dmpu
2025-04-16 12:32:19,232 [ERROR] ConditionMgr:805 - Attr not supported : Dmpu
2025-04-16 12:32:19,232 [ERROR] ConditionMgr:805 - Attr not supported : Dmpu
2025-04-16 12:32:19,232 [ERROR] ConditionMgr:805 - Attr not supported : Dmpu
2025-04-16 12:32:19,233 [ERROR] ConditionMgr:805 - Attr not supported : Dmpu
2025-04-16 12:32:19,233 [ERROR] ConditionMgr:805 - Attr not supported : Dmpu
2025-04-16 12:32:19,233 [ERROR] ConditionMgr:805 - Attr not supported : Dmpu
2025-04-16 12:32:19,233 [ERROR] ConditionMgr:805 - Attr not supported : Dmpu
2025-04-16 12:32:19,233 [ERROR] ConditionMgr:805 - Attr not supported : Dmpu
2025-04-16 12:32:19,233 [ERROR] ConditionMgr:805 - Attr not supported : Dmpu
2025-04-16 12:32:19,233 [ERROR] ConditionMgr:805 - Attr not supported : Dmpu
2025-04-16 12:32:19,234 [ERROR] ConditionMgr:805 - Attr not supported : Dmpu
2025-04-16 12:32:19,234 [ERROR] ConditionMgr:805 - Attr not supported : Dmpu
2025-04-16 12:32:19,234 [ERROR] ConditionMgr:805 - Attr not supported : Dmpu
2025-04-16 12:32:19,234 [ERROR] ConditionMgr:805 - Attr not supported : Dmpu
2025-04-16 12:32:19,234 [ERROR] ConditionMgr:805 - Attr not supported : Dmpu
2025-04-16 12:32:19,234 [ERROR] ConditionMgr:805 - Attr not supported : Dmpu
2025-04-16 12:32:19,235 [ERROR] ConditionMgr:805 - Attr not supported : Dmpu
2025-04-16 12:32:19,235 [ERROR] ConditionMgr:805 - Attr not supported : Dmpu
2025-04-16 12:32:19,235 [ERROR] ConditionMgr:805 - Attr not supported : Dmpu
2025-04-16 12:32:19,235 [ERROR] ConditionMgr:805 - Attr not supported : Dmpu
2025-04-16 12:32:19,235 [ERROR] ConditionMgr:805 - Attr not supported : Dmpu
2025-04-16 12:32:19,235 [ERROR] ConditionMgr:805 - Attr not supported : Dmpu
2025-04-16 12:32:19,235 [ERROR] ConditionMgr:805 - Attr not supported : Dmpu
2025-04-16 12:32:19,236 [ERROR] ConditionMgr:805 - Attr not supported : Dmpu
2025-04-16 12:32:19,236 [ERROR] ConditionMgr:805 - Attr not supported : Dmpu
2025-04-16 12:32:19,236 [ERROR] ConditionMgr:805 - Attr not supported : Dmpu
2025-04-16 12:32:19,236 [ERROR] ConditionMgr:805 - Attr not supported : Dmpu
2025-04-16 12:32:19,236 [ERROR] ConditionMgr:805 - Attr not supported : Dmpu
2025-04-16 12:32:19,236 [ERROR] ConditionMgr:805 - Attr not supported : Dmpu
2025-04-16 12:32:19,236 [ERROR] ConditionMgr:805 - Attr not supported : Dmpu
2025-04-16 12:32:19,237 [ERROR] ConditionMgr:805 - Attr not supported : Dmpu
2025-04-16 12:32:19,237 [ERROR] ConditionMgr:805 - Attr not supported : Dmpu
2025-04-16 12:32:19,237 [ERROR] ConditionMgr:805 - Attr not supported : Dmpu
2025-04-16 12:32:19,237 [ERROR] ConditionMgr:805 - Attr not supported : Dmpu
2025-04-16 12:32:19,237 [ERROR] ConditionMgr:805 - Attr not supported : Dmpu
2025-04-16 12:32:19,256 [ERROR] Engine:466 - C:\Users\hyeon\.stm32cubemx\thirdparties\pdsc\STMicroelectronics.X-CUBE-TCPP.4.2.0.pdsc: PDSC version is not supported
2025-04-16 12:32:19,279 [WARN] PackLoader:240 - Cannot read IP mode file for RealThread.X-CUBE-RT-Thread_Nano.4.1.1
2025-04-16 12:32:19,302 [WARN] PackLoader:240 - Cannot read IP mode file for wolfSSL.I-CUBE-wolfSSL.5.7.0
2025-04-16 12:32:19,320 [WARN] PackLoader:240 - Cannot read IP mode file for STMicroelectronics.FP-ATR-SIGFOX1.3.2.0
2025-04-16 12:32:19,338 [WARN] ConditionMgr:438 - getConditionDescription Invalid condition id : Cortex-A Device cause : null
2025-04-16 12:32:19,374 [WARN] ConditionMgr:1039 - genDependencies : Invalid condition id : Cortex-A Device cause : null
2025-04-16 12:32:19,374 [WARN] ConditionMgr:1039 - genDependencies : Invalid condition id : Cortex-A Device cause : null
2025-04-16 12:32:19,374 [WARN] ConditionMgr:1039 - genDependencies : Invalid condition id : Cortex-A Device cause : null
2025-04-16 12:32:19,400 [WARN] PackLoader:240 - Cannot read IP mode file for STMicroelectronics.X-CUBE-EEPRMA1.5.1.0
2025-04-16 12:32:19,425 [WARN] PackLoader:240 - Cannot read IP mode file for ITTIA_DB.I-CUBE-ITTIADB.8.9.0
2025-04-16 12:32:19,471 [WARN] PackLoader:240 - Cannot read IP mode file for SEGGER.I-CUBE-embOS.1.3.1
2025-04-16 12:32:19,521 [WARN] PackLoader:240 - Cannot read IP mode file for STMicroelectronics.X-CUBE-ALGOBUILD.1.4.0
2025-04-16 12:32:19,538 [WARN] PackLoader:240 - Cannot read IP mode file for STMicroelectronics.X-CUBE-AI.9.1.0
2025-04-16 12:32:19,556 [WARN] PackLoader:240 - Cannot read IP mode file for STMicroelectronics.X-CUBE-GNSS1.6.0.0
2025-04-16 12:32:19,593 [WARN] PackLoader:240 - Cannot read IP mode file for STMicroelectronics.X-CUBE-AZRTOS-F4.1.1.0
2025-04-16 12:32:19,612 [WARN] PackLoader:240 - Cannot read IP mode file for STMicroelectronics.X-CUBE-ISPU.2.1.0
2025-04-16 12:32:19,630 [WARN] PackLoader:240 - Cannot read IP mode file for STMicroelectronics.X-CUBE-FREERTOS.1.2.0
2025-04-16 12:32:19,667 [WARN] PackLoader:240 - Cannot read IP mode file for STMicroelectronics.X-CUBE-AZRTOS-L5.2.0.0
2025-04-16 12:32:19,690 [WARN] PackLoader:240 - Cannot read IP mode file for STMicroelectronics.X-CUBE-NFC6.3.1.0
2025-04-16 12:32:19,714 [WARN] PackLoader:240 - Cannot read IP mode file for STMicroelectronics.X-CUBE-DPower.1.2.0
2025-04-16 12:32:19,730 [WARN] PackLoader:240 - Cannot read IP mode file for STMicroelectronics.X-CUBE-AI.9.0.0
2025-04-16 12:32:19,750 [WARN] PackLoader:240 - Cannot read IP mode file for STMicroelectronics.X-CUBE-FREERTOS.1.3.0
2025-04-16 12:32:19,767 [WARN] PackLoader:240 - Cannot read IP mode file for STMicroelectronics.X-CUBE-NFC7.1.0.1
2025-04-16 12:32:19,787 [WARN] PackLoader:240 - Cannot read IP mode file for wolfSSL.I-CUBE-wolfTPM.3.2.0
2025-04-16 12:32:19,804 [WARN] PackLoader:240 - Cannot read IP mode file for STMicroelectronics.X-CUBE-DPower.1.3.0
2025-04-16 12:32:19,846 [WARN] ConditionMgr:438 - getConditionDescription Invalid condition id : LAN8742 Phy interface Condition cause : null
2025-04-16 12:32:19,847 [WARN] PackLoader:240 - Cannot read IP mode file for STMicroelectronics.X-CUBE-AZRTOS-L4.2.0.0
2025-04-16 12:32:19,848 [WARN] ConditionMgr:1039 - genDependencies : Invalid condition id : LAN8742 Phy interface Condition cause : null
2025-04-16 12:32:19,848 [WARN] ConditionMgr:1039 - genDependencies : Invalid condition id : LAN8742 Phy interface Condition cause : null
2025-04-16 12:32:19,849 [WARN] ConditionMgr:1039 - genDependencies : Invalid condition id : LAN8742 Phy interface Condition cause : null
2025-04-16 12:32:19,870 [WARN] PackLoader:240 - Cannot read IP mode file for STMicroelectronics.X-CUBE-SFXS2LP1.4.0.0
2025-04-16 12:32:19,911 [WARN] PackLoader:240 - Cannot read IP mode file for STMicroelectronics.X-CUBE-AZRTOS-H7.3.3.0
2025-04-16 12:32:19,945 [WARN] ConditionMgr:438 - getConditionDescription Invalid condition id : UX DEVICE CLASS RTOS Condition cause : null
2025-04-16 12:32:19,945 [WARN] ConditionMgr:438 - getConditionDescription Invalid condition id : UX DEVICE CLASS RTOS Condition cause : null
2025-04-16 12:32:19,948 [WARN] PackLoader:240 - Cannot read IP mode file for STMicroelectronics.X-CUBE-AZRTOS-WB.2.0.0
2025-04-16 12:32:19,948 [WARN] ConditionMgr:1039 - genDependencies : Invalid condition id : UX DEVICE CLASS RTOS Condition cause : null
2025-04-16 12:32:19,948 [WARN] ConditionMgr:1039 - genDependencies : Invalid condition id : UX DEVICE CLASS RTOS Condition cause : null
2025-04-16 12:32:19,949 [WARN] ConditionMgr:1039 - genDependencies : Invalid condition id : UX DEVICE CLASS RTOS Condition cause : null
2025-04-16 12:32:19,949 [WARN] ConditionMgr:1039 - genDependencies : Invalid condition id : UX DEVICE CLASS RTOS Condition cause : null
2025-04-16 12:32:19,949 [WARN] ConditionMgr:1039 - genDependencies : Invalid condition id : UX DEVICE CLASS RTOS Condition cause : null
2025-04-16 12:32:19,967 [WARN] PackLoader:240 - Cannot read IP mode file for STMicroelectronics.X-CUBE-GNSS1.7.0.1
2025-04-16 12:32:19,986 [WARN] PackLoader:240 - Cannot read IP mode file for STMicroelectronics.X-CUBE-TOUCHGFX.4.25.0
2025-04-16 12:32:20,006 [WARN] PackLoader:240 - Cannot read IP mode file for STMicroelectronics.FP-SNS-STBOX1.2.0.0
2025-04-16 12:32:20,034 [WARN] PackLoader:240 - Cannot read IP mode file for STMicroelectronics.X-CUBE-SUBG2.5.0.0
2025-04-16 12:32:20,078 [WARN] PackLoader:240 - Cannot read IP mode file for STMicroelectronics.X-CUBE-AZRTOS-H7RS.1.1.0
2025-04-16 12:32:20,097 [WARN] PackLoader:240 - Cannot read IP mode file for Cesanta.I-CUBE-Mongoose.7.13.0
2025-04-16 12:32:20,130 [WARN] PackLoader:240 - Cannot read IP mode file for STMicroelectronics.X-CUBE-AZRTOS-G4.2.0.0
2025-04-16 12:32:20,148 [WARN] PackLoader:240 - Cannot read IP mode file for STMicroelectronics.X-CUBE-ISPU.2.0.0
2025-04-16 12:32:20,168 [ERROR] Engine:466 - C:\Users\hyeon\.stm32cubemx\thirdparties\pdsc\STMicroelectronics.X-CUBE-IPS.3.1.0.pdsc: PDSC version is not supported
2025-04-16 12:32:20,184 [WARN] PackLoader:240 - Cannot read IP mode file for STMicroelectronics.X-CUBE-ALS.1.0.2
2025-04-16 12:32:20,241 [WARN] PackLoader:240 - Cannot read IP mode file for STMicroelectronics.X-CUBE-MEMS1.10.0.0
2025-04-16 12:32:20,457 [WARN] PackLoader:240 - Cannot read IP mode file for STMicroelectronics.X-CUBE-TOUCHGFX.4.24.0
2025-04-16 12:32:20,473 [WARN] PackLoader:240 - Cannot read IP mode file for STMicroelectronics.X-CUBE-TOUCHGFX.4.24.2
2025-04-16 12:32:20,492 [WARN] PackLoader:240 - Cannot read IP mode file for portGmbH.I-Cube-SoM-uGOAL.1.1.0
2025-04-16 12:32:20,527 [WARN] PackLoader:240 - Cannot read IP mode file for STMicroelectronics.X-CUBE-AZRTOS-H7RS.1.0.0
2025-04-16 12:32:20,547 [WARN] PackLoader:240 - Cannot read IP mode file for STMicroelectronics.FP-ATR-ASTRA1.2.0.0
2025-04-16 12:32:20,573 [WARN] PackLoader:240 - Cannot read IP mode file for STMicroelectronics.X-CUBE-TOF1.3.4.2
2025-04-16 12:32:20,605 [WARN] PackLoader:240 - Cannot read IP mode file for STMicroelectronics.X-CUBE-TOF1.3.4.1
2025-04-16 12:32:20,653 [WARN] PackLoader:240 - Cannot read IP mode file for STMicroelectronics.X-CUBE-AZRTOS-H7.3.2.0
2025-04-16 12:32:20,691 [WARN] PackLoader:240 - Cannot read IP mode file for Infineon.AIROC-Wi-Fi-Bluetooth-STM32.1.6.0
2025-04-16 12:32:20,710 [WARN] PackLoader:240 - Cannot read IP mode file for wolfSSL.I-CUBE-wolfSSH.1.4.17
2025-04-16 12:32:20,711 [INFO] ThirdParty:978 - Integrity check success = true
2025-04-16 12:32:20,711 [INFO] IntegrityCheckThread:100 - exiting critical section [integrity check]
2025-04-16 12:32:20,711 [INFO] IntegrityCheckThread:103 - End integrity checks thread
2025-04-16 12:32:22,499 [INFO] WebApp:167 - Instantiating new browser for Auth
2025-04-16 12:32:23,776 [INFO] WebApp:448 - Apply proxy settings
2025-04-16 12:32:23,776 [INFO] WebApp:533 - Chromium requires no authentication
2025-04-16 12:32:23,801 [INFO] WebApp:476 - Direct internet connection detected
2025-04-16 12:32:23,857 [INFO] WebApp:869 - Register for checkConnection events
2025-04-16 12:32:23,857 [INFO] WebApp:448 - Apply proxy settings
2025-04-16 12:32:23,857 [INFO] WebApp:533 - Chromium requires no authentication
2025-04-16 12:32:23,858 [INFO] WebApp:476 - Direct internet connection detected
2025-04-16 12:32:24,105 [INFO] WebApp:220 - Starting web application
2025-04-16 12:32:24,105 [INFO] WebApp:578 - Web application path used C:\ST\STM32CubeIDE_1.16.0\STM32CubeIDE\plugins\com.st.stm32cube.common.mx_6.12.0.202406281431\db\plugins\mcufinder\reactClient1\index.html
2025-04-16 12:32:24,290 [INFO] WebApp:186 - Connection restablished
2025-04-16 12:32:24,344 [INFO] UserAuth:417 - Internet connection configuration mode: 1
2025-04-16 15:20:56,772 [ERROR] LogOutputStream:75 - [STDERR_REDIRECT] 
