2025-04-15 16:37:47,385 [INFO] Activator:176 - 


2025-04-15 16:37:47,398 [INFO] Activator:177 - !SESSION log4j initialized
2025-04-15 16:37:56,712 [INFO] LogOutputStream:77 - [STDOUT_REDIRECT] 
2025-04-15 16:38:01,709 [INFO] ApplicationProperties:184 - Using Application install path: C:\ST\STM32CubeIDE_1.16.0\STM32CubeIDE\plugins\com.st.stm32cube.common.mx_6.12.0.202406281431
2025-04-15 16:38:01,745 [INFO] DbMcusXml:78 - Set database path to: C:\ST\STM32CubeIDE_1.16.0\STM32CubeIDE\plugins\com.st.stm32cube.common.mx_6.12.0.202406281431\\db\/mcu/
2025-04-15 16:38:01,746 [INFO] ApiDb:274 - Set plugin database path to: C:\ST\STM32CubeIDE_1.16.0\STM32CubeIDE\plugins\com.st.stm32cube.common.mx_6.12.0.202406281431\\db\/plugins/boardmanager/
2025-04-15 16:38:01,747 [WARN] ApiDb:259 - Overriding images path with different value:  => C:\ST\STM32CubeIDE_1.16.0\STM32CubeIDE\plugins\com.st.stm32cube.common.mx_6.12.0.202406281431\\db\/plugins/mcufinder/images/
2025-04-15 16:38:01,767 [INFO] ApiDb:250 - Set database path to: C:\Users\hyeon\.stmcufinder\plugins\mcufinder//mcu/
2025-04-15 16:38:01,769 [INFO] DbMcusAds:125 - Set database path to: C:\Users\hyeon\.stmcufinder\plugins\mcufinder//mcu/
2025-04-15 16:38:01,772 [INFO] CrossReferenceDbSqlite:203 - Set database path to: C:\Users\hyeon\.stmcufinder\plugins\mcufinder//mcu/cs/
2025-04-15 16:38:01,942 [INFO] RulesReader:64 - Compatibility file has been processed (297 Rules)
2025-04-15 16:38:02,077 [INFO] DbMcusXml:78 - Set database path to: C:\ST\STM32CubeIDE_1.16.0\STM32CubeIDE\plugins\com.st.stm32cube.common.mx_6.12.0.202406281431\\db\/mcu/
2025-04-15 16:38:02,077 [INFO] ApiDb:274 - Set plugin database path to: C:\ST\STM32CubeIDE_1.16.0\STM32CubeIDE\plugins\com.st.stm32cube.common.mx_6.12.0.202406281431\\db\/plugins/boardmanager/
2025-04-15 16:38:02,077 [INFO] ApiDb:261 - Set plugin images path to: C:\ST\STM32CubeIDE_1.16.0\STM32CubeIDE\plugins\com.st.stm32cube.common.mx_6.12.0.202406281431\\db\/plugins/mcufinder/images/
2025-04-15 16:38:02,078 [WARN] DbFile:41 - Overriding database path with different value: C:\Users\hyeon\.stmcufinder\plugins\mcufinder/ => C:\Users\hyeon\.stmcufinder\plugins\mcufinder
2025-04-15 16:38:02,078 [INFO] ApiDb:250 - Set database path to: C:\Users\hyeon\.stmcufinder\plugins\mcufinder//mcu/
2025-04-15 16:38:02,078 [WARN] DbFile:41 - Overriding database path with different value: C:\Users\hyeon\.stmcufinder\plugins\mcufinder/ => C:\Users\hyeon\.stmcufinder\plugins\mcufinder
2025-04-15 16:38:02,078 [INFO] DbMcusAds:125 - Set database path to: C:\Users\hyeon\.stmcufinder\plugins\mcufinder//mcu/
2025-04-15 16:38:02,078 [WARN] DbFile:41 - Overriding database path with different value: C:\Users\hyeon\.stmcufinder\plugins\mcufinder/ => C:\Users\hyeon\.stmcufinder\plugins\mcufinder
2025-04-15 16:38:02,078 [WARN] DbFile:41 - Overriding database path with different value: C:\Users\hyeon\.stmcufinder\plugins\mcufinder/ => C:\Users\hyeon\.stmcufinder\plugins\mcufinder
2025-04-15 16:38:02,079 [INFO] CrossReferenceDbSqlite:203 - Set database path to: C:\Users\hyeon\.stmcufinder\plugins\mcufinder//mcu/cs/
2025-04-15 16:38:02,221 [INFO] MainPanel:268 - HeapMemory: 268435456
2025-04-15 16:38:02,384 [INFO] DbMcusXml:78 - Set database path to: C:\ST\STM32CubeIDE_1.16.0\STM32CubeIDE\plugins\com.st.stm32cube.common.mx_6.12.0.202406281431\\db\/mcu/
2025-04-15 16:38:02,385 [INFO] ApiDb:274 - Set plugin database path to: C:\ST\STM32CubeIDE_1.16.0\STM32CubeIDE\plugins\com.st.stm32cube.common.mx_6.12.0.202406281431\\db\/plugins/boardmanager/
2025-04-15 16:38:02,385 [INFO] ApiDb:261 - Set plugin images path to: C:\ST\STM32CubeIDE_1.16.0\STM32CubeIDE\plugins\com.st.stm32cube.common.mx_6.12.0.202406281431\\db\/plugins/mcufinder/images/
2025-04-15 16:38:02,385 [WARN] DbFile:41 - Overriding database path with different value: C:\Users\hyeon\.stmcufinder\plugins\mcufinder/ => C:\Users\hyeon\.stmcufinder\plugins\mcufinder
2025-04-15 16:38:02,385 [INFO] ApiDb:250 - Set database path to: C:\Users\hyeon\.stmcufinder\plugins\mcufinder//mcu/
2025-04-15 16:38:02,385 [WARN] DbFile:41 - Overriding database path with different value: C:\Users\hyeon\.stmcufinder\plugins\mcufinder/ => C:\Users\hyeon\.stmcufinder\plugins\mcufinder
2025-04-15 16:38:02,386 [INFO] DbMcusAds:125 - Set database path to: C:\Users\hyeon\.stmcufinder\plugins\mcufinder//mcu/
2025-04-15 16:38:02,386 [WARN] DbFile:41 - Overriding database path with different value: C:\Users\hyeon\.stmcufinder\plugins\mcufinder/ => C:\Users\hyeon\.stmcufinder\plugins\mcufinder
2025-04-15 16:38:02,386 [WARN] DbFile:41 - Overriding database path with different value: C:\Users\hyeon\.stmcufinder\plugins\mcufinder/ => C:\Users\hyeon\.stmcufinder\plugins\mcufinder
2025-04-15 16:38:02,386 [INFO] CrossReferenceDbSqlite:203 - Set database path to: C:\Users\hyeon\.stmcufinder\plugins\mcufinder//mcu/cs/
2025-04-15 16:38:02,408 [INFO] ApplicationProperties:184 - Using Application install path: C:\ST\STM32CubeIDE_1.16.0\STM32CubeIDE\plugins\com.st.stm32cube.common.mx_6.12.0.202406281431
2025-04-15 16:38:02,410 [INFO] PluginManage:196 - Search for loadable plugins [exclusion list=, ]
2025-04-15 16:38:02,412 [INFO] PluginManage:310 - Check plugin analytics
2025-04-15 16:38:02,739 [INFO] AnalyticsPlugin:253 - Accepted Software Licenses: STM32CubeMX.6.12.0,STM32CubeMX.6.13.0
2025-04-15 16:38:02,739 [INFO] AnalyticsPlugin:255 - Accepted CMSIS Pack Licenses: 
2025-04-15 16:38:02,739 [INFO] AnalyticsPlugin:257 - Accepted Firmware Licenses: FW.H7.1.11.0,FW.MP2.1.0.0,FW.MP13.1.1.0
2025-04-15 16:38:02,745 [INFO] PluginManage:359 - Loaded plugin analytics (category:tool,tabindex:-1)
2025-04-15 16:38:02,746 [INFO] PluginManage:310 - Check plugin cadmodel
2025-04-15 16:38:02,774 [INFO] CADModel:105 - Init CAD model plugin
2025-04-15 16:38:02,774 [INFO] PluginManage:359 - Loaded plugin cadmodel (category:power,tabindex:5)
2025-04-15 16:38:02,774 [INFO] PluginManage:310 - Check plugin clock
2025-04-15 16:38:02,801 [INFO] PluginManage:359 - Loaded plugin clock (category:base,tabindex:2)
2025-04-15 16:38:02,801 [INFO] PluginManage:310 - Check plugin ddr
2025-04-15 16:38:02,805 [INFO] PluginManage:359 - Loaded plugin ddr (category:tool,tabindex:6)
2025-04-15 16:38:02,805 [INFO] PluginManage:310 - Check plugin filemanager
2025-04-15 16:38:03,014 [INFO] PluginManage:359 - Loaded plugin filemanager (category:base,tabindex:10)
2025-04-15 16:38:03,014 [INFO] PluginManage:310 - Check plugin ipmanager
2025-04-15 16:38:03,027 [INFO] PluginManage:359 - Loaded plugin ipmanager (category:base,tabindex:5)
2025-04-15 16:38:03,027 [INFO] PluginManage:310 - Check plugin lpbam
2025-04-15 16:38:03,051 [INFO] PluginManage:359 - Loaded plugin lpbam (category:base,tabindex:0)
2025-04-15 16:38:03,051 [INFO] PluginManage:310 - Check plugin memorymap
2025-04-15 16:38:03,087 [INFO] PluginManage:359 - Loaded plugin memorymap (category:base,tabindex:4)
2025-04-15 16:38:03,088 [INFO] PluginManage:310 - Check plugin pinoutandconfiguration
2025-04-15 16:38:03,114 [INFO] PluginManage:359 - Loaded plugin pinoutandconfiguration (category:base,tabindex:1)
2025-04-15 16:38:03,114 [INFO] PluginManage:310 - Check plugin pinoutconfig
2025-04-15 16:38:03,254 [WARN] SupportedApi:132 - Cannot load RTOS API schema: s4s-elt-must-match.1: The content of 'definitions' must match (annotation?, (simpleType | complexType)?, (unique | key | keyref)*)). A problem was found starting at: attribute.
2025-04-15 16:38:03,470 [INFO] PluginManage:359 - Loaded plugin pinoutconfig (category:base,tabindex:0)
2025-04-15 16:38:03,470 [INFO] PluginManage:310 - Check plugin power
2025-04-15 16:38:03,496 [INFO] PluginManage:359 - Loaded plugin power (category:power,tabindex:4)
2025-04-15 16:38:03,496 [INFO] PluginManage:310 - Check plugin projectmanager
2025-04-15 16:38:03,516 [INFO] PluginManage:359 - Loaded plugin projectmanager (category:projectmanager,tabindex:4)
2025-04-15 16:38:03,517 [INFO] PluginManage:310 - Check plugin rif
2025-04-15 16:38:03,540 [INFO] PluginManage:359 - Loaded plugin rif (category:base,tabindex:3)
2025-04-15 16:38:03,540 [INFO] PluginManage:310 - Check plugin thirdparty
2025-04-15 16:38:03,948 [INFO] PluginManage:359 - Loaded plugin thirdparty (category:base,tabindex:-1)
2025-04-15 16:38:03,948 [WARN] IntegrityCheckThread:84 - waiting for thirdparty lock release [integrity check]
2025-04-15 16:38:03,948 [INFO] PluginManage:310 - Check plugin tools
2025-04-15 16:38:03,948 [INFO] IntegrityCheckThread:86 - entering critical section [integrity check]
2025-04-15 16:38:03,949 [INFO] ThirdPartyUpdaterWithRetryManager:70 - Updater plugin not ready yet. [1/15]
2025-04-15 16:38:04,010 [INFO] PluginManage:359 - Loaded plugin tools (category:base,tabindex:7)
2025-04-15 16:38:04,010 [INFO] PluginManage:310 - Check plugin tutovideos
2025-04-15 16:38:04,282 [INFO] PluginManage:359 - Loaded plugin tutovideos (category:base,tabindex:-1)
2025-04-15 16:38:04,282 [INFO] PluginManage:310 - Check plugin updater
2025-04-15 16:38:04,310 [INFO] PluginManage:359 - Loaded plugin updater (category:base,tabindex:12)
2025-04-15 16:38:04,310 [INFO] PluginManage:310 - Check plugin userauth
2025-04-15 16:38:04,318 [INFO] UserAuth:113 - Init User Auth plugin
2025-04-15 16:38:04,318 [INFO] PluginManage:359 - Loaded plugin userauth (category:base,tabindex:14)
2025-04-15 16:38:04,319 [INFO] PluginManage:283 - PluginManage : Loaded plugins [18]
2025-04-15 16:38:04,618 [INFO] PinOutPanel:1561 - setPackage(No Configuration,No Configuration)
2025-04-15 16:38:04,745 [INFO] CADModel:165 - CPN selected for project level
2025-04-15 16:38:04,745 [INFO] CADModel:114 - Register for checkConnection events
2025-04-15 16:38:04,816 [INFO] IPUIPlugin:80 - create IPUIPlugin
2025-04-15 16:38:04,816 [INFO] PluginManager:220 - loadIPPluginJar : add adc
2025-04-15 16:38:04,875 [INFO] IPUIPlugin:80 - create IPUIPlugin
2025-04-15 16:38:04,875 [INFO] PluginManager:220 - loadIPPluginJar : add aes
2025-04-15 16:38:04,940 [INFO] IPUIPlugin:80 - create IPUIPlugin
2025-04-15 16:38:04,940 [INFO] PluginManager:220 - loadIPPluginJar : add can
2025-04-15 16:38:04,979 [INFO] IPUIPlugin:80 - create IPUIPlugin
2025-04-15 16:38:04,979 [INFO] PluginManager:220 - loadIPPluginJar : add comp
2025-04-15 16:38:05,037 [INFO] IPUIPlugin:80 - create IPUIPlugin
2025-04-15 16:38:05,038 [INFO] PluginManager:220 - loadIPPluginJar : add cryp
2025-04-15 16:38:05,059 [INFO] IPUIPlugin:80 - create IPUIPlugin
2025-04-15 16:38:05,059 [INFO] PluginManager:220 - loadIPPluginJar : add ddr_ctrl_phy
2025-04-15 16:38:05,124 [INFO] IPUIPlugin:80 - create IPUIPlugin
2025-04-15 16:38:05,124 [INFO] PluginManager:220 - loadIPPluginJar : add dfsdm
2025-04-15 16:38:05,145 [INFO] IPUIPlugin:80 - create IPUIPlugin
2025-04-15 16:38:05,146 [INFO] PluginManager:220 - loadIPPluginJar : add dma
2025-04-15 16:38:05,219 [INFO] IPUIPlugin:80 - create IPUIPlugin
2025-04-15 16:38:05,219 [INFO] PluginManager:220 - loadIPPluginJar : add dma3
2025-04-15 16:38:05,291 [INFO] IPUIPlugin:80 - create IPUIPlugin
2025-04-15 16:38:05,291 [INFO] PluginManager:220 - loadIPPluginJar : add extmemmanager
2025-04-15 16:38:05,324 [INFO] IPUIPlugin:80 - create IPUIPlugin
2025-04-15 16:38:05,324 [INFO] PluginManager:220 - loadIPPluginJar : add fatfs
2025-04-15 16:38:05,399 [INFO] IPUIPlugin:80 - create IPUIPlugin
2025-04-15 16:38:05,400 [INFO] PluginManager:220 - loadIPPluginJar : add fmc
2025-04-15 16:38:05,428 [INFO] IPUIPlugin:80 - create IPUIPlugin
2025-04-15 16:38:05,428 [INFO] PluginManager:220 - loadIPPluginJar : add freertos
2025-04-15 16:38:05,464 [INFO] IPUIPlugin:80 - create IPUIPlugin
2025-04-15 16:38:05,464 [INFO] PluginManager:220 - loadIPPluginJar : add genericplugin
2025-04-15 16:38:05,647 [INFO] IPUIPlugin:80 - create IPUIPlugin
2025-04-15 16:38:05,647 [INFO] PluginManager:220 - loadIPPluginJar : add gfxmmu
2025-04-15 16:38:05,866 [INFO] IPUIPlugin:80 - create IPUIPlugin
2025-04-15 16:38:05,867 [INFO] PluginManager:220 - loadIPPluginJar : add gic
2025-04-15 16:38:05,885 [INFO] IPUIPlugin:80 - create IPUIPlugin
2025-04-15 16:38:05,885 [INFO] PluginManager:220 - loadIPPluginJar : add gpio
2025-04-15 16:38:06,040 [INFO] IPUIPlugin:80 - create IPUIPlugin
2025-04-15 16:38:06,040 [INFO] PluginManager:220 - loadIPPluginJar : add gtzc
2025-04-15 16:38:06,099 [INFO] IPUIPlugin:80 - create IPUIPlugin
2025-04-15 16:38:06,099 [INFO] PluginManager:220 - loadIPPluginJar : add hash
2025-04-15 16:38:06,189 [INFO] IPUIPlugin:80 - create IPUIPlugin
2025-04-15 16:38:06,189 [INFO] PluginManager:220 - loadIPPluginJar : add i2c
2025-04-15 16:38:06,254 [INFO] IPUIPlugin:80 - create IPUIPlugin
2025-04-15 16:38:06,254 [INFO] PluginManager:220 - loadIPPluginJar : add i2s
2025-04-15 16:38:06,328 [INFO] IPUIPlugin:80 - create IPUIPlugin
2025-04-15 16:38:06,328 [INFO] PluginManager:220 - loadIPPluginJar : add i3c
2025-04-15 16:38:06,504 [INFO] IPUIPlugin:80 - create IPUIPlugin
2025-04-15 16:38:06,505 [INFO] PluginManager:220 - loadIPPluginJar : add ipddr
2025-04-15 16:38:06,659 [INFO] IPUIPlugin:80 - create IPUIPlugin
2025-04-15 16:38:06,659 [INFO] PluginManager:220 - loadIPPluginJar : add linkedlist
2025-04-15 16:38:06,720 [INFO] IPUIPlugin:80 - create IPUIPlugin
2025-04-15 16:38:06,720 [INFO] PluginManager:220 - loadIPPluginJar : add lorawan
2025-04-15 16:38:06,787 [INFO] IPUIPlugin:80 - create IPUIPlugin
2025-04-15 16:38:06,787 [INFO] PluginManager:220 - loadIPPluginJar : add ltdc
2025-04-15 16:38:06,807 [INFO] IPUIPlugin:80 - create IPUIPlugin
2025-04-15 16:38:06,807 [INFO] PluginManager:220 - loadIPPluginJar : add mdma
2025-04-15 16:38:06,825 [INFO] IPUIPlugin:80 - create IPUIPlugin
2025-04-15 16:38:06,825 [INFO] PluginManager:220 - loadIPPluginJar : add nvic
2025-04-15 16:38:06,886 [INFO] IPUIPlugin:80 - create IPUIPlugin
2025-04-15 16:38:06,886 [INFO] PluginManager:220 - loadIPPluginJar : add opamp
2025-04-15 16:38:06,950 [INFO] ThirdPartyUpdaterWithRetryManager:70 - Updater plugin not ready yet. [2/15]
2025-04-15 16:38:06,984 [INFO] IPUIPlugin:80 - create IPUIPlugin
2025-04-15 16:38:06,984 [INFO] PluginManager:220 - loadIPPluginJar : add openamp
2025-04-15 16:38:07,072 [INFO] IPUIPlugin:80 - create IPUIPlugin
2025-04-15 16:38:07,072 [INFO] PluginManager:220 - loadIPPluginJar : add pdm2pcm
2025-04-15 16:38:07,102 [INFO] IPUIPlugin:80 - create IPUIPlugin
2025-04-15 16:38:07,109 [INFO] PluginManager:220 - loadIPPluginJar : add plateformsettings
2025-04-15 16:38:07,150 [INFO] IPUIPlugin:80 - create IPUIPlugin
2025-04-15 16:38:07,151 [INFO] PluginManager:220 - loadIPPluginJar : add quadspi
2025-04-15 16:38:07,202 [INFO] IPUIPlugin:80 - create IPUIPlugin
2025-04-15 16:38:07,203 [INFO] PluginManager:220 - loadIPPluginJar : add radio
2025-04-15 16:38:07,227 [INFO] IPUIPlugin:80 - create IPUIPlugin
2025-04-15 16:38:07,228 [INFO] PluginManager:220 - loadIPPluginJar : add resmgrutility
2025-04-15 16:38:07,313 [INFO] IPUIPlugin:80 - create IPUIPlugin
2025-04-15 16:38:07,313 [INFO] PluginManager:220 - loadIPPluginJar : add sai
2025-04-15 16:38:07,375 [INFO] IPUIPlugin:80 - create IPUIPlugin
2025-04-15 16:38:07,375 [INFO] PluginManager:220 - loadIPPluginJar : add spi
2025-04-15 16:38:07,486 [INFO] IPUIPlugin:80 - create IPUIPlugin
2025-04-15 16:38:07,486 [INFO] PluginManager:220 - loadIPPluginJar : add stm32_wpan
2025-04-15 16:38:07,528 [INFO] IPUIPlugin:80 - create IPUIPlugin
2025-04-15 16:38:07,528 [INFO] PluginManager:220 - loadIPPluginJar : add tim
2025-04-15 16:38:07,644 [INFO] IPUIPlugin:80 - create IPUIPlugin
2025-04-15 16:38:07,645 [INFO] PluginManager:220 - loadIPPluginJar : add touchsensing
2025-04-15 16:38:07,687 [INFO] IPUIPlugin:80 - create IPUIPlugin
2025-04-15 16:38:07,688 [INFO] PluginManager:220 - loadIPPluginJar : add tracer_emb
2025-04-15 16:38:07,726 [INFO] IPUIPlugin:80 - create IPUIPlugin
2025-04-15 16:38:07,726 [INFO] PluginManager:220 - loadIPPluginJar : add ts
2025-04-15 16:38:07,764 [INFO] IPUIPlugin:80 - create IPUIPlugin
2025-04-15 16:38:07,764 [INFO] PluginManager:220 - loadIPPluginJar : add tsc
2025-04-15 16:38:07,799 [INFO] IPUIPlugin:80 - create IPUIPlugin
2025-04-15 16:38:07,799 [INFO] PluginManager:220 - loadIPPluginJar : add ucpd
2025-04-15 16:38:07,867 [INFO] IPUIPlugin:80 - create IPUIPlugin
2025-04-15 16:38:07,867 [INFO] PluginManager:220 - loadIPPluginJar : add usart
2025-04-15 16:38:07,934 [INFO] IPUIPlugin:80 - create IPUIPlugin
2025-04-15 16:38:07,934 [INFO] PluginManager:220 - loadIPPluginJar : add usbx
2025-04-15 16:38:08,105 [INFO] CADModel:165 - CPN selected for project level
2025-04-15 16:38:08,106 [INFO] CADModel:114 - Register for checkConnection events
2025-04-15 16:38:08,106 [FATAL] Updater:334 - Updater called before beeing initialized
2025-04-15 16:38:08,106 [ERROR] CADModel:125 - Updater not yet initialized, retry later 
2025-04-15 16:38:08,315 [INFO] CADModel:165 - CPN selected for project level
2025-04-15 16:38:08,315 [INFO] CADModel:114 - Register for checkConnection events
2025-04-15 16:38:08,315 [FATAL] Updater:334 - Updater called before beeing initialized
2025-04-15 16:38:08,316 [ERROR] CADModel:125 - Updater not yet initialized, retry later 
2025-04-15 16:38:08,321 [FATAL] Updater:334 - Updater called before beeing initialized
2025-04-15 16:38:08,488 [FATAL] Updater:334 - Updater called before beeing initialized
2025-04-15 16:38:08,504 [INFO] DbMcusAds:53 - JSON generation date=Thu Mar 06 23:54:22 KST 2025 (1741272862297)
2025-04-15 16:38:08,504 [FATAL] Updater:334 - Updater called before beeing initialized
2025-04-15 16:38:08,560 [WARN] DetailPanel:346 - Failed to get advertising image, set to default
2025-04-15 16:38:08,736 [FATAL] Updater:334 - Updater called before beeing initialized
2025-04-15 16:38:08,741 [FATAL] Updater:334 - Updater called before beeing initialized
2025-04-15 16:38:08,742 [FATAL] Updater:334 - Updater called before beeing initialized
2025-04-15 16:38:08,742 [WARN] DetailPanel:346 - Failed to get advertising image, set to default
2025-04-15 16:38:08,743 [FATAL] Updater:334 - Updater called before beeing initialized
2025-04-15 16:38:08,855 [ERROR] Updater:1164 - MainUpdater not yet initialized. External WinMGr cannot be set.
2025-04-15 16:38:08,871 [INFO] Updater:1100 - Updater Version found : 6.12.0
2025-04-15 16:38:08,899 [INFO] ApplicationProperties:184 - Using Application install path: C:\ST\STM32CubeIDE_1.16.0\STM32CubeIDE\plugins\com.st.stm32cube.common.mx_6.12.0.202406281431
2025-04-15 16:38:09,520 [INFO] MainUpdater:2873 - connection check result : 10
2025-04-15 16:38:09,521 [INFO] MainUpdater:290 - Updater Check For Update Now.
2025-04-15 16:38:09,521 [INFO] MicroXplorer:498 - Change Database Version : DB.6.0.120
2025-04-15 16:38:09,547 [INFO] McuFinderGlobals:63 - Set McuFinder mode to 2 (CubeIDE integrated)
2025-04-15 16:38:09,557 [INFO] UserAuth:417 - Internet connection configuration mode: 1
2025-04-15 16:38:09,619 [INFO] JxBrowserEngine:152 - Initiate JxBrowser Engine with user profile folder
2025-04-15 16:38:09,780 [INFO] CheckServerUpdateThread:120 - End of CheckServer Thread
2025-04-15 16:38:10,391 [WARN] PackLoader:240 - Cannot read IP mode file for STMicroelectronics.FP-SNS-MOTENVWB1.1.4.0
2025-04-15 16:38:10,420 [WARN] PackLoader:240 - Cannot read IP mode file for STMicroelectronics.FP-ATR-ASTRA1.2.0.2
2025-04-15 16:38:10,436 [WARN] PackLoader:240 - Cannot read IP mode file for STMicroelectronics.FP-ATR-ASTRA1.2.0.1
2025-04-15 16:38:10,462 [WARN] PackLoader:240 - Cannot read IP mode file for STMicroelectronics.X-CUBE-SMBUS.2.1.0
2025-04-15 16:38:10,484 [WARN] PackLoader:240 - Cannot read IP mode file for STMicroelectronics.X-CUBE-WB05N.1.1.0
2025-04-15 16:38:10,547 [WARN] PackLoader:240 - Cannot read IP mode file for STMicroelectronics.X-CUBE-AZRTOS-F7.1.1.0
2025-04-15 16:38:10,569 [WARN] PackLoader:240 - Cannot read IP mode file for STMicroelectronics.FP-SNS-FLIGHT1.5.0.2
2025-04-15 16:38:10,592 [WARN] PackLoader:240 - Cannot read IP mode file for STMicroelectronics.X-CUBE-DISPLAY.3.0.0
2025-04-15 16:38:10,617 [WARN] PackLoader:240 - Cannot read IP mode file for STMicroelectronics.X-CUBE-BLE1.7.0.0
2025-04-15 16:38:10,638 [WARN] PackLoader:240 - Cannot read IP mode file for STMicroelectronics.X-CUBE-NFC10.1.0.0
2025-04-15 16:38:10,666 [WARN] PackLoader:240 - Cannot read IP mode file for STMicroelectronics.X-CUBE-BLEMGR.4.0.0
2025-04-15 16:38:10,691 [WARN] PackLoader:240 - Cannot read IP mode file for emotas.I-CUBE-CANOPEN.1.3.0
2025-04-15 16:38:10,720 [WARN] PackLoader:240 - Cannot read IP mode file for STMicroelectronics.X-CUBE-BLEMGR.3.1.0
2025-04-15 16:38:10,740 [WARN] PackLoader:240 - Cannot read IP mode file for STMicroelectronics.X-CUBE-AI.10.0.0
2025-04-15 16:38:10,761 [WARN] PackLoader:240 - Cannot read IP mode file for STMicroelectronics.FP-SNS-SMARTAG2.1.2.0
2025-04-15 16:38:10,777 [ERROR] Engine:466 - C:\Users\hyeon\.stm32cubemx\thirdparties\pdsc\STMicroelectronics.FP-SNS-FLIGHT1.5.1.0.pdsc: PDSC version is not supported
2025-04-15 16:38:10,872 [WARN] PackLoader:240 - Cannot read IP mode file for STMicroelectronics.X-CUBE-MEMS1.11.1.0
2025-04-15 16:38:11,084 [INFO] LogOutputStream:77 - [STDOUT_REDIRECT] 1 : Invalid condition id : UX_CORESTACK_Condition cause : null
2025-04-15 16:38:11,085 [INFO] LogOutputStream:77 - [STDOUT_REDIRECT] 1 : Invalid condition id : UX_CORESTACK_Condition cause : null
2025-04-15 16:38:11,088 [INFO] LogOutputStream:77 - [STDOUT_REDIRECT] 1 : Invalid condition id : UX_CORESTACK_Condition cause : null
2025-04-15 16:38:11,091 [INFO] LogOutputStream:77 - [STDOUT_REDIRECT] 1 : Invalid condition id : UX_CORESTACK_Condition cause : null
2025-04-15 16:38:11,094 [INFO] LogOutputStream:77 - [STDOUT_REDIRECT] 1 : Invalid condition id : UX_CORESTACK_Condition cause : null
2025-04-15 16:38:11,100 [WARN] PackLoader:240 - Cannot read IP mode file for STMicroelectronics.X-CUBE-AZRTOS-WL.2.0.0
2025-04-15 16:38:11,123 [WARN] PackLoader:240 - Cannot read IP mode file for STMicroelectronics.FP-SNS-MOTENV1.5.0.0
2025-04-15 16:38:11,167 [WARN] PackLoader:240 - Cannot read IP mode file for wolfSSL.I-CUBE-wolfMQTT.1.19.0
2025-04-15 16:38:11,197 [WARN] PackLoader:240 - Cannot read IP mode file for WES.I-CUBE-Cesium.1.3.0
2025-04-15 16:38:11,221 [WARN] PackLoader:240 - Cannot read IP mode file for STMicroelectronics.X-CUBE-BLE2.3.3.0
2025-04-15 16:38:11,241 [WARN] PackLoader:240 - Cannot read IP mode file for STMicroelectronics.X-CUBE-NFC9.1.0.0
2025-04-15 16:38:11,259 [WARN] PackLoader:240 - Cannot read IP mode file for STMicroelectronics.X-CUBE-BLE1.7.1.0
2025-04-15 16:38:11,279 [WARN] PackLoader:240 - Cannot read IP mode file for STMicroelectronics.X-CUBE-TCPP.4.1.0
2025-04-15 16:38:11,316 [WARN] PackLoader:240 - Cannot read IP mode file for STMicroelectronics.X-CUBE-AZRTOS-G0.1.1.0
2025-04-15 16:38:11,337 [WARN] PackLoader:240 - Cannot read IP mode file for STMicroelectronics.X-CUBE-SAFEA1.1.2.2
2025-04-15 16:38:11,357 [WARN] PackLoader:240 - Cannot read IP mode file for STMicroelectronics.X-CUBE-NFC4.3.0.0
2025-04-15 16:38:11,382 [WARN] PackLoader:240 - Cannot read IP mode file for EmbeddedOffice.I-CUBE-FS-RTOS.1.0.1
2025-04-15 16:38:11,382 [ERROR] ConditionMgr:805 - Attr not supported : Dmpu
2025-04-15 16:38:11,383 [ERROR] ConditionMgr:805 - Attr not supported : Dmpu
2025-04-15 16:38:11,383 [ERROR] ConditionMgr:805 - Attr not supported : Dmpu
2025-04-15 16:38:11,383 [ERROR] ConditionMgr:805 - Attr not supported : Dmpu
2025-04-15 16:38:11,383 [ERROR] ConditionMgr:805 - Attr not supported : Dmpu
2025-04-15 16:38:11,383 [ERROR] ConditionMgr:805 - Attr not supported : Dmpu
2025-04-15 16:38:11,383 [ERROR] ConditionMgr:805 - Attr not supported : Dmpu
2025-04-15 16:38:11,383 [ERROR] ConditionMgr:805 - Attr not supported : Dmpu
2025-04-15 16:38:11,383 [ERROR] ConditionMgr:805 - Attr not supported : Dmpu
2025-04-15 16:38:11,383 [ERROR] ConditionMgr:805 - Attr not supported : Dmpu
2025-04-15 16:38:11,383 [ERROR] ConditionMgr:805 - Attr not supported : Dmpu
2025-04-15 16:38:11,384 [ERROR] ConditionMgr:805 - Attr not supported : Dmpu
2025-04-15 16:38:11,384 [ERROR] ConditionMgr:805 - Attr not supported : Dmpu
2025-04-15 16:38:11,384 [ERROR] ConditionMgr:805 - Attr not supported : Dmpu
2025-04-15 16:38:11,384 [ERROR] ConditionMgr:805 - Attr not supported : Dmpu
2025-04-15 16:38:11,384 [ERROR] ConditionMgr:805 - Attr not supported : Dmpu
2025-04-15 16:38:11,384 [ERROR] ConditionMgr:805 - Attr not supported : Dmpu
2025-04-15 16:38:11,384 [ERROR] ConditionMgr:805 - Attr not supported : Dmpu
2025-04-15 16:38:11,384 [ERROR] ConditionMgr:805 - Attr not supported : Dmpu
2025-04-15 16:38:11,384 [ERROR] ConditionMgr:805 - Attr not supported : Dmpu
2025-04-15 16:38:11,384 [ERROR] ConditionMgr:805 - Attr not supported : Dmpu
2025-04-15 16:38:11,384 [ERROR] ConditionMgr:805 - Attr not supported : Dmpu
2025-04-15 16:38:11,385 [ERROR] ConditionMgr:805 - Attr not supported : Dmpu
2025-04-15 16:38:11,385 [ERROR] ConditionMgr:805 - Attr not supported : Dmpu
2025-04-15 16:38:11,385 [ERROR] ConditionMgr:805 - Attr not supported : Dmpu
2025-04-15 16:38:11,385 [ERROR] ConditionMgr:805 - Attr not supported : Dmpu
2025-04-15 16:38:11,385 [ERROR] ConditionMgr:805 - Attr not supported : Dmpu
2025-04-15 16:38:11,385 [ERROR] ConditionMgr:805 - Attr not supported : Dmpu
2025-04-15 16:38:11,385 [ERROR] ConditionMgr:805 - Attr not supported : Dmpu
2025-04-15 16:38:11,385 [ERROR] ConditionMgr:805 - Attr not supported : Dmpu
2025-04-15 16:38:11,385 [ERROR] ConditionMgr:805 - Attr not supported : Dmpu
2025-04-15 16:38:11,385 [ERROR] ConditionMgr:805 - Attr not supported : Dmpu
2025-04-15 16:38:11,385 [ERROR] ConditionMgr:805 - Attr not supported : Dmpu
2025-04-15 16:38:11,386 [ERROR] ConditionMgr:805 - Attr not supported : Dmpu
2025-04-15 16:38:11,386 [ERROR] ConditionMgr:805 - Attr not supported : Dmpu
2025-04-15 16:38:11,386 [ERROR] ConditionMgr:805 - Attr not supported : Dmpu
2025-04-15 16:38:11,386 [ERROR] ConditionMgr:805 - Attr not supported : Dmpu
2025-04-15 16:38:11,386 [ERROR] ConditionMgr:805 - Attr not supported : Dmpu
2025-04-15 16:38:11,386 [ERROR] ConditionMgr:805 - Attr not supported : Dmpu
2025-04-15 16:38:11,386 [ERROR] ConditionMgr:805 - Attr not supported : Dmpu
2025-04-15 16:38:11,386 [ERROR] ConditionMgr:805 - Attr not supported : Dmpu
2025-04-15 16:38:11,386 [ERROR] ConditionMgr:805 - Attr not supported : Dmpu
2025-04-15 16:38:11,386 [ERROR] ConditionMgr:805 - Attr not supported : Dmpu
2025-04-15 16:38:11,387 [ERROR] ConditionMgr:805 - Attr not supported : Dmpu
2025-04-15 16:38:11,387 [ERROR] ConditionMgr:805 - Attr not supported : Dmpu
2025-04-15 16:38:11,387 [ERROR] ConditionMgr:805 - Attr not supported : Dmpu
2025-04-15 16:38:11,387 [ERROR] ConditionMgr:805 - Attr not supported : Dmpu
2025-04-15 16:38:11,387 [ERROR] ConditionMgr:805 - Attr not supported : Dmpu
2025-04-15 16:38:11,387 [ERROR] ConditionMgr:805 - Attr not supported : Dmpu
2025-04-15 16:38:11,387 [ERROR] ConditionMgr:805 - Attr not supported : Dmpu
2025-04-15 16:38:11,387 [ERROR] ConditionMgr:805 - Attr not supported : Dmpu
2025-04-15 16:38:11,387 [ERROR] ConditionMgr:805 - Attr not supported : Dmpu
2025-04-15 16:38:11,387 [ERROR] ConditionMgr:805 - Attr not supported : Dmpu
2025-04-15 16:38:11,387 [ERROR] ConditionMgr:805 - Attr not supported : Dmpu
2025-04-15 16:38:11,388 [ERROR] ConditionMgr:805 - Attr not supported : Dmpu
2025-04-15 16:38:11,388 [ERROR] ConditionMgr:805 - Attr not supported : Dmpu
2025-04-15 16:38:11,388 [ERROR] ConditionMgr:805 - Attr not supported : Dmpu
2025-04-15 16:38:11,388 [ERROR] ConditionMgr:805 - Attr not supported : Dmpu
2025-04-15 16:38:11,388 [ERROR] ConditionMgr:805 - Attr not supported : Dmpu
2025-04-15 16:38:11,388 [ERROR] ConditionMgr:805 - Attr not supported : Dmpu
2025-04-15 16:38:11,388 [ERROR] ConditionMgr:805 - Attr not supported : Dmpu
2025-04-15 16:38:11,388 [ERROR] ConditionMgr:805 - Attr not supported : Dmpu
2025-04-15 16:38:11,388 [ERROR] ConditionMgr:805 - Attr not supported : Dmpu
2025-04-15 16:38:11,388 [ERROR] ConditionMgr:805 - Attr not supported : Dmpu
2025-04-15 16:38:11,404 [ERROR] Engine:466 - C:\Users\hyeon\.stm32cubemx\thirdparties\pdsc\STMicroelectronics.X-CUBE-TCPP.4.2.0.pdsc: PDSC version is not supported
2025-04-15 16:38:11,423 [WARN] PackLoader:240 - Cannot read IP mode file for RealThread.X-CUBE-RT-Thread_Nano.4.1.1
2025-04-15 16:38:11,440 [WARN] PackLoader:240 - Cannot read IP mode file for wolfSSL.I-CUBE-wolfSSL.5.7.0
2025-04-15 16:38:11,457 [WARN] PackLoader:240 - Cannot read IP mode file for STMicroelectronics.FP-ATR-SIGFOX1.3.2.0
2025-04-15 16:38:11,475 [WARN] ConditionMgr:438 - getConditionDescription Invalid condition id : Cortex-A Device cause : null
2025-04-15 16:38:11,503 [WARN] ConditionMgr:1039 - genDependencies : Invalid condition id : Cortex-A Device cause : null
2025-04-15 16:38:11,503 [WARN] ConditionMgr:1039 - genDependencies : Invalid condition id : Cortex-A Device cause : null
2025-04-15 16:38:11,503 [WARN] ConditionMgr:1039 - genDependencies : Invalid condition id : Cortex-A Device cause : null
2025-04-15 16:38:11,522 [WARN] PackLoader:240 - Cannot read IP mode file for STMicroelectronics.X-CUBE-EEPRMA1.5.1.0
2025-04-15 16:38:11,546 [WARN] PackLoader:240 - Cannot read IP mode file for ITTIA_DB.I-CUBE-ITTIADB.8.9.0
2025-04-15 16:38:11,597 [WARN] PackLoader:240 - Cannot read IP mode file for SEGGER.I-CUBE-embOS.1.3.1
2025-04-15 16:38:11,674 [WARN] PackLoader:240 - Cannot read IP mode file for STMicroelectronics.X-CUBE-ALGOBUILD.1.4.0
2025-04-15 16:38:11,691 [WARN] PackLoader:240 - Cannot read IP mode file for STMicroelectronics.X-CUBE-AI.9.1.0
2025-04-15 16:38:11,710 [WARN] PackLoader:240 - Cannot read IP mode file for STMicroelectronics.X-CUBE-GNSS1.6.0.0
2025-04-15 16:38:11,748 [WARN] PackLoader:240 - Cannot read IP mode file for STMicroelectronics.X-CUBE-AZRTOS-F4.1.1.0
2025-04-15 16:38:11,769 [WARN] PackLoader:240 - Cannot read IP mode file for STMicroelectronics.X-CUBE-ISPU.2.1.0
2025-04-15 16:38:11,788 [WARN] PackLoader:240 - Cannot read IP mode file for STMicroelectronics.X-CUBE-FREERTOS.1.2.0
2025-04-15 16:38:11,830 [WARN] PackLoader:240 - Cannot read IP mode file for STMicroelectronics.X-CUBE-AZRTOS-L5.2.0.0
2025-04-15 16:38:11,853 [WARN] PackLoader:240 - Cannot read IP mode file for STMicroelectronics.X-CUBE-NFC6.3.1.0
2025-04-15 16:38:11,874 [WARN] PackLoader:240 - Cannot read IP mode file for STMicroelectronics.X-CUBE-DPower.1.2.0
2025-04-15 16:38:11,891 [WARN] PackLoader:240 - Cannot read IP mode file for STMicroelectronics.X-CUBE-AI.9.0.0
2025-04-15 16:38:11,907 [WARN] PackLoader:240 - Cannot read IP mode file for STMicroelectronics.X-CUBE-FREERTOS.1.3.0
2025-04-15 16:38:11,925 [WARN] PackLoader:240 - Cannot read IP mode file for STMicroelectronics.X-CUBE-NFC7.1.0.1
2025-04-15 16:38:11,944 [WARN] PackLoader:240 - Cannot read IP mode file for wolfSSL.I-CUBE-wolfTPM.3.2.0
2025-04-15 16:38:11,962 [WARN] PackLoader:240 - Cannot read IP mode file for STMicroelectronics.X-CUBE-DPower.1.3.0
2025-04-15 16:38:12,001 [WARN] ConditionMgr:438 - getConditionDescription Invalid condition id : LAN8742 Phy interface Condition cause : null
2025-04-15 16:38:12,002 [WARN] PackLoader:240 - Cannot read IP mode file for STMicroelectronics.X-CUBE-AZRTOS-L4.2.0.0
2025-04-15 16:38:12,003 [WARN] ConditionMgr:1039 - genDependencies : Invalid condition id : LAN8742 Phy interface Condition cause : null
2025-04-15 16:38:12,003 [WARN] ConditionMgr:1039 - genDependencies : Invalid condition id : LAN8742 Phy interface Condition cause : null
2025-04-15 16:38:12,004 [WARN] ConditionMgr:1039 - genDependencies : Invalid condition id : LAN8742 Phy interface Condition cause : null
2025-04-15 16:38:12,024 [WARN] PackLoader:240 - Cannot read IP mode file for STMicroelectronics.X-CUBE-SFXS2LP1.4.0.0
2025-04-15 16:38:12,065 [WARN] PackLoader:240 - Cannot read IP mode file for STMicroelectronics.X-CUBE-AZRTOS-H7.3.3.0
2025-04-15 16:38:12,102 [WARN] ConditionMgr:438 - getConditionDescription Invalid condition id : UX DEVICE CLASS RTOS Condition cause : null
2025-04-15 16:38:12,102 [WARN] ConditionMgr:438 - getConditionDescription Invalid condition id : UX DEVICE CLASS RTOS Condition cause : null
2025-04-15 16:38:12,104 [WARN] PackLoader:240 - Cannot read IP mode file for STMicroelectronics.X-CUBE-AZRTOS-WB.2.0.0
2025-04-15 16:38:12,105 [WARN] ConditionMgr:1039 - genDependencies : Invalid condition id : UX DEVICE CLASS RTOS Condition cause : null
2025-04-15 16:38:12,105 [WARN] ConditionMgr:1039 - genDependencies : Invalid condition id : UX DEVICE CLASS RTOS Condition cause : null
2025-04-15 16:38:12,105 [WARN] ConditionMgr:1039 - genDependencies : Invalid condition id : UX DEVICE CLASS RTOS Condition cause : null
2025-04-15 16:38:12,106 [WARN] ConditionMgr:1039 - genDependencies : Invalid condition id : UX DEVICE CLASS RTOS Condition cause : null
2025-04-15 16:38:12,106 [WARN] ConditionMgr:1039 - genDependencies : Invalid condition id : UX DEVICE CLASS RTOS Condition cause : null
2025-04-15 16:38:12,125 [WARN] PackLoader:240 - Cannot read IP mode file for STMicroelectronics.X-CUBE-GNSS1.7.0.1
2025-04-15 16:38:12,146 [WARN] PackLoader:240 - Cannot read IP mode file for STMicroelectronics.X-CUBE-TOUCHGFX.4.25.0
2025-04-15 16:38:12,173 [WARN] PackLoader:240 - Cannot read IP mode file for STMicroelectronics.FP-SNS-STBOX1.2.0.0
2025-04-15 16:38:12,215 [WARN] PackLoader:240 - Cannot read IP mode file for STMicroelectronics.X-CUBE-SUBG2.5.0.0
2025-04-15 16:38:12,295 [WARN] PackLoader:240 - Cannot read IP mode file for STMicroelectronics.X-CUBE-AZRTOS-H7RS.1.1.0
2025-04-15 16:38:12,326 [WARN] PackLoader:240 - Cannot read IP mode file for Cesanta.I-CUBE-Mongoose.7.13.0
2025-04-15 16:38:12,368 [WARN] PackLoader:240 - Cannot read IP mode file for STMicroelectronics.X-CUBE-AZRTOS-G4.2.0.0
2025-04-15 16:38:12,386 [WARN] PackLoader:240 - Cannot read IP mode file for STMicroelectronics.X-CUBE-ISPU.2.0.0
2025-04-15 16:38:12,407 [ERROR] Engine:466 - C:\Users\hyeon\.stm32cubemx\thirdparties\pdsc\STMicroelectronics.X-CUBE-IPS.3.1.0.pdsc: PDSC version is not supported
2025-04-15 16:38:12,424 [WARN] PackLoader:240 - Cannot read IP mode file for STMicroelectronics.X-CUBE-ALS.1.0.2
2025-04-15 16:38:12,503 [WARN] PackLoader:240 - Cannot read IP mode file for STMicroelectronics.X-CUBE-MEMS1.10.0.0
2025-04-15 16:38:12,669 [WARN] PackLoader:240 - Cannot read IP mode file for STMicroelectronics.X-CUBE-TOUCHGFX.4.24.0
2025-04-15 16:38:12,687 [WARN] PackLoader:240 - Cannot read IP mode file for STMicroelectronics.X-CUBE-TOUCHGFX.4.24.2
2025-04-15 16:38:12,707 [WARN] PackLoader:240 - Cannot read IP mode file for portGmbH.I-Cube-SoM-uGOAL.1.1.0
2025-04-15 16:38:12,749 [WARN] PackLoader:240 - Cannot read IP mode file for STMicroelectronics.X-CUBE-AZRTOS-H7RS.1.0.0
2025-04-15 16:38:12,771 [WARN] PackLoader:240 - Cannot read IP mode file for STMicroelectronics.FP-ATR-ASTRA1.2.0.0
2025-04-15 16:38:12,798 [WARN] PackLoader:240 - Cannot read IP mode file for STMicroelectronics.X-CUBE-TOF1.3.4.2
2025-04-15 16:38:12,841 [WARN] PackLoader:240 - Cannot read IP mode file for STMicroelectronics.X-CUBE-TOF1.3.4.1
2025-04-15 16:38:12,886 [WARN] PackLoader:240 - Cannot read IP mode file for STMicroelectronics.X-CUBE-AZRTOS-H7.3.2.0
2025-04-15 16:38:12,917 [WARN] PackLoader:240 - Cannot read IP mode file for Infineon.AIROC-Wi-Fi-Bluetooth-STM32.1.6.0
2025-04-15 16:38:12,936 [WARN] PackLoader:240 - Cannot read IP mode file for wolfSSL.I-CUBE-wolfSSH.1.4.17
2025-04-15 16:38:12,936 [INFO] ThirdParty:978 - Integrity check success = true
2025-04-15 16:38:12,936 [INFO] IntegrityCheckThread:100 - exiting critical section [integrity check]
2025-04-15 16:38:12,936 [INFO] IntegrityCheckThread:103 - End integrity checks thread
2025-04-15 16:38:14,791 [INFO] WebApp:167 - Instantiating new browser for Auth
2025-04-15 16:38:16,366 [INFO] WebApp:448 - Apply proxy settings
2025-04-15 16:38:16,367 [INFO] WebApp:533 - Chromium requires no authentication
2025-04-15 16:38:16,408 [INFO] WebApp:476 - Direct internet connection detected
2025-04-15 16:38:16,457 [INFO] WebApp:869 - Register for checkConnection events
2025-04-15 16:38:16,457 [INFO] WebApp:448 - Apply proxy settings
2025-04-15 16:38:16,457 [INFO] WebApp:533 - Chromium requires no authentication
2025-04-15 16:38:16,458 [INFO] WebApp:476 - Direct internet connection detected
2025-04-15 16:38:16,716 [INFO] WebApp:186 - Connection restablished
2025-04-15 16:38:16,808 [INFO] WebApp:220 - Starting web application
2025-04-15 16:38:16,808 [INFO] WebApp:578 - Web application path used C:\ST\STM32CubeIDE_1.16.0\STM32CubeIDE\plugins\com.st.stm32cube.common.mx_6.12.0.202406281431\db\plugins\mcufinder\reactClient1\index.html
2025-04-15 16:38:17,078 [INFO] UserAuth:417 - Internet connection configuration mode: 1
2025-04-15 17:05:49,495 [ERROR] LogOutputStream:75 - [STDERR_REDIRECT] 
