2025-06-27 19:39:51,817 [INFO] Activator:176 - 


2025-06-27 19:39:51,826 [INFO] Activator:177 - !SESSION log4j initialized
2025-06-27 19:40:02,872 [INFO] LogOutputStream:77 - [STDOUT_REDIRECT] 
2025-06-27 19:40:08,251 [INFO] ApplicationProperties:184 - Using Application install path: C:\ST\STM32CubeIDE_1.16.0\STM32CubeIDE\plugins\com.st.stm32cube.common.mx_6.12.0.202406281431
2025-06-27 19:40:08,275 [INFO] DbMcusXml:78 - Set database path to: C:\ST\STM32CubeIDE_1.16.0\STM32CubeIDE\plugins\com.st.stm32cube.common.mx_6.12.0.202406281431\\db\/mcu/
2025-06-27 19:40:08,275 [INFO] ApiDb:274 - Set plugin database path to: C:\ST\STM32CubeIDE_1.16.0\STM32CubeIDE\plugins\com.st.stm32cube.common.mx_6.12.0.202406281431\\db\/plugins/boardmanager/
2025-06-27 19:40:08,276 [WARN] ApiDb:259 - Overriding images path with different value:  => C:\ST\STM32CubeIDE_1.16.0\STM32CubeIDE\plugins\com.st.stm32cube.common.mx_6.12.0.202406281431\\db\/plugins/mcufinder/images/
2025-06-27 19:40:08,295 [INFO] ApiDb:250 - Set database path to: C:\Users\hyeon\.stmcufinder\plugins\mcufinder//mcu/
2025-06-27 19:40:08,296 [INFO] DbMcusAds:125 - Set database path to: C:\Users\hyeon\.stmcufinder\plugins\mcufinder//mcu/
2025-06-27 19:40:08,299 [INFO] CrossReferenceDbSqlite:203 - Set database path to: C:\Users\hyeon\.stmcufinder\plugins\mcufinder//mcu/cs/
2025-06-27 19:40:08,469 [INFO] RulesReader:64 - Compatibility file has been processed (297 Rules)
2025-06-27 19:40:08,608 [INFO] DbMcusXml:78 - Set database path to: C:\ST\STM32CubeIDE_1.16.0\STM32CubeIDE\plugins\com.st.stm32cube.common.mx_6.12.0.202406281431\\db\/mcu/
2025-06-27 19:40:08,608 [INFO] ApiDb:274 - Set plugin database path to: C:\ST\STM32CubeIDE_1.16.0\STM32CubeIDE\plugins\com.st.stm32cube.common.mx_6.12.0.202406281431\\db\/plugins/boardmanager/
2025-06-27 19:40:08,608 [INFO] ApiDb:261 - Set plugin images path to: C:\ST\STM32CubeIDE_1.16.0\STM32CubeIDE\plugins\com.st.stm32cube.common.mx_6.12.0.202406281431\\db\/plugins/mcufinder/images/
2025-06-27 19:40:08,609 [WARN] DbFile:41 - Overriding database path with different value: C:\Users\hyeon\.stmcufinder\plugins\mcufinder/ => C:\Users\hyeon\.stmcufinder\plugins\mcufinder
2025-06-27 19:40:08,609 [INFO] ApiDb:250 - Set database path to: C:\Users\hyeon\.stmcufinder\plugins\mcufinder//mcu/
2025-06-27 19:40:08,609 [WARN] DbFile:41 - Overriding database path with different value: C:\Users\hyeon\.stmcufinder\plugins\mcufinder/ => C:\Users\hyeon\.stmcufinder\plugins\mcufinder
2025-06-27 19:40:08,609 [INFO] DbMcusAds:125 - Set database path to: C:\Users\hyeon\.stmcufinder\plugins\mcufinder//mcu/
2025-06-27 19:40:08,609 [WARN] DbFile:41 - Overriding database path with different value: C:\Users\hyeon\.stmcufinder\plugins\mcufinder/ => C:\Users\hyeon\.stmcufinder\plugins\mcufinder
2025-06-27 19:40:08,609 [WARN] DbFile:41 - Overriding database path with different value: C:\Users\hyeon\.stmcufinder\plugins\mcufinder/ => C:\Users\hyeon\.stmcufinder\plugins\mcufinder
2025-06-27 19:40:08,609 [INFO] CrossReferenceDbSqlite:203 - Set database path to: C:\Users\hyeon\.stmcufinder\plugins\mcufinder//mcu/cs/
2025-06-27 19:40:08,741 [INFO] MainPanel:268 - HeapMemory: 268435456
2025-06-27 19:40:08,892 [INFO] DbMcusXml:78 - Set database path to: C:\ST\STM32CubeIDE_1.16.0\STM32CubeIDE\plugins\com.st.stm32cube.common.mx_6.12.0.202406281431\\db\/mcu/
2025-06-27 19:40:08,892 [INFO] ApiDb:274 - Set plugin database path to: C:\ST\STM32CubeIDE_1.16.0\STM32CubeIDE\plugins\com.st.stm32cube.common.mx_6.12.0.202406281431\\db\/plugins/boardmanager/
2025-06-27 19:40:08,893 [INFO] ApiDb:261 - Set plugin images path to: C:\ST\STM32CubeIDE_1.16.0\STM32CubeIDE\plugins\com.st.stm32cube.common.mx_6.12.0.202406281431\\db\/plugins/mcufinder/images/
2025-06-27 19:40:08,894 [WARN] DbFile:41 - Overriding database path with different value: C:\Users\hyeon\.stmcufinder\plugins\mcufinder/ => C:\Users\hyeon\.stmcufinder\plugins\mcufinder
2025-06-27 19:40:08,894 [INFO] ApiDb:250 - Set database path to: C:\Users\hyeon\.stmcufinder\plugins\mcufinder//mcu/
2025-06-27 19:40:08,894 [WARN] DbFile:41 - Overriding database path with different value: C:\Users\hyeon\.stmcufinder\plugins\mcufinder/ => C:\Users\hyeon\.stmcufinder\plugins\mcufinder
2025-06-27 19:40:08,895 [INFO] DbMcusAds:125 - Set database path to: C:\Users\hyeon\.stmcufinder\plugins\mcufinder//mcu/
2025-06-27 19:40:08,895 [WARN] DbFile:41 - Overriding database path with different value: C:\Users\hyeon\.stmcufinder\plugins\mcufinder/ => C:\Users\hyeon\.stmcufinder\plugins\mcufinder
2025-06-27 19:40:08,895 [WARN] DbFile:41 - Overriding database path with different value: C:\Users\hyeon\.stmcufinder\plugins\mcufinder/ => C:\Users\hyeon\.stmcufinder\plugins\mcufinder
2025-06-27 19:40:08,895 [INFO] CrossReferenceDbSqlite:203 - Set database path to: C:\Users\hyeon\.stmcufinder\plugins\mcufinder//mcu/cs/
2025-06-27 19:40:08,919 [INFO] ApplicationProperties:184 - Using Application install path: C:\ST\STM32CubeIDE_1.16.0\STM32CubeIDE\plugins\com.st.stm32cube.common.mx_6.12.0.202406281431
2025-06-27 19:40:08,921 [INFO] PluginManage:196 - Search for loadable plugins [exclusion list=, ]
2025-06-27 19:40:08,922 [INFO] PluginManage:310 - Check plugin analytics
2025-06-27 19:40:09,289 [INFO] AnalyticsPlugin:253 - Accepted Software Licenses: STM32CubeMX.6.12.0,STM32CubeMX.6.13.0
2025-06-27 19:40:09,289 [INFO] AnalyticsPlugin:255 - Accepted CMSIS Pack Licenses: 
2025-06-27 19:40:09,289 [INFO] AnalyticsPlugin:257 - Accepted Firmware Licenses: FW.H7.1.11.0,FW.MP2.1.0.0,FW.MP13.1.1.0
2025-06-27 19:40:09,290 [INFO] PluginManage:359 - Loaded plugin analytics (category:tool,tabindex:-1)
2025-06-27 19:40:09,291 [INFO] PluginManage:310 - Check plugin cadmodel
2025-06-27 19:40:09,318 [INFO] CADModel:105 - Init CAD model plugin
2025-06-27 19:40:09,318 [INFO] PluginManage:359 - Loaded plugin cadmodel (category:power,tabindex:5)
2025-06-27 19:40:09,319 [INFO] PluginManage:310 - Check plugin clock
2025-06-27 19:40:09,359 [INFO] PluginManage:359 - Loaded plugin clock (category:base,tabindex:2)
2025-06-27 19:40:09,359 [INFO] PluginManage:310 - Check plugin ddr
2025-06-27 19:40:09,363 [INFO] PluginManage:359 - Loaded plugin ddr (category:tool,tabindex:6)
2025-06-27 19:40:09,363 [INFO] PluginManage:310 - Check plugin filemanager
2025-06-27 19:40:09,640 [INFO] PluginManage:359 - Loaded plugin filemanager (category:base,tabindex:10)
2025-06-27 19:40:09,640 [INFO] PluginManage:310 - Check plugin ipmanager
2025-06-27 19:40:09,653 [INFO] PluginManage:359 - Loaded plugin ipmanager (category:base,tabindex:5)
2025-06-27 19:40:09,653 [INFO] PluginManage:310 - Check plugin lpbam
2025-06-27 19:40:09,679 [INFO] PluginManage:359 - Loaded plugin lpbam (category:base,tabindex:0)
2025-06-27 19:40:09,679 [INFO] PluginManage:310 - Check plugin memorymap
2025-06-27 19:40:09,714 [INFO] PluginManage:359 - Loaded plugin memorymap (category:base,tabindex:4)
2025-06-27 19:40:09,714 [INFO] PluginManage:310 - Check plugin pinoutandconfiguration
2025-06-27 19:40:09,741 [INFO] PluginManage:359 - Loaded plugin pinoutandconfiguration (category:base,tabindex:1)
2025-06-27 19:40:09,741 [INFO] PluginManage:310 - Check plugin pinoutconfig
2025-06-27 19:40:09,874 [WARN] SupportedApi:132 - Cannot load RTOS API schema: s4s-elt-must-match.1: The content of 'definitions' must match (annotation?, (simpleType | complexType)?, (unique | key | keyref)*)). A problem was found starting at: attribute.
2025-06-27 19:40:10,067 [INFO] PluginManage:359 - Loaded plugin pinoutconfig (category:base,tabindex:0)
2025-06-27 19:40:10,067 [INFO] PluginManage:310 - Check plugin power
2025-06-27 19:40:10,101 [INFO] PluginManage:359 - Loaded plugin power (category:power,tabindex:4)
2025-06-27 19:40:10,101 [INFO] PluginManage:310 - Check plugin projectmanager
2025-06-27 19:40:10,122 [INFO] PluginManage:359 - Loaded plugin projectmanager (category:projectmanager,tabindex:4)
2025-06-27 19:40:10,123 [INFO] PluginManage:310 - Check plugin rif
2025-06-27 19:40:10,147 [INFO] PluginManage:359 - Loaded plugin rif (category:base,tabindex:3)
2025-06-27 19:40:10,147 [INFO] PluginManage:310 - Check plugin thirdparty
2025-06-27 19:40:10,595 [WARN] IntegrityCheckThread:84 - waiting for thirdparty lock release [integrity check]
2025-06-27 19:40:10,596 [INFO] IntegrityCheckThread:86 - entering critical section [integrity check]
2025-06-27 19:40:10,596 [INFO] PluginManage:359 - Loaded plugin thirdparty (category:base,tabindex:-1)
2025-06-27 19:40:10,596 [INFO] PluginManage:310 - Check plugin tools
2025-06-27 19:40:10,597 [INFO] ThirdPartyUpdaterWithRetryManager:70 - Updater plugin not ready yet. [1/15]
2025-06-27 19:40:10,655 [INFO] PluginManage:359 - Loaded plugin tools (category:base,tabindex:7)
2025-06-27 19:40:10,656 [INFO] PluginManage:310 - Check plugin tutovideos
2025-06-27 19:40:10,941 [INFO] PluginManage:359 - Loaded plugin tutovideos (category:base,tabindex:-1)
2025-06-27 19:40:10,941 [INFO] PluginManage:310 - Check plugin updater
2025-06-27 19:40:10,965 [INFO] PluginManage:359 - Loaded plugin updater (category:base,tabindex:12)
2025-06-27 19:40:10,965 [INFO] PluginManage:310 - Check plugin userauth
2025-06-27 19:40:10,974 [INFO] UserAuth:113 - Init User Auth plugin
2025-06-27 19:40:10,974 [INFO] PluginManage:359 - Loaded plugin userauth (category:base,tabindex:14)
2025-06-27 19:40:10,975 [INFO] PluginManage:283 - PluginManage : Loaded plugins [18]
2025-06-27 19:40:11,277 [INFO] PinOutPanel:1561 - setPackage(No Configuration,No Configuration)
2025-06-27 19:40:11,407 [INFO] CADModel:165 - CPN selected for project level
2025-06-27 19:40:11,408 [INFO] CADModel:114 - Register for checkConnection events
2025-06-27 19:40:11,446 [INFO] IPUIPlugin:80 - create IPUIPlugin
2025-06-27 19:40:11,446 [INFO] PluginManager:220 - loadIPPluginJar : add adc
2025-06-27 19:40:11,506 [INFO] IPUIPlugin:80 - create IPUIPlugin
2025-06-27 19:40:11,506 [INFO] PluginManager:220 - loadIPPluginJar : add aes
2025-06-27 19:40:11,575 [INFO] IPUIPlugin:80 - create IPUIPlugin
2025-06-27 19:40:11,575 [INFO] PluginManager:220 - loadIPPluginJar : add can
2025-06-27 19:40:11,615 [INFO] IPUIPlugin:80 - create IPUIPlugin
2025-06-27 19:40:11,615 [INFO] PluginManager:220 - loadIPPluginJar : add comp
2025-06-27 19:40:11,670 [INFO] IPUIPlugin:80 - create IPUIPlugin
2025-06-27 19:40:11,670 [INFO] PluginManager:220 - loadIPPluginJar : add cryp
2025-06-27 19:40:11,690 [INFO] IPUIPlugin:80 - create IPUIPlugin
2025-06-27 19:40:11,690 [INFO] PluginManager:220 - loadIPPluginJar : add ddr_ctrl_phy
2025-06-27 19:40:11,743 [INFO] IPUIPlugin:80 - create IPUIPlugin
2025-06-27 19:40:11,744 [INFO] PluginManager:220 - loadIPPluginJar : add dfsdm
2025-06-27 19:40:11,766 [INFO] IPUIPlugin:80 - create IPUIPlugin
2025-06-27 19:40:11,766 [INFO] PluginManager:220 - loadIPPluginJar : add dma
2025-06-27 19:40:11,839 [INFO] IPUIPlugin:80 - create IPUIPlugin
2025-06-27 19:40:11,839 [INFO] PluginManager:220 - loadIPPluginJar : add dma3
2025-06-27 19:40:11,914 [INFO] IPUIPlugin:80 - create IPUIPlugin
2025-06-27 19:40:11,914 [INFO] PluginManager:220 - loadIPPluginJar : add extmemmanager
2025-06-27 19:40:11,951 [INFO] IPUIPlugin:80 - create IPUIPlugin
2025-06-27 19:40:11,951 [INFO] PluginManager:220 - loadIPPluginJar : add fatfs
2025-06-27 19:40:12,036 [INFO] IPUIPlugin:80 - create IPUIPlugin
2025-06-27 19:40:12,036 [INFO] PluginManager:220 - loadIPPluginJar : add fmc
2025-06-27 19:40:12,060 [INFO] IPUIPlugin:80 - create IPUIPlugin
2025-06-27 19:40:12,060 [INFO] PluginManager:220 - loadIPPluginJar : add freertos
2025-06-27 19:40:12,096 [INFO] IPUIPlugin:80 - create IPUIPlugin
2025-06-27 19:40:12,097 [INFO] PluginManager:220 - loadIPPluginJar : add genericplugin
2025-06-27 19:40:12,255 [INFO] IPUIPlugin:80 - create IPUIPlugin
2025-06-27 19:40:12,255 [INFO] PluginManager:220 - loadIPPluginJar : add gfxmmu
2025-06-27 19:40:12,491 [INFO] IPUIPlugin:80 - create IPUIPlugin
2025-06-27 19:40:12,491 [INFO] PluginManager:220 - loadIPPluginJar : add gic
2025-06-27 19:40:12,512 [INFO] IPUIPlugin:80 - create IPUIPlugin
2025-06-27 19:40:12,513 [INFO] PluginManager:220 - loadIPPluginJar : add gpio
2025-06-27 19:40:12,662 [INFO] IPUIPlugin:80 - create IPUIPlugin
2025-06-27 19:40:12,662 [INFO] PluginManager:220 - loadIPPluginJar : add gtzc
2025-06-27 19:40:12,717 [INFO] IPUIPlugin:80 - create IPUIPlugin
2025-06-27 19:40:12,718 [INFO] PluginManager:220 - loadIPPluginJar : add hash
2025-06-27 19:40:12,805 [INFO] IPUIPlugin:80 - create IPUIPlugin
2025-06-27 19:40:12,805 [INFO] PluginManager:220 - loadIPPluginJar : add i2c
2025-06-27 19:40:12,872 [INFO] IPUIPlugin:80 - create IPUIPlugin
2025-06-27 19:40:12,872 [INFO] PluginManager:220 - loadIPPluginJar : add i2s
2025-06-27 19:40:12,939 [INFO] IPUIPlugin:80 - create IPUIPlugin
2025-06-27 19:40:12,939 [INFO] PluginManager:220 - loadIPPluginJar : add i3c
2025-06-27 19:40:13,105 [INFO] IPUIPlugin:80 - create IPUIPlugin
2025-06-27 19:40:13,105 [INFO] PluginManager:220 - loadIPPluginJar : add ipddr
2025-06-27 19:40:13,260 [INFO] IPUIPlugin:80 - create IPUIPlugin
2025-06-27 19:40:13,260 [INFO] PluginManager:220 - loadIPPluginJar : add linkedlist
2025-06-27 19:40:13,319 [INFO] IPUIPlugin:80 - create IPUIPlugin
2025-06-27 19:40:13,319 [INFO] PluginManager:220 - loadIPPluginJar : add lorawan
2025-06-27 19:40:13,379 [INFO] IPUIPlugin:80 - create IPUIPlugin
2025-06-27 19:40:13,380 [INFO] PluginManager:220 - loadIPPluginJar : add ltdc
2025-06-27 19:40:13,402 [INFO] IPUIPlugin:80 - create IPUIPlugin
2025-06-27 19:40:13,402 [INFO] PluginManager:220 - loadIPPluginJar : add mdma
2025-06-27 19:40:13,421 [INFO] IPUIPlugin:80 - create IPUIPlugin
2025-06-27 19:40:13,422 [INFO] PluginManager:220 - loadIPPluginJar : add nvic
2025-06-27 19:40:13,486 [INFO] IPUIPlugin:80 - create IPUIPlugin
2025-06-27 19:40:13,486 [INFO] PluginManager:220 - loadIPPluginJar : add opamp
2025-06-27 19:40:13,594 [INFO] IPUIPlugin:80 - create IPUIPlugin
2025-06-27 19:40:13,594 [INFO] PluginManager:220 - loadIPPluginJar : add openamp
2025-06-27 19:40:13,598 [INFO] ThirdPartyUpdaterWithRetryManager:70 - Updater plugin not ready yet. [2/15]
2025-06-27 19:40:13,665 [INFO] IPUIPlugin:80 - create IPUIPlugin
2025-06-27 19:40:13,665 [INFO] PluginManager:220 - loadIPPluginJar : add pdm2pcm
2025-06-27 19:40:13,688 [INFO] IPUIPlugin:80 - create IPUIPlugin
2025-06-27 19:40:13,690 [INFO] PluginManager:220 - loadIPPluginJar : add plateformsettings
2025-06-27 19:40:13,730 [INFO] IPUIPlugin:80 - create IPUIPlugin
2025-06-27 19:40:13,730 [INFO] PluginManager:220 - loadIPPluginJar : add quadspi
2025-06-27 19:40:13,773 [INFO] IPUIPlugin:80 - create IPUIPlugin
2025-06-27 19:40:13,774 [INFO] PluginManager:220 - loadIPPluginJar : add radio
2025-06-27 19:40:13,794 [INFO] IPUIPlugin:80 - create IPUIPlugin
2025-06-27 19:40:13,794 [INFO] PluginManager:220 - loadIPPluginJar : add resmgrutility
2025-06-27 19:40:13,872 [INFO] IPUIPlugin:80 - create IPUIPlugin
2025-06-27 19:40:13,872 [INFO] PluginManager:220 - loadIPPluginJar : add sai
2025-06-27 19:40:13,934 [INFO] IPUIPlugin:80 - create IPUIPlugin
2025-06-27 19:40:13,934 [INFO] PluginManager:220 - loadIPPluginJar : add spi
2025-06-27 19:40:14,048 [INFO] IPUIPlugin:80 - create IPUIPlugin
2025-06-27 19:40:14,048 [INFO] PluginManager:220 - loadIPPluginJar : add stm32_wpan
2025-06-27 19:40:14,088 [INFO] IPUIPlugin:80 - create IPUIPlugin
2025-06-27 19:40:14,088 [INFO] PluginManager:220 - loadIPPluginJar : add tim
2025-06-27 19:40:14,193 [INFO] IPUIPlugin:80 - create IPUIPlugin
2025-06-27 19:40:14,193 [INFO] PluginManager:220 - loadIPPluginJar : add touchsensing
2025-06-27 19:40:14,232 [INFO] IPUIPlugin:80 - create IPUIPlugin
2025-06-27 19:40:14,232 [INFO] PluginManager:220 - loadIPPluginJar : add tracer_emb
2025-06-27 19:40:14,274 [INFO] IPUIPlugin:80 - create IPUIPlugin
2025-06-27 19:40:14,274 [INFO] PluginManager:220 - loadIPPluginJar : add ts
2025-06-27 19:40:14,311 [INFO] IPUIPlugin:80 - create IPUIPlugin
2025-06-27 19:40:14,311 [INFO] PluginManager:220 - loadIPPluginJar : add tsc
2025-06-27 19:40:14,347 [INFO] IPUIPlugin:80 - create IPUIPlugin
2025-06-27 19:40:14,347 [INFO] PluginManager:220 - loadIPPluginJar : add ucpd
2025-06-27 19:40:14,420 [INFO] IPUIPlugin:80 - create IPUIPlugin
2025-06-27 19:40:14,420 [INFO] PluginManager:220 - loadIPPluginJar : add usart
2025-06-27 19:40:14,492 [INFO] IPUIPlugin:80 - create IPUIPlugin
2025-06-27 19:40:14,492 [INFO] PluginManager:220 - loadIPPluginJar : add usbx
2025-06-27 19:40:14,653 [INFO] CADModel:165 - CPN selected for project level
2025-06-27 19:40:14,653 [INFO] CADModel:114 - Register for checkConnection events
2025-06-27 19:40:14,654 [FATAL] Updater:334 - Updater called before beeing initialized
2025-06-27 19:40:14,654 [ERROR] CADModel:125 - Updater not yet initialized, retry later 
2025-06-27 19:40:14,837 [INFO] CADModel:165 - CPN selected for project level
2025-06-27 19:40:14,837 [INFO] CADModel:114 - Register for checkConnection events
2025-06-27 19:40:14,837 [FATAL] Updater:334 - Updater called before beeing initialized
2025-06-27 19:40:14,837 [ERROR] CADModel:125 - Updater not yet initialized, retry later 
2025-06-27 19:40:14,841 [FATAL] Updater:334 - Updater called before beeing initialized
2025-06-27 19:40:15,002 [FATAL] Updater:334 - Updater called before beeing initialized
2025-06-27 19:40:15,018 [INFO] DbMcusAds:53 - JSON generation date=Wed May 07 18:07:55 KST 2025 (1746608875484)
2025-06-27 19:40:15,019 [FATAL] Updater:334 - Updater called before beeing initialized
2025-06-27 19:40:15,078 [WARN] DetailPanel:346 - Failed to get advertising image, set to default
2025-06-27 19:40:15,272 [FATAL] Updater:334 - Updater called before beeing initialized
2025-06-27 19:40:15,275 [FATAL] Updater:334 - Updater called before beeing initialized
2025-06-27 19:40:15,275 [FATAL] Updater:334 - Updater called before beeing initialized
2025-06-27 19:40:15,275 [WARN] DetailPanel:346 - Failed to get advertising image, set to default
2025-06-27 19:40:15,276 [FATAL] Updater:334 - Updater called before beeing initialized
2025-06-27 19:40:15,391 [ERROR] Updater:1164 - MainUpdater not yet initialized. External WinMGr cannot be set.
2025-06-27 19:40:15,411 [INFO] Updater:1100 - Updater Version found : 6.12.0
2025-06-27 19:40:15,441 [INFO] ApplicationProperties:184 - Using Application install path: C:\ST\STM32CubeIDE_1.16.0\STM32CubeIDE\plugins\com.st.stm32cube.common.mx_6.12.0.202406281431
2025-06-27 19:40:16,169 [INFO] MainUpdater:2873 - connection check result : 10
2025-06-27 19:40:16,170 [INFO] MainUpdater:290 - Updater Check For Update Now.
2025-06-27 19:40:16,170 [INFO] MicroXplorer:498 - Change Database Version : DB.6.0.120
2025-06-27 19:40:16,205 [INFO] McuFinderGlobals:63 - Set McuFinder mode to 2 (CubeIDE integrated)
2025-06-27 19:40:16,215 [INFO] UserAuth:417 - Internet connection configuration mode: 1
2025-06-27 19:40:16,282 [INFO] JxBrowserEngine:152 - Initiate JxBrowser Engine with user profile folder
2025-06-27 19:40:16,446 [INFO] CheckServerUpdateThread:120 - End of CheckServer Thread
2025-06-27 19:40:17,032 [WARN] PackLoader:240 - Cannot read IP mode file for STMicroelectronics.FP-SNS-MOTENVWB1.1.4.0
2025-06-27 19:40:17,055 [WARN] PackLoader:240 - Cannot read IP mode file for STMicroelectronics.FP-ATR-ASTRA1.2.0.2
2025-06-27 19:40:17,072 [WARN] PackLoader:240 - Cannot read IP mode file for STMicroelectronics.FP-ATR-ASTRA1.2.0.1
2025-06-27 19:40:17,095 [WARN] PackLoader:240 - Cannot read IP mode file for STMicroelectronics.X-CUBE-SMBUS.2.1.0
2025-06-27 19:40:17,120 [WARN] PackLoader:240 - Cannot read IP mode file for STMicroelectronics.X-CUBE-WB05N.1.1.0
2025-06-27 19:40:17,138 [ERROR] Engine:466 - C:\Users\hyeon\.stm32cubemx\thirdparties\pdsc\STMicroelectronics.X-CUBE-ST60.1.0.0.pdsc: PDSC version is not supported
2025-06-27 19:40:17,197 [WARN] PackLoader:240 - Cannot read IP mode file for STMicroelectronics.X-CUBE-AZRTOS-F7.1.1.0
2025-06-27 19:40:17,220 [WARN] PackLoader:240 - Cannot read IP mode file for STMicroelectronics.FP-SNS-FLIGHT1.5.0.2
2025-06-27 19:40:17,245 [WARN] PackLoader:240 - Cannot read IP mode file for STMicroelectronics.X-CUBE-DISPLAY.3.0.0
2025-06-27 19:40:17,272 [WARN] PackLoader:240 - Cannot read IP mode file for STMicroelectronics.X-CUBE-BLE1.7.0.0
2025-06-27 19:40:17,295 [WARN] PackLoader:240 - Cannot read IP mode file for STMicroelectronics.X-CUBE-NFC10.1.0.0
2025-06-27 19:40:17,326 [WARN] PackLoader:240 - Cannot read IP mode file for STMicroelectronics.X-CUBE-BLEMGR.4.0.0
2025-06-27 19:40:17,351 [WARN] PackLoader:240 - Cannot read IP mode file for emotas.I-CUBE-CANOPEN.1.3.0
2025-06-27 19:40:17,380 [WARN] PackLoader:240 - Cannot read IP mode file for STMicroelectronics.X-CUBE-BLEMGR.3.1.0
2025-06-27 19:40:17,401 [WARN] PackLoader:240 - Cannot read IP mode file for STMicroelectronics.X-CUBE-AI.10.0.0
2025-06-27 19:40:17,420 [WARN] PackLoader:240 - Cannot read IP mode file for STMicroelectronics.FP-SNS-SMARTAG2.1.2.0
2025-06-27 19:40:17,437 [ERROR] Engine:466 - C:\Users\hyeon\.stm32cubemx\thirdparties\pdsc\STMicroelectronics.FP-SNS-FLIGHT1.5.1.0.pdsc: PDSC version is not supported
2025-06-27 19:40:17,537 [WARN] PackLoader:240 - Cannot read IP mode file for STMicroelectronics.X-CUBE-MEMS1.11.1.0
2025-06-27 19:40:17,753 [INFO] LogOutputStream:77 - [STDOUT_REDIRECT] 1 : Invalid condition id : UX_CORESTACK_Condition cause : null
2025-06-27 19:40:17,754 [INFO] LogOutputStream:77 - [STDOUT_REDIRECT] 1 : Invalid condition id : UX_CORESTACK_Condition cause : null
2025-06-27 19:40:17,756 [INFO] LogOutputStream:77 - [STDOUT_REDIRECT] 1 : Invalid condition id : UX_CORESTACK_Condition cause : null
2025-06-27 19:40:17,759 [INFO] LogOutputStream:77 - [STDOUT_REDIRECT] 1 : Invalid condition id : UX_CORESTACK_Condition cause : null
2025-06-27 19:40:17,763 [INFO] LogOutputStream:77 - [STDOUT_REDIRECT] 1 : Invalid condition id : UX_CORESTACK_Condition cause : null
2025-06-27 19:40:17,766 [WARN] PackLoader:240 - Cannot read IP mode file for STMicroelectronics.X-CUBE-AZRTOS-WL.2.0.0
2025-06-27 19:40:17,790 [WARN] PackLoader:240 - Cannot read IP mode file for STMicroelectronics.FP-SNS-MOTENV1.5.0.0
2025-06-27 19:40:17,845 [WARN] PackLoader:240 - Cannot read IP mode file for wolfSSL.I-CUBE-wolfMQTT.1.19.0
2025-06-27 19:40:17,871 [WARN] PackLoader:240 - Cannot read IP mode file for WES.I-CUBE-Cesium.1.3.0
2025-06-27 19:40:17,890 [WARN] PackLoader:240 - Cannot read IP mode file for STMicroelectronics.X-CUBE-BLE2.3.3.0
2025-06-27 19:40:17,910 [WARN] PackLoader:240 - Cannot read IP mode file for STMicroelectronics.X-CUBE-NFC9.1.0.0
2025-06-27 19:40:17,929 [WARN] PackLoader:240 - Cannot read IP mode file for STMicroelectronics.X-CUBE-BLE1.7.1.0
2025-06-27 19:40:17,949 [WARN] PackLoader:240 - Cannot read IP mode file for STMicroelectronics.X-CUBE-TCPP.4.1.0
2025-06-27 19:40:17,968 [WARN] PackLoader:240 - Cannot read IP mode file for STMicroelectronics.X-CUBE-AI.10.1.0
2025-06-27 19:40:18,041 [WARN] PackLoader:240 - Cannot read IP mode file for STMicroelectronics.X-CUBE-MEMS1.11.2.0
2025-06-27 19:40:18,228 [WARN] PackLoader:240 - Cannot read IP mode file for STMicroelectronics.X-CUBE-AZRTOS-G0.1.1.0
2025-06-27 19:40:18,250 [WARN] PackLoader:240 - Cannot read IP mode file for STMicroelectronics.X-CUBE-SAFEA1.1.2.2
2025-06-27 19:40:18,273 [WARN] PackLoader:240 - Cannot read IP mode file for STMicroelectronics.X-CUBE-NFC4.3.0.0
2025-06-27 19:40:18,299 [WARN] PackLoader:240 - Cannot read IP mode file for EmbeddedOffice.I-CUBE-FS-RTOS.1.0.1
2025-06-27 19:40:18,299 [ERROR] ConditionMgr:805 - Attr not supported : Dmpu
2025-06-27 19:40:18,299 [ERROR] ConditionMgr:805 - Attr not supported : Dmpu
2025-06-27 19:40:18,299 [ERROR] ConditionMgr:805 - Attr not supported : Dmpu
2025-06-27 19:40:18,300 [ERROR] ConditionMgr:805 - Attr not supported : Dmpu
2025-06-27 19:40:18,300 [ERROR] ConditionMgr:805 - Attr not supported : Dmpu
2025-06-27 19:40:18,300 [ERROR] ConditionMgr:805 - Attr not supported : Dmpu
2025-06-27 19:40:18,300 [ERROR] ConditionMgr:805 - Attr not supported : Dmpu
2025-06-27 19:40:18,300 [ERROR] ConditionMgr:805 - Attr not supported : Dmpu
2025-06-27 19:40:18,300 [ERROR] ConditionMgr:805 - Attr not supported : Dmpu
2025-06-27 19:40:18,300 [ERROR] ConditionMgr:805 - Attr not supported : Dmpu
2025-06-27 19:40:18,300 [ERROR] ConditionMgr:805 - Attr not supported : Dmpu
2025-06-27 19:40:18,300 [ERROR] ConditionMgr:805 - Attr not supported : Dmpu
2025-06-27 19:40:18,300 [ERROR] ConditionMgr:805 - Attr not supported : Dmpu
2025-06-27 19:40:18,300 [ERROR] ConditionMgr:805 - Attr not supported : Dmpu
2025-06-27 19:40:18,301 [ERROR] ConditionMgr:805 - Attr not supported : Dmpu
2025-06-27 19:40:18,301 [ERROR] ConditionMgr:805 - Attr not supported : Dmpu
2025-06-27 19:40:18,301 [ERROR] ConditionMgr:805 - Attr not supported : Dmpu
2025-06-27 19:40:18,301 [ERROR] ConditionMgr:805 - Attr not supported : Dmpu
2025-06-27 19:40:18,301 [ERROR] ConditionMgr:805 - Attr not supported : Dmpu
2025-06-27 19:40:18,301 [ERROR] ConditionMgr:805 - Attr not supported : Dmpu
2025-06-27 19:40:18,301 [ERROR] ConditionMgr:805 - Attr not supported : Dmpu
2025-06-27 19:40:18,301 [ERROR] ConditionMgr:805 - Attr not supported : Dmpu
2025-06-27 19:40:18,301 [ERROR] ConditionMgr:805 - Attr not supported : Dmpu
2025-06-27 19:40:18,301 [ERROR] ConditionMgr:805 - Attr not supported : Dmpu
2025-06-27 19:40:18,301 [ERROR] ConditionMgr:805 - Attr not supported : Dmpu
2025-06-27 19:40:18,302 [ERROR] ConditionMgr:805 - Attr not supported : Dmpu
2025-06-27 19:40:18,302 [ERROR] ConditionMgr:805 - Attr not supported : Dmpu
2025-06-27 19:40:18,302 [ERROR] ConditionMgr:805 - Attr not supported : Dmpu
2025-06-27 19:40:18,302 [ERROR] ConditionMgr:805 - Attr not supported : Dmpu
2025-06-27 19:40:18,302 [ERROR] ConditionMgr:805 - Attr not supported : Dmpu
2025-06-27 19:40:18,302 [ERROR] ConditionMgr:805 - Attr not supported : Dmpu
2025-06-27 19:40:18,302 [ERROR] ConditionMgr:805 - Attr not supported : Dmpu
2025-06-27 19:40:18,302 [ERROR] ConditionMgr:805 - Attr not supported : Dmpu
2025-06-27 19:40:18,302 [ERROR] ConditionMgr:805 - Attr not supported : Dmpu
2025-06-27 19:40:18,302 [ERROR] ConditionMgr:805 - Attr not supported : Dmpu
2025-06-27 19:40:18,302 [ERROR] ConditionMgr:805 - Attr not supported : Dmpu
2025-06-27 19:40:18,303 [ERROR] ConditionMgr:805 - Attr not supported : Dmpu
2025-06-27 19:40:18,303 [ERROR] ConditionMgr:805 - Attr not supported : Dmpu
2025-06-27 19:40:18,303 [ERROR] ConditionMgr:805 - Attr not supported : Dmpu
2025-06-27 19:40:18,303 [ERROR] ConditionMgr:805 - Attr not supported : Dmpu
2025-06-27 19:40:18,303 [ERROR] ConditionMgr:805 - Attr not supported : Dmpu
2025-06-27 19:40:18,303 [ERROR] ConditionMgr:805 - Attr not supported : Dmpu
2025-06-27 19:40:18,303 [ERROR] ConditionMgr:805 - Attr not supported : Dmpu
2025-06-27 19:40:18,303 [ERROR] ConditionMgr:805 - Attr not supported : Dmpu
2025-06-27 19:40:18,303 [ERROR] ConditionMgr:805 - Attr not supported : Dmpu
2025-06-27 19:40:18,303 [ERROR] ConditionMgr:805 - Attr not supported : Dmpu
2025-06-27 19:40:18,303 [ERROR] ConditionMgr:805 - Attr not supported : Dmpu
2025-06-27 19:40:18,304 [ERROR] ConditionMgr:805 - Attr not supported : Dmpu
2025-06-27 19:40:18,304 [ERROR] ConditionMgr:805 - Attr not supported : Dmpu
2025-06-27 19:40:18,304 [ERROR] ConditionMgr:805 - Attr not supported : Dmpu
2025-06-27 19:40:18,304 [ERROR] ConditionMgr:805 - Attr not supported : Dmpu
2025-06-27 19:40:18,304 [ERROR] ConditionMgr:805 - Attr not supported : Dmpu
2025-06-27 19:40:18,304 [ERROR] ConditionMgr:805 - Attr not supported : Dmpu
2025-06-27 19:40:18,304 [ERROR] ConditionMgr:805 - Attr not supported : Dmpu
2025-06-27 19:40:18,304 [ERROR] ConditionMgr:805 - Attr not supported : Dmpu
2025-06-27 19:40:18,304 [ERROR] ConditionMgr:805 - Attr not supported : Dmpu
2025-06-27 19:40:18,304 [ERROR] ConditionMgr:805 - Attr not supported : Dmpu
2025-06-27 19:40:18,305 [ERROR] ConditionMgr:805 - Attr not supported : Dmpu
2025-06-27 19:40:18,305 [ERROR] ConditionMgr:805 - Attr not supported : Dmpu
2025-06-27 19:40:18,305 [ERROR] ConditionMgr:805 - Attr not supported : Dmpu
2025-06-27 19:40:18,305 [ERROR] ConditionMgr:805 - Attr not supported : Dmpu
2025-06-27 19:40:18,305 [ERROR] ConditionMgr:805 - Attr not supported : Dmpu
2025-06-27 19:40:18,305 [ERROR] ConditionMgr:805 - Attr not supported : Dmpu
2025-06-27 19:40:18,305 [ERROR] ConditionMgr:805 - Attr not supported : Dmpu
2025-06-27 19:40:18,324 [WARN] PackLoader:240 - Cannot read IP mode file for STMicroelectronics.X-CUBE-WB05N.2.0.0
2025-06-27 19:40:18,341 [ERROR] Engine:466 - C:\Users\hyeon\.stm32cubemx\thirdparties\pdsc\STMicroelectronics.X-CUBE-TCPP.4.2.0.pdsc: PDSC version is not supported
2025-06-27 19:40:18,361 [WARN] PackLoader:240 - Cannot read IP mode file for RealThread.X-CUBE-RT-Thread_Nano.4.1.1
2025-06-27 19:40:18,379 [WARN] PackLoader:240 - Cannot read IP mode file for wolfSSL.I-CUBE-wolfSSL.5.7.0
2025-06-27 19:40:18,408 [WARN] PackLoader:240 - Cannot read IP mode file for STMicroelectronics.FP-ATR-SIGFOX1.3.2.0
2025-06-27 19:40:18,432 [WARN] ConditionMgr:438 - getConditionDescription Invalid condition id : Cortex-A Device cause : null
2025-06-27 19:40:18,466 [WARN] ConditionMgr:1039 - genDependencies : Invalid condition id : Cortex-A Device cause : null
2025-06-27 19:40:18,466 [WARN] ConditionMgr:1039 - genDependencies : Invalid condition id : Cortex-A Device cause : null
2025-06-27 19:40:18,466 [WARN] ConditionMgr:1039 - genDependencies : Invalid condition id : Cortex-A Device cause : null
2025-06-27 19:40:18,494 [WARN] PackLoader:240 - Cannot read IP mode file for STMicroelectronics.X-CUBE-EEPRMA1.5.1.0
2025-06-27 19:40:18,521 [WARN] PackLoader:240 - Cannot read IP mode file for ITTIA_DB.I-CUBE-ITTIADB.8.9.0
2025-06-27 19:40:18,539 [ERROR] Engine:466 - C:\Users\hyeon\.stm32cubemx\thirdparties\pdsc\STMicroelectronics.X-CUBE-ST67W61.1.0.0.pdsc: PDSC version is not supported
2025-06-27 19:40:18,591 [WARN] PackLoader:240 - Cannot read IP mode file for SEGGER.I-CUBE-embOS.1.3.1
2025-06-27 19:40:18,653 [WARN] PackLoader:240 - Cannot read IP mode file for STMicroelectronics.X-CUBE-ALGOBUILD.1.4.0
2025-06-27 19:40:18,737 [WARN] PackLoader:240 - Cannot read IP mode file for STMicroelectronics.X-CUBE-MEMS1.11.3.0
2025-06-27 19:40:18,916 [WARN] PackLoader:240 - Cannot read IP mode file for STMicroelectronics.X-CUBE-AI.9.1.0
2025-06-27 19:40:18,934 [WARN] PackLoader:240 - Cannot read IP mode file for STMicroelectronics.X-CUBE-PM33A1.1.0.0
2025-06-27 19:40:18,954 [WARN] PackLoader:240 - Cannot read IP mode file for STMicroelectronics.X-CUBE-GNSS1.6.0.0
2025-06-27 19:40:18,995 [WARN] PackLoader:240 - Cannot read IP mode file for STMicroelectronics.X-CUBE-AZRTOS-F4.1.1.0
2025-06-27 19:40:19,013 [ERROR] Engine:466 - C:\Users\hyeon\.stm32cubemx\thirdparties\pdsc\Avnet-IotConnect.X-CUBE-IoTC-DA16k-PMOD.1.0.0.pdsc: PDSC version is not supported
2025-06-27 19:40:19,032 [WARN] PackLoader:240 - Cannot read IP mode file for STMicroelectronics.X-CUBE-ISPU.2.1.0
2025-06-27 19:40:19,052 [WARN] PackLoader:240 - Cannot read IP mode file for STMicroelectronics.X-CUBE-FREERTOS.1.2.0
2025-06-27 19:40:19,094 [WARN] PackLoader:240 - Cannot read IP mode file for STMicroelectronics.X-CUBE-AZRTOS-L5.2.0.0
2025-06-27 19:40:19,120 [WARN] PackLoader:240 - Cannot read IP mode file for STMicroelectronics.X-CUBE-NFC6.3.1.0
2025-06-27 19:40:19,143 [WARN] PackLoader:240 - Cannot read IP mode file for STMicroelectronics.X-CUBE-DPower.1.2.0
2025-06-27 19:40:19,161 [WARN] PackLoader:240 - Cannot read IP mode file for STMicroelectronics.X-CUBE-AI.9.0.0
2025-06-27 19:40:19,180 [WARN] PackLoader:240 - Cannot read IP mode file for STMicroelectronics.X-CUBE-FREERTOS.1.3.1
2025-06-27 19:40:19,199 [WARN] PackLoader:240 - Cannot read IP mode file for STMicroelectronics.X-CUBE-FREERTOS.1.3.0
2025-06-27 19:40:19,218 [WARN] PackLoader:240 - Cannot read IP mode file for STMicroelectronics.X-CUBE-NFC7.1.0.1
2025-06-27 19:40:19,238 [WARN] PackLoader:240 - Cannot read IP mode file for wolfSSL.I-CUBE-wolfTPM.3.2.0
2025-06-27 19:40:19,255 [ERROR] Engine:466 - C:\Users\hyeon\.stm32cubemx\thirdparties\pdsc\STMicroelectronics.FP-SNS-STAIOTCFT.1.0.0.pdsc: PDSC version is not supported
2025-06-27 19:40:19,274 [WARN] PackLoader:240 - Cannot read IP mode file for STMicroelectronics.X-CUBE-DPower.1.3.0
2025-06-27 19:40:19,316 [WARN] ConditionMgr:438 - getConditionDescription Invalid condition id : LAN8742 Phy interface Condition cause : null
2025-06-27 19:40:19,317 [WARN] PackLoader:240 - Cannot read IP mode file for STMicroelectronics.X-CUBE-AZRTOS-L4.2.0.0
2025-06-27 19:40:19,318 [WARN] ConditionMgr:1039 - genDependencies : Invalid condition id : LAN8742 Phy interface Condition cause : null
2025-06-27 19:40:19,318 [WARN] ConditionMgr:1039 - genDependencies : Invalid condition id : LAN8742 Phy interface Condition cause : null
2025-06-27 19:40:19,319 [WARN] ConditionMgr:1039 - genDependencies : Invalid condition id : LAN8742 Phy interface Condition cause : null
2025-06-27 19:40:19,346 [WARN] PackLoader:240 - Cannot read IP mode file for STMicroelectronics.X-CUBE-SFXS2LP1.4.0.0
2025-06-27 19:40:19,394 [WARN] PackLoader:240 - Cannot read IP mode file for STMicroelectronics.X-CUBE-AZRTOS-H7.3.3.0
2025-06-27 19:40:19,430 [WARN] ConditionMgr:438 - getConditionDescription Invalid condition id : UX DEVICE CLASS RTOS Condition cause : null
2025-06-27 19:40:19,430 [WARN] ConditionMgr:438 - getConditionDescription Invalid condition id : UX DEVICE CLASS RTOS Condition cause : null
2025-06-27 19:40:19,433 [WARN] PackLoader:240 - Cannot read IP mode file for STMicroelectronics.X-CUBE-AZRTOS-WB.2.0.0
2025-06-27 19:40:19,434 [WARN] ConditionMgr:1039 - genDependencies : Invalid condition id : UX DEVICE CLASS RTOS Condition cause : null
2025-06-27 19:40:19,434 [WARN] ConditionMgr:1039 - genDependencies : Invalid condition id : UX DEVICE CLASS RTOS Condition cause : null
2025-06-27 19:40:19,434 [WARN] ConditionMgr:1039 - genDependencies : Invalid condition id : UX DEVICE CLASS RTOS Condition cause : null
2025-06-27 19:40:19,435 [WARN] ConditionMgr:1039 - genDependencies : Invalid condition id : UX DEVICE CLASS RTOS Condition cause : null
2025-06-27 19:40:19,435 [WARN] ConditionMgr:1039 - genDependencies : Invalid condition id : UX DEVICE CLASS RTOS Condition cause : null
2025-06-27 19:40:19,453 [WARN] PackLoader:240 - Cannot read IP mode file for STMicroelectronics.X-CUBE-GNSS1.7.0.1
2025-06-27 19:40:19,476 [WARN] PackLoader:240 - Cannot read IP mode file for STMicroelectronics.X-CUBE-TOUCHGFX.4.25.0
2025-06-27 19:40:19,497 [WARN] PackLoader:240 - Cannot read IP mode file for STMicroelectronics.FP-SNS-STBOX1.2.0.0
2025-06-27 19:40:19,525 [WARN] PackLoader:240 - Cannot read IP mode file for STMicroelectronics.X-CUBE-SUBG2.5.0.0
2025-06-27 19:40:19,573 [WARN] PackLoader:240 - Cannot read IP mode file for STMicroelectronics.X-CUBE-AZRTOS-H7RS.1.1.0
2025-06-27 19:40:19,596 [WARN] PackLoader:240 - Cannot read IP mode file for Cesanta.I-CUBE-Mongoose.7.13.0
2025-06-27 19:40:19,631 [WARN] PackLoader:240 - Cannot read IP mode file for STMicroelectronics.X-CUBE-AZRTOS-G4.2.0.0
2025-06-27 19:40:19,652 [WARN] PackLoader:240 - Cannot read IP mode file for STMicroelectronics.X-CUBE-NFC7.2.0.0
2025-06-27 19:40:19,670 [WARN] PackLoader:240 - Cannot read IP mode file for STMicroelectronics.X-CUBE-ISPU.2.0.0
2025-06-27 19:40:19,691 [ERROR] Engine:466 - C:\Users\hyeon\.stm32cubemx\thirdparties\pdsc\STMicroelectronics.X-CUBE-IPS.3.1.0.pdsc: PDSC version is not supported
2025-06-27 19:40:19,709 [WARN] PackLoader:240 - Cannot read IP mode file for STMicroelectronics.X-CUBE-ALS.1.0.2
2025-06-27 19:40:19,772 [WARN] PackLoader:240 - Cannot read IP mode file for STMicroelectronics.X-CUBE-MEMS1.10.0.0
2025-06-27 19:40:19,911 [WARN] PackLoader:240 - Cannot read IP mode file for STMicroelectronics.X-CUBE-TOUCHGFX.4.24.0
2025-06-27 19:40:19,928 [WARN] PackLoader:240 - Cannot read IP mode file for STMicroelectronics.X-CUBE-TOUCHGFX.4.24.2
2025-06-27 19:40:19,949 [WARN] PackLoader:240 - Cannot read IP mode file for portGmbH.I-Cube-SoM-uGOAL.1.1.0
2025-06-27 19:40:19,990 [WARN] PackLoader:240 - Cannot read IP mode file for STMicroelectronics.X-CUBE-AZRTOS-H7RS.1.0.0
2025-06-27 19:40:20,008 [WARN] PackLoader:240 - Cannot read IP mode file for STMicroelectronics.FP-ATR-ASTRA1.2.0.0
2025-06-27 19:40:20,035 [WARN] PackLoader:240 - Cannot read IP mode file for STMicroelectronics.X-CUBE-TOF1.3.4.2
2025-06-27 19:40:20,064 [ERROR] Engine:466 - C:\Users\hyeon\.stm32cubemx\thirdparties\pdsc\STMicroelectronics.X-CUBE-TOF1.3.4.3.pdsc: PDSC version is not supported
2025-06-27 19:40:20,091 [WARN] PackLoader:240 - Cannot read IP mode file for STMicroelectronics.X-CUBE-TOF1.3.4.1
2025-06-27 19:40:20,137 [WARN] PackLoader:240 - Cannot read IP mode file for STMicroelectronics.X-CUBE-AZRTOS-H7.3.2.0
2025-06-27 19:40:20,173 [WARN] PackLoader:240 - Cannot read IP mode file for Infineon.AIROC-Wi-Fi-Bluetooth-STM32.1.6.0
2025-06-27 19:40:20,198 [WARN] PackLoader:240 - Cannot read IP mode file for wolfSSL.I-CUBE-wolfSSH.1.4.17
2025-06-27 19:40:20,201 [INFO] ThirdParty:978 - Integrity check success = true
2025-06-27 19:40:20,201 [INFO] IntegrityCheckThread:100 - exiting critical section [integrity check]
2025-06-27 19:40:20,201 [INFO] IntegrityCheckThread:103 - End integrity checks thread
2025-06-27 19:40:21,586 [INFO] WebApp:167 - Instantiating new browser for Auth
2025-06-27 19:40:22,924 [INFO] WebApp:448 - Apply proxy settings
2025-06-27 19:40:22,924 [INFO] WebApp:533 - Chromium requires no authentication
2025-06-27 19:40:22,936 [INFO] WebApp:476 - Direct internet connection detected
2025-06-27 19:40:22,977 [INFO] WebApp:869 - Register for checkConnection events
2025-06-27 19:40:22,978 [INFO] WebApp:448 - Apply proxy settings
2025-06-27 19:40:22,978 [INFO] WebApp:533 - Chromium requires no authentication
2025-06-27 19:40:22,979 [INFO] WebApp:476 - Direct internet connection detected
2025-06-27 19:40:23,261 [INFO] WebApp:220 - Starting web application
2025-06-27 19:40:23,261 [INFO] WebApp:578 - Web application path used C:\ST\STM32CubeIDE_1.16.0\STM32CubeIDE\plugins\com.st.stm32cube.common.mx_6.12.0.202406281431\db\plugins\mcufinder\reactClient1\index.html
2025-06-27 19:40:23,516 [INFO] UserAuth:417 - Internet connection configuration mode: 1
2025-06-27 19:40:23,530 [INFO] WebApp:186 - Connection restablished
2025-06-27 22:02:55,907 [ERROR] LogOutputStream:75 - [STDERR_REDIRECT] 
