2025-06-29 13:19:02,781 [INFO] Activator:176 - 


2025-06-29 13:19:02,789 [INFO] Activator:177 - !SESSION log4j initialized
2025-06-29 13:19:12,404 [INFO] LogOutputStream:77 - [STDOUT_REDIRECT] 
2025-06-29 13:19:14,651 [INFO] ApplicationProperties:184 - Using Application install path: C:\ST\STM32CubeIDE_1.16.0\STM32CubeIDE\plugins\com.st.stm32cube.common.mx_6.12.0.202406281431
2025-06-29 13:19:14,681 [INFO] DbMcusXml:78 - Set database path to: C:\ST\STM32CubeIDE_1.16.0\STM32CubeIDE\plugins\com.st.stm32cube.common.mx_6.12.0.202406281431\\db\/mcu/
2025-06-29 13:19:14,681 [INFO] ApiDb:274 - Set plugin database path to: C:\ST\STM32CubeIDE_1.16.0\STM32CubeIDE\plugins\com.st.stm32cube.common.mx_6.12.0.202406281431\\db\/plugins/boardmanager/
2025-06-29 13:19:14,682 [WARN] ApiDb:259 - Overriding images path with different value:  => C:\ST\STM32CubeIDE_1.16.0\STM32CubeIDE\plugins\com.st.stm32cube.common.mx_6.12.0.202406281431\\db\/plugins/mcufinder/images/
2025-06-29 13:19:14,692 [INFO] ApiDb:250 - Set database path to: C:\Users\hyeon\.stmcufinder\plugins\mcufinder//mcu/
2025-06-29 13:19:14,693 [INFO] DbMcusAds:125 - Set database path to: C:\Users\hyeon\.stmcufinder\plugins\mcufinder//mcu/
2025-06-29 13:19:14,697 [INFO] CrossReferenceDbSqlite:203 - Set database path to: C:\Users\hyeon\.stmcufinder\plugins\mcufinder//mcu/cs/
2025-06-29 13:19:14,875 [INFO] RulesReader:64 - Compatibility file has been processed (297 Rules)
2025-06-29 13:19:15,069 [INFO] DbMcusXml:78 - Set database path to: C:\ST\STM32CubeIDE_1.16.0\STM32CubeIDE\plugins\com.st.stm32cube.common.mx_6.12.0.202406281431\\db\/mcu/
2025-06-29 13:19:15,069 [INFO] ApiDb:274 - Set plugin database path to: C:\ST\STM32CubeIDE_1.16.0\STM32CubeIDE\plugins\com.st.stm32cube.common.mx_6.12.0.202406281431\\db\/plugins/boardmanager/
2025-06-29 13:19:15,069 [INFO] ApiDb:261 - Set plugin images path to: C:\ST\STM32CubeIDE_1.16.0\STM32CubeIDE\plugins\com.st.stm32cube.common.mx_6.12.0.202406281431\\db\/plugins/mcufinder/images/
2025-06-29 13:19:15,071 [WARN] DbFile:41 - Overriding database path with different value: C:\Users\hyeon\.stmcufinder\plugins\mcufinder/ => C:\Users\hyeon\.stmcufinder\plugins\mcufinder
2025-06-29 13:19:15,071 [INFO] ApiDb:250 - Set database path to: C:\Users\hyeon\.stmcufinder\plugins\mcufinder//mcu/
2025-06-29 13:19:15,071 [WARN] DbFile:41 - Overriding database path with different value: C:\Users\hyeon\.stmcufinder\plugins\mcufinder/ => C:\Users\hyeon\.stmcufinder\plugins\mcufinder
2025-06-29 13:19:15,071 [INFO] DbMcusAds:125 - Set database path to: C:\Users\hyeon\.stmcufinder\plugins\mcufinder//mcu/
2025-06-29 13:19:15,071 [WARN] DbFile:41 - Overriding database path with different value: C:\Users\hyeon\.stmcufinder\plugins\mcufinder/ => C:\Users\hyeon\.stmcufinder\plugins\mcufinder
2025-06-29 13:19:15,071 [WARN] DbFile:41 - Overriding database path with different value: C:\Users\hyeon\.stmcufinder\plugins\mcufinder/ => C:\Users\hyeon\.stmcufinder\plugins\mcufinder
2025-06-29 13:19:15,071 [INFO] CrossReferenceDbSqlite:203 - Set database path to: C:\Users\hyeon\.stmcufinder\plugins\mcufinder//mcu/cs/
2025-06-29 13:19:15,217 [INFO] MainPanel:268 - HeapMemory: 268435456
2025-06-29 13:19:15,370 [INFO] DbMcusXml:78 - Set database path to: C:\ST\STM32CubeIDE_1.16.0\STM32CubeIDE\plugins\com.st.stm32cube.common.mx_6.12.0.202406281431\\db\/mcu/
2025-06-29 13:19:15,370 [INFO] ApiDb:274 - Set plugin database path to: C:\ST\STM32CubeIDE_1.16.0\STM32CubeIDE\plugins\com.st.stm32cube.common.mx_6.12.0.202406281431\\db\/plugins/boardmanager/
2025-06-29 13:19:15,371 [INFO] ApiDb:261 - Set plugin images path to: C:\ST\STM32CubeIDE_1.16.0\STM32CubeIDE\plugins\com.st.stm32cube.common.mx_6.12.0.202406281431\\db\/plugins/mcufinder/images/
2025-06-29 13:19:15,372 [WARN] DbFile:41 - Overriding database path with different value: C:\Users\hyeon\.stmcufinder\plugins\mcufinder/ => C:\Users\hyeon\.stmcufinder\plugins\mcufinder
2025-06-29 13:19:15,372 [INFO] ApiDb:250 - Set database path to: C:\Users\hyeon\.stmcufinder\plugins\mcufinder//mcu/
2025-06-29 13:19:15,372 [WARN] DbFile:41 - Overriding database path with different value: C:\Users\hyeon\.stmcufinder\plugins\mcufinder/ => C:\Users\hyeon\.stmcufinder\plugins\mcufinder
2025-06-29 13:19:15,372 [INFO] DbMcusAds:125 - Set database path to: C:\Users\hyeon\.stmcufinder\plugins\mcufinder//mcu/
2025-06-29 13:19:15,372 [WARN] DbFile:41 - Overriding database path with different value: C:\Users\hyeon\.stmcufinder\plugins\mcufinder/ => C:\Users\hyeon\.stmcufinder\plugins\mcufinder
2025-06-29 13:19:15,373 [WARN] DbFile:41 - Overriding database path with different value: C:\Users\hyeon\.stmcufinder\plugins\mcufinder/ => C:\Users\hyeon\.stmcufinder\plugins\mcufinder
2025-06-29 13:19:15,373 [INFO] CrossReferenceDbSqlite:203 - Set database path to: C:\Users\hyeon\.stmcufinder\plugins\mcufinder//mcu/cs/
2025-06-29 13:19:15,413 [INFO] ApplicationProperties:184 - Using Application install path: C:\ST\STM32CubeIDE_1.16.0\STM32CubeIDE\plugins\com.st.stm32cube.common.mx_6.12.0.202406281431
2025-06-29 13:19:15,415 [INFO] PluginManage:196 - Search for loadable plugins [exclusion list=, ]
2025-06-29 13:19:15,418 [INFO] PluginManage:310 - Check plugin analytics
2025-06-29 13:19:15,753 [INFO] AnalyticsPlugin:253 - Accepted Software Licenses: STM32CubeMX.6.12.0,STM32CubeMX.6.13.0
2025-06-29 13:19:15,753 [INFO] AnalyticsPlugin:255 - Accepted CMSIS Pack Licenses: 
2025-06-29 13:19:15,753 [INFO] AnalyticsPlugin:257 - Accepted Firmware Licenses: FW.H7.1.11.0,FW.MP2.1.0.0,FW.MP13.1.1.0
2025-06-29 13:19:15,760 [INFO] PluginManage:359 - Loaded plugin analytics (category:tool,tabindex:-1)
2025-06-29 13:19:15,760 [INFO] PluginManage:310 - Check plugin cadmodel
2025-06-29 13:19:15,768 [INFO] CADModel:105 - Init CAD model plugin
2025-06-29 13:19:15,768 [INFO] PluginManage:359 - Loaded plugin cadmodel (category:power,tabindex:5)
2025-06-29 13:19:15,768 [INFO] PluginManage:310 - Check plugin clock
2025-06-29 13:19:15,797 [INFO] PluginManage:359 - Loaded plugin clock (category:base,tabindex:2)
2025-06-29 13:19:15,799 [INFO] PluginManage:310 - Check plugin ddr
2025-06-29 13:19:15,807 [INFO] PluginManage:359 - Loaded plugin ddr (category:tool,tabindex:6)
2025-06-29 13:19:15,807 [INFO] PluginManage:310 - Check plugin filemanager
2025-06-29 13:19:16,093 [INFO] PluginManage:359 - Loaded plugin filemanager (category:base,tabindex:10)
2025-06-29 13:19:16,093 [INFO] PluginManage:310 - Check plugin ipmanager
2025-06-29 13:19:16,105 [INFO] PluginManage:359 - Loaded plugin ipmanager (category:base,tabindex:5)
2025-06-29 13:19:16,105 [INFO] PluginManage:310 - Check plugin lpbam
2025-06-29 13:19:16,115 [INFO] PluginManage:359 - Loaded plugin lpbam (category:base,tabindex:0)
2025-06-29 13:19:16,116 [INFO] PluginManage:310 - Check plugin memorymap
2025-06-29 13:19:16,145 [INFO] PluginManage:359 - Loaded plugin memorymap (category:base,tabindex:4)
2025-06-29 13:19:16,145 [INFO] PluginManage:310 - Check plugin pinoutandconfiguration
2025-06-29 13:19:16,167 [INFO] PluginManage:359 - Loaded plugin pinoutandconfiguration (category:base,tabindex:1)
2025-06-29 13:19:16,167 [INFO] PluginManage:310 - Check plugin pinoutconfig
2025-06-29 13:19:16,338 [WARN] SupportedApi:132 - Cannot load RTOS API schema: s4s-elt-must-match.1: The content of 'definitions' must match (annotation?, (simpleType | complexType)?, (unique | key | keyref)*)). A problem was found starting at: attribute.
2025-06-29 13:19:16,551 [INFO] PluginManage:359 - Loaded plugin pinoutconfig (category:base,tabindex:0)
2025-06-29 13:19:16,551 [INFO] PluginManage:310 - Check plugin power
2025-06-29 13:19:16,568 [INFO] PluginManage:359 - Loaded plugin power (category:power,tabindex:4)
2025-06-29 13:19:16,568 [INFO] PluginManage:310 - Check plugin projectmanager
2025-06-29 13:19:16,615 [INFO] PluginManage:359 - Loaded plugin projectmanager (category:projectmanager,tabindex:4)
2025-06-29 13:19:16,615 [INFO] PluginManage:310 - Check plugin rif
2025-06-29 13:19:16,649 [INFO] PluginManage:359 - Loaded plugin rif (category:base,tabindex:3)
2025-06-29 13:19:16,650 [INFO] PluginManage:310 - Check plugin thirdparty
2025-06-29 13:19:16,907 [WARN] IntegrityCheckThread:84 - waiting for thirdparty lock release [integrity check]
2025-06-29 13:19:16,908 [INFO] IntegrityCheckThread:86 - entering critical section [integrity check]
2025-06-29 13:19:16,910 [INFO] ThirdPartyUpdaterWithRetryManager:70 - Updater plugin not ready yet. [1/15]
2025-06-29 13:19:16,910 [INFO] PluginManage:359 - Loaded plugin thirdparty (category:base,tabindex:-1)
2025-06-29 13:19:16,910 [INFO] PluginManage:310 - Check plugin tools
2025-06-29 13:19:16,972 [INFO] PluginManage:359 - Loaded plugin tools (category:base,tabindex:7)
2025-06-29 13:19:16,972 [INFO] PluginManage:310 - Check plugin tutovideos
2025-06-29 13:19:17,283 [INFO] PluginManage:359 - Loaded plugin tutovideos (category:base,tabindex:-1)
2025-06-29 13:19:17,283 [INFO] PluginManage:310 - Check plugin updater
2025-06-29 13:19:17,310 [INFO] PluginManage:359 - Loaded plugin updater (category:base,tabindex:12)
2025-06-29 13:19:17,310 [INFO] PluginManage:310 - Check plugin userauth
2025-06-29 13:19:17,319 [INFO] UserAuth:113 - Init User Auth plugin
2025-06-29 13:19:17,319 [INFO] PluginManage:359 - Loaded plugin userauth (category:base,tabindex:14)
2025-06-29 13:19:17,320 [INFO] PluginManage:283 - PluginManage : Loaded plugins [18]
2025-06-29 13:19:17,742 [INFO] PinOutPanel:1561 - setPackage(No Configuration,No Configuration)
2025-06-29 13:19:17,898 [INFO] CADModel:165 - CPN selected for project level
2025-06-29 13:19:17,898 [INFO] CADModel:114 - Register for checkConnection events
2025-06-29 13:19:17,921 [INFO] IPUIPlugin:80 - create IPUIPlugin
2025-06-29 13:19:17,921 [INFO] PluginManager:220 - loadIPPluginJar : add adc
2025-06-29 13:19:17,983 [INFO] IPUIPlugin:80 - create IPUIPlugin
2025-06-29 13:19:17,983 [INFO] PluginManager:220 - loadIPPluginJar : add aes
2025-06-29 13:19:18,049 [INFO] IPUIPlugin:80 - create IPUIPlugin
2025-06-29 13:19:18,049 [INFO] PluginManager:220 - loadIPPluginJar : add can
2025-06-29 13:19:18,092 [INFO] IPUIPlugin:80 - create IPUIPlugin
2025-06-29 13:19:18,093 [INFO] PluginManager:220 - loadIPPluginJar : add comp
2025-06-29 13:19:18,158 [INFO] IPUIPlugin:80 - create IPUIPlugin
2025-06-29 13:19:18,158 [INFO] PluginManager:220 - loadIPPluginJar : add cryp
2025-06-29 13:19:18,164 [INFO] IPUIPlugin:80 - create IPUIPlugin
2025-06-29 13:19:18,164 [INFO] PluginManager:220 - loadIPPluginJar : add ddr_ctrl_phy
2025-06-29 13:19:18,222 [INFO] IPUIPlugin:80 - create IPUIPlugin
2025-06-29 13:19:18,222 [INFO] PluginManager:220 - loadIPPluginJar : add dfsdm
2025-06-29 13:19:18,229 [INFO] IPUIPlugin:80 - create IPUIPlugin
2025-06-29 13:19:18,230 [INFO] PluginManager:220 - loadIPPluginJar : add dma
2025-06-29 13:19:18,310 [INFO] IPUIPlugin:80 - create IPUIPlugin
2025-06-29 13:19:18,310 [INFO] PluginManager:220 - loadIPPluginJar : add dma3
2025-06-29 13:19:18,384 [INFO] IPUIPlugin:80 - create IPUIPlugin
2025-06-29 13:19:18,384 [INFO] PluginManager:220 - loadIPPluginJar : add extmemmanager
2025-06-29 13:19:18,389 [INFO] IPUIPlugin:80 - create IPUIPlugin
2025-06-29 13:19:18,389 [INFO] PluginManager:220 - loadIPPluginJar : add fatfs
2025-06-29 13:19:18,464 [INFO] IPUIPlugin:80 - create IPUIPlugin
2025-06-29 13:19:18,464 [INFO] PluginManager:220 - loadIPPluginJar : add fmc
2025-06-29 13:19:18,472 [INFO] IPUIPlugin:80 - create IPUIPlugin
2025-06-29 13:19:18,472 [INFO] PluginManager:220 - loadIPPluginJar : add freertos
2025-06-29 13:19:18,507 [INFO] IPUIPlugin:80 - create IPUIPlugin
2025-06-29 13:19:18,507 [INFO] PluginManager:220 - loadIPPluginJar : add genericplugin
2025-06-29 13:19:18,657 [INFO] IPUIPlugin:80 - create IPUIPlugin
2025-06-29 13:19:18,657 [INFO] PluginManager:220 - loadIPPluginJar : add gfxmmu
2025-06-29 13:19:18,869 [INFO] IPUIPlugin:80 - create IPUIPlugin
2025-06-29 13:19:18,869 [INFO] PluginManager:220 - loadIPPluginJar : add gic
2025-06-29 13:19:18,876 [INFO] IPUIPlugin:80 - create IPUIPlugin
2025-06-29 13:19:18,876 [INFO] PluginManager:220 - loadIPPluginJar : add gpio
2025-06-29 13:19:19,019 [INFO] IPUIPlugin:80 - create IPUIPlugin
2025-06-29 13:19:19,019 [INFO] PluginManager:220 - loadIPPluginJar : add gtzc
2025-06-29 13:19:19,025 [INFO] IPUIPlugin:80 - create IPUIPlugin
2025-06-29 13:19:19,025 [INFO] PluginManager:220 - loadIPPluginJar : add hash
2025-06-29 13:19:19,110 [INFO] IPUIPlugin:80 - create IPUIPlugin
2025-06-29 13:19:19,110 [INFO] PluginManager:220 - loadIPPluginJar : add i2c
2025-06-29 13:19:19,176 [INFO] IPUIPlugin:80 - create IPUIPlugin
2025-06-29 13:19:19,176 [INFO] PluginManager:220 - loadIPPluginJar : add i2s
2025-06-29 13:19:19,245 [INFO] IPUIPlugin:80 - create IPUIPlugin
2025-06-29 13:19:19,245 [INFO] PluginManager:220 - loadIPPluginJar : add i3c
2025-06-29 13:19:19,410 [INFO] IPUIPlugin:80 - create IPUIPlugin
2025-06-29 13:19:19,410 [INFO] PluginManager:220 - loadIPPluginJar : add ipddr
2025-06-29 13:19:19,559 [INFO] IPUIPlugin:80 - create IPUIPlugin
2025-06-29 13:19:19,559 [INFO] PluginManager:220 - loadIPPluginJar : add linkedlist
2025-06-29 13:19:19,564 [INFO] IPUIPlugin:80 - create IPUIPlugin
2025-06-29 13:19:19,564 [INFO] PluginManager:220 - loadIPPluginJar : add lorawan
2025-06-29 13:19:19,623 [INFO] IPUIPlugin:80 - create IPUIPlugin
2025-06-29 13:19:19,623 [INFO] PluginManager:220 - loadIPPluginJar : add ltdc
2025-06-29 13:19:19,631 [INFO] IPUIPlugin:80 - create IPUIPlugin
2025-06-29 13:19:19,632 [INFO] PluginManager:220 - loadIPPluginJar : add mdma
2025-06-29 13:19:19,636 [INFO] IPUIPlugin:80 - create IPUIPlugin
2025-06-29 13:19:19,636 [INFO] PluginManager:220 - loadIPPluginJar : add nvic
2025-06-29 13:19:19,699 [INFO] IPUIPlugin:80 - create IPUIPlugin
2025-06-29 13:19:19,699 [INFO] PluginManager:220 - loadIPPluginJar : add opamp
2025-06-29 13:19:19,805 [INFO] IPUIPlugin:80 - create IPUIPlugin
2025-06-29 13:19:19,806 [INFO] PluginManager:220 - loadIPPluginJar : add openamp
2025-06-29 13:19:19,882 [INFO] IPUIPlugin:80 - create IPUIPlugin
2025-06-29 13:19:19,882 [INFO] PluginManager:220 - loadIPPluginJar : add pdm2pcm
2025-06-29 13:19:19,890 [INFO] IPUIPlugin:80 - create IPUIPlugin
2025-06-29 13:19:19,893 [INFO] PluginManager:220 - loadIPPluginJar : add plateformsettings
2025-06-29 13:19:19,897 [INFO] IPUIPlugin:80 - create IPUIPlugin
2025-06-29 13:19:19,897 [INFO] PluginManager:220 - loadIPPluginJar : add quadspi
2025-06-29 13:19:19,912 [INFO] ThirdPartyUpdaterWithRetryManager:70 - Updater plugin not ready yet. [2/15]
2025-06-29 13:19:19,940 [INFO] IPUIPlugin:80 - create IPUIPlugin
2025-06-29 13:19:19,941 [INFO] PluginManager:220 - loadIPPluginJar : add radio
2025-06-29 13:19:19,947 [INFO] IPUIPlugin:80 - create IPUIPlugin
2025-06-29 13:19:19,948 [INFO] PluginManager:220 - loadIPPluginJar : add resmgrutility
2025-06-29 13:19:20,029 [INFO] IPUIPlugin:80 - create IPUIPlugin
2025-06-29 13:19:20,029 [INFO] PluginManager:220 - loadIPPluginJar : add sai
2025-06-29 13:19:20,091 [INFO] IPUIPlugin:80 - create IPUIPlugin
2025-06-29 13:19:20,091 [INFO] PluginManager:220 - loadIPPluginJar : add spi
2025-06-29 13:19:20,200 [INFO] IPUIPlugin:80 - create IPUIPlugin
2025-06-29 13:19:20,200 [INFO] PluginManager:220 - loadIPPluginJar : add stm32_wpan
2025-06-29 13:19:20,242 [INFO] IPUIPlugin:80 - create IPUIPlugin
2025-06-29 13:19:20,242 [INFO] PluginManager:220 - loadIPPluginJar : add tim
2025-06-29 13:19:20,342 [INFO] IPUIPlugin:80 - create IPUIPlugin
2025-06-29 13:19:20,342 [INFO] PluginManager:220 - loadIPPluginJar : add touchsensing
2025-06-29 13:19:20,382 [INFO] IPUIPlugin:80 - create IPUIPlugin
2025-06-29 13:19:20,382 [INFO] PluginManager:220 - loadIPPluginJar : add tracer_emb
2025-06-29 13:19:20,424 [INFO] IPUIPlugin:80 - create IPUIPlugin
2025-06-29 13:19:20,424 [INFO] PluginManager:220 - loadIPPluginJar : add ts
2025-06-29 13:19:20,464 [INFO] IPUIPlugin:80 - create IPUIPlugin
2025-06-29 13:19:20,464 [INFO] PluginManager:220 - loadIPPluginJar : add tsc
2025-06-29 13:19:20,468 [INFO] IPUIPlugin:80 - create IPUIPlugin
2025-06-29 13:19:20,468 [INFO] PluginManager:220 - loadIPPluginJar : add ucpd
2025-06-29 13:19:20,537 [INFO] IPUIPlugin:80 - create IPUIPlugin
2025-06-29 13:19:20,538 [INFO] PluginManager:220 - loadIPPluginJar : add usart
2025-06-29 13:19:20,607 [INFO] IPUIPlugin:80 - create IPUIPlugin
2025-06-29 13:19:20,607 [INFO] PluginManager:220 - loadIPPluginJar : add usbx
2025-06-29 13:19:20,777 [INFO] CADModel:165 - CPN selected for project level
2025-06-29 13:19:20,778 [INFO] CADModel:114 - Register for checkConnection events
2025-06-29 13:19:20,779 [FATAL] Updater:334 - Updater called before beeing initialized
2025-06-29 13:19:20,779 [ERROR] CADModel:125 - Updater not yet initialized, retry later 
2025-06-29 13:19:20,991 [INFO] CADModel:165 - CPN selected for project level
2025-06-29 13:19:20,991 [INFO] CADModel:114 - Register for checkConnection events
2025-06-29 13:19:20,991 [FATAL] Updater:334 - Updater called before beeing initialized
2025-06-29 13:19:20,991 [ERROR] CADModel:125 - Updater not yet initialized, retry later 
2025-06-29 13:19:20,996 [FATAL] Updater:334 - Updater called before beeing initialized
2025-06-29 13:19:21,162 [FATAL] Updater:334 - Updater called before beeing initialized
2025-06-29 13:19:21,167 [INFO] DbMcusAds:53 - JSON generation date=Wed May 07 18:07:55 KST 2025 (1746608875484)
2025-06-29 13:19:21,168 [FATAL] Updater:334 - Updater called before beeing initialized
2025-06-29 13:19:21,225 [WARN] DetailPanel:346 - Failed to get advertising image, set to default
2025-06-29 13:19:21,375 [FATAL] Updater:334 - Updater called before beeing initialized
2025-06-29 13:19:21,378 [FATAL] Updater:334 - Updater called before beeing initialized
2025-06-29 13:19:21,378 [FATAL] Updater:334 - Updater called before beeing initialized
2025-06-29 13:19:21,378 [WARN] DetailPanel:346 - Failed to get advertising image, set to default
2025-06-29 13:19:21,379 [FATAL] Updater:334 - Updater called before beeing initialized
2025-06-29 13:19:21,460 [ERROR] Updater:1164 - MainUpdater not yet initialized. External WinMGr cannot be set.
2025-06-29 13:19:21,464 [INFO] Updater:1100 - Updater Version found : 6.12.0
2025-06-29 13:19:21,490 [INFO] ApplicationProperties:184 - Using Application install path: C:\ST\STM32CubeIDE_1.16.0\STM32CubeIDE\plugins\com.st.stm32cube.common.mx_6.12.0.202406281431
2025-06-29 13:19:22,402 [INFO] MainUpdater:2873 - connection check result : 10
2025-06-29 13:19:22,403 [INFO] MainUpdater:290 - Updater Check For Update Now.
2025-06-29 13:19:22,403 [INFO] MicroXplorer:498 - Change Database Version : DB.6.0.120
2025-06-29 13:19:22,418 [INFO] McuFinderGlobals:63 - Set McuFinder mode to 2 (CubeIDE integrated)
2025-06-29 13:19:22,419 [INFO] UserAuth:417 - Internet connection configuration mode: 1
2025-06-29 13:19:22,493 [INFO] JxBrowserEngine:152 - Initiate JxBrowser Engine with user profile folder
2025-06-29 13:19:22,642 [INFO] CheckServerUpdateThread:120 - End of CheckServer Thread
2025-06-29 13:19:23,385 [WARN] PackLoader:240 - Cannot read IP mode file for STMicroelectronics.FP-SNS-MOTENVWB1.1.4.0
2025-06-29 13:19:23,405 [WARN] PackLoader:240 - Cannot read IP mode file for STMicroelectronics.FP-ATR-ASTRA1.2.0.2
2025-06-29 13:19:23,414 [WARN] PackLoader:240 - Cannot read IP mode file for STMicroelectronics.FP-ATR-ASTRA1.2.0.1
2025-06-29 13:19:23,444 [WARN] PackLoader:240 - Cannot read IP mode file for STMicroelectronics.X-CUBE-SMBUS.2.1.0
2025-06-29 13:19:23,464 [WARN] PackLoader:240 - Cannot read IP mode file for STMicroelectronics.X-CUBE-WB05N.1.1.0
2025-06-29 13:19:23,474 [ERROR] Engine:466 - C:\Users\hyeon\.stm32cubemx\thirdparties\pdsc\STMicroelectronics.X-CUBE-ST60.1.0.0.pdsc: PDSC version is not supported
2025-06-29 13:19:23,522 [WARN] PackLoader:240 - Cannot read IP mode file for STMicroelectronics.X-CUBE-AZRTOS-F7.1.1.0
2025-06-29 13:19:23,682 [WARN] PackLoader:240 - Cannot read IP mode file for STMicroelectronics.FP-SNS-FLIGHT1.5.0.2
2025-06-29 13:19:23,697 [WARN] PackLoader:240 - Cannot read IP mode file for STMicroelectronics.X-CUBE-DISPLAY.3.0.0
2025-06-29 13:19:23,714 [WARN] PackLoader:240 - Cannot read IP mode file for STMicroelectronics.X-CUBE-BLE1.7.0.0
2025-06-29 13:19:23,730 [WARN] PackLoader:240 - Cannot read IP mode file for STMicroelectronics.X-CUBE-NFC10.1.0.0
2025-06-29 13:19:23,756 [WARN] PackLoader:240 - Cannot read IP mode file for STMicroelectronics.X-CUBE-BLEMGR.4.0.0
2025-06-29 13:19:23,773 [WARN] PackLoader:240 - Cannot read IP mode file for emotas.I-CUBE-CANOPEN.1.3.0
2025-06-29 13:19:24,129 [WARN] PackLoader:240 - Cannot read IP mode file for STMicroelectronics.X-CUBE-BLEMGR.3.1.0
2025-06-29 13:19:24,138 [WARN] PackLoader:240 - Cannot read IP mode file for STMicroelectronics.X-CUBE-AI.10.0.0
2025-06-29 13:19:24,145 [WARN] PackLoader:240 - Cannot read IP mode file for STMicroelectronics.FP-SNS-SMARTAG2.1.2.0
2025-06-29 13:19:24,149 [ERROR] Engine:466 - C:\Users\hyeon\.stm32cubemx\thirdparties\pdsc\STMicroelectronics.FP-SNS-FLIGHT1.5.1.0.pdsc: PDSC version is not supported
2025-06-29 13:19:24,218 [WARN] PackLoader:240 - Cannot read IP mode file for STMicroelectronics.X-CUBE-MEMS1.11.1.0
2025-06-29 13:19:24,475 [INFO] LogOutputStream:77 - [STDOUT_REDIRECT] 1 : Invalid condition id : UX_CORESTACK_Condition cause : null
2025-06-29 13:19:24,476 [INFO] LogOutputStream:77 - [STDOUT_REDIRECT] 1 : Invalid condition id : UX_CORESTACK_Condition cause : null
2025-06-29 13:19:24,481 [INFO] LogOutputStream:77 - [STDOUT_REDIRECT] 1 : Invalid condition id : UX_CORESTACK_Condition cause : null
2025-06-29 13:19:24,484 [INFO] LogOutputStream:77 - [STDOUT_REDIRECT] 1 : Invalid condition id : UX_CORESTACK_Condition cause : null
2025-06-29 13:19:24,489 [INFO] LogOutputStream:77 - [STDOUT_REDIRECT] 1 : Invalid condition id : UX_CORESTACK_Condition cause : null
2025-06-29 13:19:24,501 [WARN] PackLoader:240 - Cannot read IP mode file for STMicroelectronics.X-CUBE-AZRTOS-WL.2.0.0
2025-06-29 13:19:24,515 [WARN] PackLoader:240 - Cannot read IP mode file for STMicroelectronics.FP-SNS-MOTENV1.5.0.0
2025-06-29 13:19:24,532 [WARN] PackLoader:240 - Cannot read IP mode file for wolfSSL.I-CUBE-wolfMQTT.1.19.0
2025-06-29 13:19:24,554 [WARN] PackLoader:240 - Cannot read IP mode file for WES.I-CUBE-Cesium.1.3.0
2025-06-29 13:19:24,569 [WARN] PackLoader:240 - Cannot read IP mode file for STMicroelectronics.X-CUBE-BLE2.3.3.0
2025-06-29 13:19:24,586 [WARN] PackLoader:240 - Cannot read IP mode file for STMicroelectronics.X-CUBE-NFC9.1.0.0
2025-06-29 13:19:24,596 [WARN] PackLoader:240 - Cannot read IP mode file for STMicroelectronics.X-CUBE-BLE1.7.1.0
2025-06-29 13:19:24,614 [WARN] PackLoader:240 - Cannot read IP mode file for STMicroelectronics.X-CUBE-TCPP.4.1.0
2025-06-29 13:19:24,627 [WARN] PackLoader:240 - Cannot read IP mode file for STMicroelectronics.X-CUBE-AI.10.1.0
2025-06-29 13:19:24,719 [WARN] PackLoader:240 - Cannot read IP mode file for STMicroelectronics.X-CUBE-MEMS1.11.2.0
2025-06-29 13:19:25,003 [WARN] PackLoader:240 - Cannot read IP mode file for STMicroelectronics.X-CUBE-AZRTOS-G0.1.1.0
2025-06-29 13:19:25,022 [WARN] PackLoader:240 - Cannot read IP mode file for STMicroelectronics.X-CUBE-SAFEA1.1.2.2
2025-06-29 13:19:25,036 [WARN] PackLoader:240 - Cannot read IP mode file for STMicroelectronics.X-CUBE-NFC4.3.0.0
2025-06-29 13:19:25,087 [WARN] PackLoader:240 - Cannot read IP mode file for EmbeddedOffice.I-CUBE-FS-RTOS.1.0.1
2025-06-29 13:19:25,087 [ERROR] ConditionMgr:805 - Attr not supported : Dmpu
2025-06-29 13:19:25,087 [ERROR] ConditionMgr:805 - Attr not supported : Dmpu
2025-06-29 13:19:25,087 [ERROR] ConditionMgr:805 - Attr not supported : Dmpu
2025-06-29 13:19:25,088 [ERROR] ConditionMgr:805 - Attr not supported : Dmpu
2025-06-29 13:19:25,088 [ERROR] ConditionMgr:805 - Attr not supported : Dmpu
2025-06-29 13:19:25,088 [ERROR] ConditionMgr:805 - Attr not supported : Dmpu
2025-06-29 13:19:25,088 [ERROR] ConditionMgr:805 - Attr not supported : Dmpu
2025-06-29 13:19:25,088 [ERROR] ConditionMgr:805 - Attr not supported : Dmpu
2025-06-29 13:19:25,088 [ERROR] ConditionMgr:805 - Attr not supported : Dmpu
2025-06-29 13:19:25,088 [ERROR] ConditionMgr:805 - Attr not supported : Dmpu
2025-06-29 13:19:25,088 [ERROR] ConditionMgr:805 - Attr not supported : Dmpu
2025-06-29 13:19:25,089 [ERROR] ConditionMgr:805 - Attr not supported : Dmpu
2025-06-29 13:19:25,089 [ERROR] ConditionMgr:805 - Attr not supported : Dmpu
2025-06-29 13:19:25,089 [ERROR] ConditionMgr:805 - Attr not supported : Dmpu
2025-06-29 13:19:25,089 [ERROR] ConditionMgr:805 - Attr not supported : Dmpu
2025-06-29 13:19:25,089 [ERROR] ConditionMgr:805 - Attr not supported : Dmpu
2025-06-29 13:19:25,089 [ERROR] ConditionMgr:805 - Attr not supported : Dmpu
2025-06-29 13:19:25,089 [ERROR] ConditionMgr:805 - Attr not supported : Dmpu
2025-06-29 13:19:25,090 [ERROR] ConditionMgr:805 - Attr not supported : Dmpu
2025-06-29 13:19:25,090 [ERROR] ConditionMgr:805 - Attr not supported : Dmpu
2025-06-29 13:19:25,090 [ERROR] ConditionMgr:805 - Attr not supported : Dmpu
2025-06-29 13:19:25,090 [ERROR] ConditionMgr:805 - Attr not supported : Dmpu
2025-06-29 13:19:25,090 [ERROR] ConditionMgr:805 - Attr not supported : Dmpu
2025-06-29 13:19:25,090 [ERROR] ConditionMgr:805 - Attr not supported : Dmpu
2025-06-29 13:19:25,090 [ERROR] ConditionMgr:805 - Attr not supported : Dmpu
2025-06-29 13:19:25,090 [ERROR] ConditionMgr:805 - Attr not supported : Dmpu
2025-06-29 13:19:25,091 [ERROR] ConditionMgr:805 - Attr not supported : Dmpu
2025-06-29 13:19:25,091 [ERROR] ConditionMgr:805 - Attr not supported : Dmpu
2025-06-29 13:19:25,091 [ERROR] ConditionMgr:805 - Attr not supported : Dmpu
2025-06-29 13:19:25,091 [ERROR] ConditionMgr:805 - Attr not supported : Dmpu
2025-06-29 13:19:25,091 [ERROR] ConditionMgr:805 - Attr not supported : Dmpu
2025-06-29 13:19:25,091 [ERROR] ConditionMgr:805 - Attr not supported : Dmpu
2025-06-29 13:19:25,091 [ERROR] ConditionMgr:805 - Attr not supported : Dmpu
2025-06-29 13:19:25,092 [ERROR] ConditionMgr:805 - Attr not supported : Dmpu
2025-06-29 13:19:25,092 [ERROR] ConditionMgr:805 - Attr not supported : Dmpu
2025-06-29 13:19:25,092 [ERROR] ConditionMgr:805 - Attr not supported : Dmpu
2025-06-29 13:19:25,092 [ERROR] ConditionMgr:805 - Attr not supported : Dmpu
2025-06-29 13:19:25,092 [ERROR] ConditionMgr:805 - Attr not supported : Dmpu
2025-06-29 13:19:25,092 [ERROR] ConditionMgr:805 - Attr not supported : Dmpu
2025-06-29 13:19:25,092 [ERROR] ConditionMgr:805 - Attr not supported : Dmpu
2025-06-29 13:19:25,093 [ERROR] ConditionMgr:805 - Attr not supported : Dmpu
2025-06-29 13:19:25,093 [ERROR] ConditionMgr:805 - Attr not supported : Dmpu
2025-06-29 13:19:25,093 [ERROR] ConditionMgr:805 - Attr not supported : Dmpu
2025-06-29 13:19:25,093 [ERROR] ConditionMgr:805 - Attr not supported : Dmpu
2025-06-29 13:19:25,093 [ERROR] ConditionMgr:805 - Attr not supported : Dmpu
2025-06-29 13:19:25,093 [ERROR] ConditionMgr:805 - Attr not supported : Dmpu
2025-06-29 13:19:25,093 [ERROR] ConditionMgr:805 - Attr not supported : Dmpu
2025-06-29 13:19:25,094 [ERROR] ConditionMgr:805 - Attr not supported : Dmpu
2025-06-29 13:19:25,094 [ERROR] ConditionMgr:805 - Attr not supported : Dmpu
2025-06-29 13:19:25,094 [ERROR] ConditionMgr:805 - Attr not supported : Dmpu
2025-06-29 13:19:25,094 [ERROR] ConditionMgr:805 - Attr not supported : Dmpu
2025-06-29 13:19:25,094 [ERROR] ConditionMgr:805 - Attr not supported : Dmpu
2025-06-29 13:19:25,094 [ERROR] ConditionMgr:805 - Attr not supported : Dmpu
2025-06-29 13:19:25,095 [ERROR] ConditionMgr:805 - Attr not supported : Dmpu
2025-06-29 13:19:25,095 [ERROR] ConditionMgr:805 - Attr not supported : Dmpu
2025-06-29 13:19:25,095 [ERROR] ConditionMgr:805 - Attr not supported : Dmpu
2025-06-29 13:19:25,095 [ERROR] ConditionMgr:805 - Attr not supported : Dmpu
2025-06-29 13:19:25,095 [ERROR] ConditionMgr:805 - Attr not supported : Dmpu
2025-06-29 13:19:25,095 [ERROR] ConditionMgr:805 - Attr not supported : Dmpu
2025-06-29 13:19:25,095 [ERROR] ConditionMgr:805 - Attr not supported : Dmpu
2025-06-29 13:19:25,096 [ERROR] ConditionMgr:805 - Attr not supported : Dmpu
2025-06-29 13:19:25,096 [ERROR] ConditionMgr:805 - Attr not supported : Dmpu
2025-06-29 13:19:25,096 [ERROR] ConditionMgr:805 - Attr not supported : Dmpu
2025-06-29 13:19:25,096 [ERROR] ConditionMgr:805 - Attr not supported : Dmpu
2025-06-29 13:19:25,106 [WARN] PackLoader:240 - Cannot read IP mode file for STMicroelectronics.X-CUBE-WB05N.2.0.0
2025-06-29 13:19:25,114 [ERROR] Engine:466 - C:\Users\hyeon\.stm32cubemx\thirdparties\pdsc\STMicroelectronics.X-CUBE-TCPP.4.2.0.pdsc: PDSC version is not supported
2025-06-29 13:19:25,125 [WARN] PackLoader:240 - Cannot read IP mode file for RealThread.X-CUBE-RT-Thread_Nano.4.1.1
2025-06-29 13:19:25,136 [WARN] PackLoader:240 - Cannot read IP mode file for wolfSSL.I-CUBE-wolfSSL.5.7.0
2025-06-29 13:19:25,146 [WARN] PackLoader:240 - Cannot read IP mode file for STMicroelectronics.FP-ATR-SIGFOX1.3.2.0
2025-06-29 13:19:25,156 [WARN] ConditionMgr:438 - getConditionDescription Invalid condition id : Cortex-A Device cause : null
2025-06-29 13:19:25,179 [WARN] ConditionMgr:1039 - genDependencies : Invalid condition id : Cortex-A Device cause : null
2025-06-29 13:19:25,179 [WARN] ConditionMgr:1039 - genDependencies : Invalid condition id : Cortex-A Device cause : null
2025-06-29 13:19:25,179 [WARN] ConditionMgr:1039 - genDependencies : Invalid condition id : Cortex-A Device cause : null
2025-06-29 13:19:25,192 [WARN] PackLoader:240 - Cannot read IP mode file for STMicroelectronics.X-CUBE-EEPRMA1.5.1.0
2025-06-29 13:19:25,204 [WARN] PackLoader:240 - Cannot read IP mode file for ITTIA_DB.I-CUBE-ITTIADB.8.9.0
2025-06-29 13:19:25,207 [ERROR] Engine:466 - C:\Users\hyeon\.stm32cubemx\thirdparties\pdsc\STMicroelectronics.X-CUBE-ST67W61.1.0.0.pdsc: PDSC version is not supported
2025-06-29 13:19:25,251 [WARN] PackLoader:240 - Cannot read IP mode file for SEGGER.I-CUBE-embOS.1.3.1
2025-06-29 13:19:25,300 [INFO] WebApp:167 - Instantiating new browser for Auth
2025-06-29 13:19:25,345 [WARN] PackLoader:240 - Cannot read IP mode file for STMicroelectronics.X-CUBE-ALGOBUILD.1.4.0
2025-06-29 13:19:25,441 [WARN] PackLoader:240 - Cannot read IP mode file for STMicroelectronics.X-CUBE-MEMS1.11.3.0
2025-06-29 13:19:25,681 [WARN] PackLoader:240 - Cannot read IP mode file for STMicroelectronics.X-CUBE-AI.9.1.0
2025-06-29 13:19:25,692 [WARN] PackLoader:240 - Cannot read IP mode file for STMicroelectronics.X-CUBE-PM33A1.1.0.0
2025-06-29 13:19:25,707 [WARN] PackLoader:240 - Cannot read IP mode file for STMicroelectronics.X-CUBE-GNSS1.6.0.0
2025-06-29 13:19:25,756 [WARN] PackLoader:240 - Cannot read IP mode file for STMicroelectronics.X-CUBE-AZRTOS-F4.1.1.0
2025-06-29 13:19:25,765 [ERROR] Engine:466 - C:\Users\hyeon\.stm32cubemx\thirdparties\pdsc\Avnet-IotConnect.X-CUBE-IoTC-DA16k-PMOD.1.0.0.pdsc: PDSC version is not supported
2025-06-29 13:19:25,773 [WARN] PackLoader:240 - Cannot read IP mode file for STMicroelectronics.X-CUBE-ISPU.2.1.0
2025-06-29 13:19:25,784 [WARN] PackLoader:240 - Cannot read IP mode file for STMicroelectronics.X-CUBE-FREERTOS.1.2.0
2025-06-29 13:19:25,815 [WARN] PackLoader:240 - Cannot read IP mode file for STMicroelectronics.X-CUBE-AZRTOS-L5.2.0.0
2025-06-29 13:19:25,830 [WARN] PackLoader:240 - Cannot read IP mode file for STMicroelectronics.X-CUBE-NFC6.3.1.0
2025-06-29 13:19:25,841 [WARN] PackLoader:240 - Cannot read IP mode file for STMicroelectronics.X-CUBE-DPower.1.2.0
2025-06-29 13:19:25,847 [WARN] PackLoader:240 - Cannot read IP mode file for STMicroelectronics.X-CUBE-AI.9.0.0
2025-06-29 13:19:25,861 [WARN] PackLoader:240 - Cannot read IP mode file for STMicroelectronics.X-CUBE-FREERTOS.1.3.1
2025-06-29 13:19:25,868 [WARN] PackLoader:240 - Cannot read IP mode file for STMicroelectronics.X-CUBE-FREERTOS.1.3.0
2025-06-29 13:19:25,875 [WARN] PackLoader:240 - Cannot read IP mode file for STMicroelectronics.X-CUBE-NFC7.1.0.1
2025-06-29 13:19:25,881 [WARN] PackLoader:240 - Cannot read IP mode file for wolfSSL.I-CUBE-wolfTPM.3.2.0
2025-06-29 13:19:25,886 [ERROR] Engine:466 - C:\Users\hyeon\.stm32cubemx\thirdparties\pdsc\STMicroelectronics.FP-SNS-STAIOTCFT.1.0.0.pdsc: PDSC version is not supported
2025-06-29 13:19:25,891 [WARN] PackLoader:240 - Cannot read IP mode file for STMicroelectronics.X-CUBE-DPower.1.3.0
2025-06-29 13:19:25,919 [WARN] ConditionMgr:438 - getConditionDescription Invalid condition id : LAN8742 Phy interface Condition cause : null
2025-06-29 13:19:25,920 [WARN] PackLoader:240 - Cannot read IP mode file for STMicroelectronics.X-CUBE-AZRTOS-L4.2.0.0
2025-06-29 13:19:25,922 [WARN] ConditionMgr:1039 - genDependencies : Invalid condition id : LAN8742 Phy interface Condition cause : null
2025-06-29 13:19:25,922 [WARN] ConditionMgr:1039 - genDependencies : Invalid condition id : LAN8742 Phy interface Condition cause : null
2025-06-29 13:19:25,923 [WARN] ConditionMgr:1039 - genDependencies : Invalid condition id : LAN8742 Phy interface Condition cause : null
2025-06-29 13:19:25,934 [WARN] PackLoader:240 - Cannot read IP mode file for STMicroelectronics.X-CUBE-SFXS2LP1.4.0.0
2025-06-29 13:19:25,961 [WARN] PackLoader:240 - Cannot read IP mode file for STMicroelectronics.X-CUBE-AZRTOS-H7.3.3.0
2025-06-29 13:19:25,982 [WARN] ConditionMgr:438 - getConditionDescription Invalid condition id : UX DEVICE CLASS RTOS Condition cause : null
2025-06-29 13:19:25,982 [WARN] ConditionMgr:438 - getConditionDescription Invalid condition id : UX DEVICE CLASS RTOS Condition cause : null
2025-06-29 13:19:25,985 [WARN] PackLoader:240 - Cannot read IP mode file for STMicroelectronics.X-CUBE-AZRTOS-WB.2.0.0
2025-06-29 13:19:25,985 [WARN] ConditionMgr:1039 - genDependencies : Invalid condition id : UX DEVICE CLASS RTOS Condition cause : null
2025-06-29 13:19:25,985 [WARN] ConditionMgr:1039 - genDependencies : Invalid condition id : UX DEVICE CLASS RTOS Condition cause : null
2025-06-29 13:19:25,986 [WARN] ConditionMgr:1039 - genDependencies : Invalid condition id : UX DEVICE CLASS RTOS Condition cause : null
2025-06-29 13:19:25,986 [WARN] ConditionMgr:1039 - genDependencies : Invalid condition id : UX DEVICE CLASS RTOS Condition cause : null
2025-06-29 13:19:25,986 [WARN] ConditionMgr:1039 - genDependencies : Invalid condition id : UX DEVICE CLASS RTOS Condition cause : null
2025-06-29 13:19:25,993 [WARN] PackLoader:240 - Cannot read IP mode file for STMicroelectronics.X-CUBE-GNSS1.7.0.1
2025-06-29 13:19:26,002 [WARN] PackLoader:240 - Cannot read IP mode file for STMicroelectronics.X-CUBE-TOUCHGFX.4.25.0
2025-06-29 13:19:26,012 [WARN] PackLoader:240 - Cannot read IP mode file for STMicroelectronics.FP-SNS-STBOX1.2.0.0
2025-06-29 13:19:26,030 [WARN] PackLoader:240 - Cannot read IP mode file for STMicroelectronics.X-CUBE-SUBG2.5.0.0
2025-06-29 13:19:26,063 [WARN] PackLoader:240 - Cannot read IP mode file for STMicroelectronics.X-CUBE-AZRTOS-H7RS.1.1.0
2025-06-29 13:19:26,073 [WARN] PackLoader:240 - Cannot read IP mode file for Cesanta.I-CUBE-Mongoose.7.13.0
2025-06-29 13:19:26,091 [WARN] PackLoader:240 - Cannot read IP mode file for STMicroelectronics.X-CUBE-AZRTOS-G4.2.0.0
2025-06-29 13:19:26,098 [WARN] PackLoader:240 - Cannot read IP mode file for STMicroelectronics.X-CUBE-NFC7.2.0.0
2025-06-29 13:19:26,104 [WARN] PackLoader:240 - Cannot read IP mode file for STMicroelectronics.X-CUBE-ISPU.2.0.0
2025-06-29 13:19:26,111 [ERROR] Engine:466 - C:\Users\hyeon\.stm32cubemx\thirdparties\pdsc\STMicroelectronics.X-CUBE-IPS.3.1.0.pdsc: PDSC version is not supported
2025-06-29 13:19:26,117 [WARN] PackLoader:240 - Cannot read IP mode file for STMicroelectronics.X-CUBE-ALS.1.0.2
2025-06-29 13:19:26,164 [WARN] PackLoader:240 - Cannot read IP mode file for STMicroelectronics.X-CUBE-MEMS1.10.0.0
2025-06-29 13:19:26,302 [WARN] PackLoader:240 - Cannot read IP mode file for STMicroelectronics.X-CUBE-TOUCHGFX.4.24.0
2025-06-29 13:19:26,308 [WARN] PackLoader:240 - Cannot read IP mode file for STMicroelectronics.X-CUBE-TOUCHGFX.4.24.2
2025-06-29 13:19:26,319 [WARN] PackLoader:240 - Cannot read IP mode file for portGmbH.I-Cube-SoM-uGOAL.1.1.0
2025-06-29 13:19:26,361 [WARN] PackLoader:240 - Cannot read IP mode file for STMicroelectronics.X-CUBE-AZRTOS-H7RS.1.0.0
2025-06-29 13:19:26,376 [WARN] PackLoader:240 - Cannot read IP mode file for STMicroelectronics.FP-ATR-ASTRA1.2.0.0
2025-06-29 13:19:26,402 [WARN] PackLoader:240 - Cannot read IP mode file for STMicroelectronics.X-CUBE-TOF1.3.4.2
2025-06-29 13:19:26,436 [ERROR] Engine:466 - C:\Users\hyeon\.stm32cubemx\thirdparties\pdsc\STMicroelectronics.X-CUBE-TOF1.3.4.3.pdsc: PDSC version is not supported
2025-06-29 13:19:26,455 [WARN] PackLoader:240 - Cannot read IP mode file for STMicroelectronics.X-CUBE-TOF1.3.4.1
2025-06-29 13:19:26,515 [WARN] PackLoader:240 - Cannot read IP mode file for STMicroelectronics.X-CUBE-AZRTOS-H7.3.2.0
2025-06-29 13:19:26,550 [WARN] PackLoader:240 - Cannot read IP mode file for Infineon.AIROC-Wi-Fi-Bluetooth-STM32.1.6.0
2025-06-29 13:19:26,567 [WARN] PackLoader:240 - Cannot read IP mode file for wolfSSL.I-CUBE-wolfSSH.1.4.17
2025-06-29 13:19:26,568 [INFO] ThirdParty:978 - Integrity check success = true
2025-06-29 13:19:26,569 [INFO] IntegrityCheckThread:100 - exiting critical section [integrity check]
2025-06-29 13:19:26,569 [INFO] IntegrityCheckThread:103 - End integrity checks thread
2025-06-29 13:19:27,477 [INFO] WebApp:448 - Apply proxy settings
2025-06-29 13:19:27,477 [INFO] WebApp:533 - Chromium requires no authentication
2025-06-29 13:19:27,497 [INFO] WebApp:476 - Direct internet connection detected
2025-06-29 13:19:27,578 [INFO] WebApp:869 - Register for checkConnection events
2025-06-29 13:19:27,579 [INFO] WebApp:448 - Apply proxy settings
2025-06-29 13:19:27,579 [INFO] WebApp:533 - Chromium requires no authentication
2025-06-29 13:19:27,581 [INFO] WebApp:476 - Direct internet connection detected
2025-06-29 13:19:27,821 [INFO] WebApp:186 - Connection restablished
2025-06-29 13:19:28,185 [INFO] WebApp:220 - Starting web application
2025-06-29 13:19:28,185 [INFO] WebApp:578 - Web application path used C:\ST\STM32CubeIDE_1.16.0\STM32CubeIDE\plugins\com.st.stm32cube.common.mx_6.12.0.202406281431\db\plugins\mcufinder\reactClient1\index.html
2025-06-29 13:19:28,372 [INFO] UserAuth:417 - Internet connection configuration mode: 1
2025-06-29 13:45:21,857 [INFO] WebApp:189 - Connection lost
2025-06-29 13:45:22,087 [INFO] WebApp:186 - Connection restablished
2025-06-29 14:15:06,469 [INFO] WebApp:189 - Connection lost
2025-06-29 14:15:06,689 [INFO] WebApp:186 - Connection restablished
2025-06-29 14:45:21,011 [INFO] WebApp:189 - Connection lost
2025-06-29 14:45:22,169 [INFO] WebApp:186 - Connection restablished
2025-06-29 15:15:18,980 [INFO] WebApp:189 - Connection lost
2025-06-29 15:15:19,618 [INFO] WebApp:186 - Connection restablished
2025-06-29 15:41:15,592 [INFO] WebApp:189 - Connection lost
2025-06-29 15:41:16,562 [INFO] WebApp:186 - Connection restablished
2025-06-29 15:45:50,010 [INFO] WebApp:189 - Connection lost
2025-06-29 15:45:50,426 [INFO] WebApp:186 - Connection restablished
2025-06-29 16:16:49,415 [INFO] WebApp:189 - Connection lost
2025-06-29 16:16:49,619 [INFO] WebApp:186 - Connection restablished
2025-06-29 16:47:48,050 [INFO] WebApp:189 - Connection lost
2025-06-29 16:47:48,547 [INFO] WebApp:186 - Connection restablished
2025-06-29 17:18:22,912 [INFO] WebApp:189 - Connection lost
2025-06-29 17:18:23,267 [INFO] WebApp:186 - Connection restablished
2025-06-29 18:28:07,105 [INFO] WebApp:189 - Connection lost
2025-06-29 18:28:32,943 [INFO] WebApp:186 - Connection restablished
2025-06-29 18:36:44,790 [INFO] WebApp:189 - Connection lost
2025-06-29 18:36:45,498 [INFO] WebApp:186 - Connection restablished
2025-06-29 18:36:48,397 [INFO] WebApp:189 - Connection lost
2025-06-29 18:36:54,510 [INFO] WebApp:186 - Connection restablished
2025-06-29 18:36:59,030 [INFO] WebApp:189 - Connection lost
2025-06-29 18:37:00,107 [INFO] WebApp:186 - Connection restablished
2025-06-29 18:53:20,916 [INFO] WebApp:189 - Connection lost
2025-06-29 18:53:21,105 [INFO] WebApp:186 - Connection restablished
2025-06-29 19:23:58,412 [INFO] WebApp:189 - Connection lost
2025-06-29 19:23:58,592 [INFO] WebApp:186 - Connection restablished
2025-06-29 19:54:28,430 [INFO] WebApp:189 - Connection lost
2025-06-29 19:54:28,628 [INFO] WebApp:186 - Connection restablished
2025-06-29 20:17:48,946 [ERROR] LogOutputStream:75 - [STDERR_REDIRECT] 
