2025-04-11 15:02:37,947 [INFO] Activator:176 - 


2025-04-11 15:02:37,952 [INFO] Activator:177 - !SESSION log4j initialized
2025-04-11 15:02:43,317 [INFO] LogOutputStream:77 - [STDOUT_REDIRECT] 
2025-04-11 15:02:45,635 [INFO] ApplicationProperties:184 - Using Application install path: C:\ST\STM32CubeIDE_1.17.0\STM32CubeIDE\plugins\com.st.stm32cube.common.mx_6.13.0.202411220809
2025-04-11 15:02:45,657 [INFO] DbMcusXml:78 - Set database path to: C:\ST\STM32CubeIDE_1.17.0\STM32CubeIDE\plugins\com.st.stm32cube.common.mx_6.13.0.202411220809\\db\/mcu/
2025-04-11 15:02:45,657 [INFO] ApiDb:274 - Set plugin database path to: C:\ST\STM32CubeIDE_1.17.0\STM32CubeIDE\plugins\com.st.stm32cube.common.mx_6.13.0.202411220809\\db\/plugins/boardmanager/
2025-04-11 15:02:45,658 [WARN] ApiDb:259 - Overriding images path with different value:  => C:\ST\STM32CubeIDE_1.17.0\STM32CubeIDE\plugins\com.st.stm32cube.common.mx_6.13.0.202411220809\\db\/plugins/mcufinder/images/
2025-04-11 15:02:45,671 [INFO] ApiDb:250 - Set database path to: C:\Users\chu44\.stmcufinder\plugins\mcufinder//mcu/
2025-04-11 15:02:45,671 [INFO] DbMcusAds:125 - Set database path to: C:\Users\chu44\.stmcufinder\plugins\mcufinder//mcu/
2025-04-11 15:02:45,673 [INFO] CrossReferenceDbSqlite:203 - Set database path to: C:\Users\chu44\.stmcufinder\plugins\mcufinder//mcu/cs/
2025-04-11 15:02:45,751 [INFO] RulesReader:64 - Compatibility file has been processed (297 Rules)
2025-04-11 15:02:45,838 [INFO] DbMcusXml:78 - Set database path to: C:\ST\STM32CubeIDE_1.17.0\STM32CubeIDE\plugins\com.st.stm32cube.common.mx_6.13.0.202411220809\\db\/mcu/
2025-04-11 15:02:45,839 [INFO] ApiDb:274 - Set plugin database path to: C:\ST\STM32CubeIDE_1.17.0\STM32CubeIDE\plugins\com.st.stm32cube.common.mx_6.13.0.202411220809\\db\/plugins/boardmanager/
2025-04-11 15:02:45,839 [INFO] ApiDb:261 - Set plugin images path to: C:\ST\STM32CubeIDE_1.17.0\STM32CubeIDE\plugins\com.st.stm32cube.common.mx_6.13.0.202411220809\\db\/plugins/mcufinder/images/
2025-04-11 15:02:45,839 [WARN] DbFile:41 - Overriding database path with different value: C:\Users\chu44\.stmcufinder\plugins\mcufinder/ => C:\Users\chu44\.stmcufinder\plugins\mcufinder
2025-04-11 15:02:45,839 [INFO] ApiDb:250 - Set database path to: C:\Users\chu44\.stmcufinder\plugins\mcufinder//mcu/
2025-04-11 15:02:45,839 [WARN] DbFile:41 - Overriding database path with different value: C:\Users\chu44\.stmcufinder\plugins\mcufinder/ => C:\Users\chu44\.stmcufinder\plugins\mcufinder
2025-04-11 15:02:45,839 [INFO] DbMcusAds:125 - Set database path to: C:\Users\chu44\.stmcufinder\plugins\mcufinder//mcu/
2025-04-11 15:02:45,839 [WARN] DbFile:41 - Overriding database path with different value: C:\Users\chu44\.stmcufinder\plugins\mcufinder/ => C:\Users\chu44\.stmcufinder\plugins\mcufinder
2025-04-11 15:02:45,839 [WARN] DbFile:41 - Overriding database path with different value: C:\Users\chu44\.stmcufinder\plugins\mcufinder/ => C:\Users\chu44\.stmcufinder\plugins\mcufinder
2025-04-11 15:02:45,839 [INFO] CrossReferenceDbSqlite:203 - Set database path to: C:\Users\chu44\.stmcufinder\plugins\mcufinder//mcu/cs/
2025-04-11 15:02:45,910 [INFO] MainPanel:272 - HeapMemory: 268435456
2025-04-11 15:02:46,014 [INFO] DbMcusXml:78 - Set database path to: C:\ST\STM32CubeIDE_1.17.0\STM32CubeIDE\plugins\com.st.stm32cube.common.mx_6.13.0.202411220809\\db\/mcu/
2025-04-11 15:02:46,014 [INFO] ApiDb:274 - Set plugin database path to: C:\ST\STM32CubeIDE_1.17.0\STM32CubeIDE\plugins\com.st.stm32cube.common.mx_6.13.0.202411220809\\db\/plugins/boardmanager/
2025-04-11 15:02:46,014 [INFO] ApiDb:261 - Set plugin images path to: C:\ST\STM32CubeIDE_1.17.0\STM32CubeIDE\plugins\com.st.stm32cube.common.mx_6.13.0.202411220809\\db\/plugins/mcufinder/images/
2025-04-11 15:02:46,015 [WARN] DbFile:41 - Overriding database path with different value: C:\Users\chu44\.stmcufinder\plugins\mcufinder/ => C:\Users\chu44\.stmcufinder\plugins\mcufinder
2025-04-11 15:02:46,015 [INFO] ApiDb:250 - Set database path to: C:\Users\chu44\.stmcufinder\plugins\mcufinder//mcu/
2025-04-11 15:02:46,015 [WARN] DbFile:41 - Overriding database path with different value: C:\Users\chu44\.stmcufinder\plugins\mcufinder/ => C:\Users\chu44\.stmcufinder\plugins\mcufinder
2025-04-11 15:02:46,015 [INFO] DbMcusAds:125 - Set database path to: C:\Users\chu44\.stmcufinder\plugins\mcufinder//mcu/
2025-04-11 15:02:46,015 [WARN] DbFile:41 - Overriding database path with different value: C:\Users\chu44\.stmcufinder\plugins\mcufinder/ => C:\Users\chu44\.stmcufinder\plugins\mcufinder
2025-04-11 15:02:46,015 [WARN] DbFile:41 - Overriding database path with different value: C:\Users\chu44\.stmcufinder\plugins\mcufinder/ => C:\Users\chu44\.stmcufinder\plugins\mcufinder
2025-04-11 15:02:46,015 [INFO] CrossReferenceDbSqlite:203 - Set database path to: C:\Users\chu44\.stmcufinder\plugins\mcufinder//mcu/cs/
2025-04-11 15:02:46,030 [INFO] ApplicationProperties:184 - Using Application install path: C:\ST\STM32CubeIDE_1.17.0\STM32CubeIDE\plugins\com.st.stm32cube.common.mx_6.13.0.202411220809
2025-04-11 15:02:46,030 [INFO] PluginManage:196 - Search for loadable plugins [exclusion list=, ]
2025-04-11 15:02:46,031 [INFO] PluginManage:310 - Check plugin analytics
2025-04-11 15:02:46,163 [INFO] AnalyticsPlugin:253 - Accepted Software Licenses: STM32CubeMX.6.13.0
2025-04-11 15:02:46,164 [INFO] AnalyticsPlugin:255 - Accepted CMSIS Pack Licenses: 
2025-04-11 15:02:46,164 [INFO] AnalyticsPlugin:257 - Accepted Firmware Licenses: 
2025-04-11 15:02:46,165 [INFO] PluginManage:359 - Loaded plugin analytics (category:tool,tabindex:-1)
2025-04-11 15:02:46,165 [INFO] PluginManage:310 - Check plugin cadmodel
2025-04-11 15:02:46,194 [INFO] CADModel:105 - Init CAD model plugin
2025-04-11 15:02:46,194 [INFO] PluginManage:359 - Loaded plugin cadmodel (category:power,tabindex:5)
2025-04-11 15:02:46,194 [INFO] PluginManage:310 - Check plugin clock
2025-04-11 15:02:46,213 [INFO] PluginManage:359 - Loaded plugin clock (category:base,tabindex:2)
2025-04-11 15:02:46,213 [INFO] PluginManage:310 - Check plugin ddr
2025-04-11 15:02:46,216 [INFO] PluginManage:359 - Loaded plugin ddr (category:tool,tabindex:6)
2025-04-11 15:02:46,216 [INFO] PluginManage:310 - Check plugin filemanager
2025-04-11 15:02:46,342 [INFO] PluginManage:359 - Loaded plugin filemanager (category:base,tabindex:10)
2025-04-11 15:02:46,342 [INFO] PluginManage:310 - Check plugin ipmanager
2025-04-11 15:02:46,353 [INFO] PluginManage:359 - Loaded plugin ipmanager (category:base,tabindex:5)
2025-04-11 15:02:46,353 [INFO] PluginManage:310 - Check plugin lpbam
2025-04-11 15:02:46,369 [INFO] PluginManage:359 - Loaded plugin lpbam (category:base,tabindex:0)
2025-04-11 15:02:46,369 [INFO] PluginManage:310 - Check plugin memorymap
2025-04-11 15:02:46,391 [INFO] PluginManage:359 - Loaded plugin memorymap (category:base,tabindex:4)
2025-04-11 15:02:46,391 [INFO] PluginManage:310 - Check plugin pinoutandconfiguration
2025-04-11 15:02:46,407 [INFO] PluginManage:359 - Loaded plugin pinoutandconfiguration (category:base,tabindex:1)
2025-04-11 15:02:46,407 [INFO] PluginManage:310 - Check plugin pinoutconfig
2025-04-11 15:02:46,492 [WARN] SupportedApi:132 - Cannot load RTOS API schema: s4s-elt-must-match.1: The content of 'definitions' must match (annotation?, (simpleType | complexType)?, (unique | key | keyref)*)). A problem was found starting at: attribute.
2025-04-11 15:02:46,607 [INFO] PluginManage:359 - Loaded plugin pinoutconfig (category:base,tabindex:0)
2025-04-11 15:02:46,607 [INFO] PluginManage:310 - Check plugin power
2025-04-11 15:02:46,639 [INFO] PluginManage:359 - Loaded plugin power (category:power,tabindex:4)
2025-04-11 15:02:46,639 [INFO] PluginManage:310 - Check plugin projectmanager
2025-04-11 15:02:46,650 [INFO] PluginManage:359 - Loaded plugin projectmanager (category:projectmanager,tabindex:4)
2025-04-11 15:02:46,650 [INFO] PluginManage:310 - Check plugin rif
2025-04-11 15:02:46,667 [INFO] PluginManage:359 - Loaded plugin rif (category:base,tabindex:3)
2025-04-11 15:02:46,667 [INFO] PluginManage:310 - Check plugin thirdparty
2025-04-11 15:02:46,900 [WARN] IntegrityCheckThread:84 - waiting for thirdparty lock release [integrity check]
2025-04-11 15:02:46,900 [INFO] PluginManage:359 - Loaded plugin thirdparty (category:base,tabindex:-1)
2025-04-11 15:02:46,900 [INFO] IntegrityCheckThread:86 - entering critical section [integrity check]
2025-04-11 15:02:46,900 [INFO] PluginManage:310 - Check plugin tools
2025-04-11 15:02:46,900 [INFO] ThirdPartyUpdaterWithRetryManager:70 - Updater plugin not ready yet. [1/15]
2025-04-11 15:02:46,929 [INFO] PluginManage:359 - Loaded plugin tools (category:base,tabindex:7)
2025-04-11 15:02:46,929 [INFO] PluginManage:310 - Check plugin tutovideos
2025-04-11 15:02:47,101 [INFO] PluginManage:359 - Loaded plugin tutovideos (category:base,tabindex:-1)
2025-04-11 15:02:47,102 [INFO] PluginManage:310 - Check plugin updater
2025-04-11 15:02:47,119 [INFO] PluginManage:359 - Loaded plugin updater (category:base,tabindex:12)
2025-04-11 15:02:47,119 [INFO] PluginManage:310 - Check plugin userauth
2025-04-11 15:02:47,122 [INFO] UserAuth:118 - Init User Auth plugin
2025-04-11 15:02:47,123 [INFO] PluginManage:359 - Loaded plugin userauth (category:base,tabindex:14)
2025-04-11 15:02:47,123 [INFO] PluginManage:283 - PluginManage : Loaded plugins [18]
2025-04-11 15:02:47,293 [INFO] PinOutPanel:1589 - setPackage(No Configuration,No Configuration)
2025-04-11 15:02:47,374 [INFO] CADModel:165 - CPN selected for project level
2025-04-11 15:02:47,374 [INFO] CADModel:114 - Register for checkConnection events
2025-04-11 15:02:47,397 [INFO] IPUIPlugin:80 - create IPUIPlugin
2025-04-11 15:02:47,397 [INFO] PluginManager:220 - loadIPPluginJar : add adc
2025-04-11 15:02:47,428 [INFO] IPUIPlugin:80 - create IPUIPlugin
2025-04-11 15:02:47,428 [INFO] PluginManager:220 - loadIPPluginJar : add aes
2025-04-11 15:02:47,463 [INFO] IPUIPlugin:80 - create IPUIPlugin
2025-04-11 15:02:47,464 [INFO] PluginManager:220 - loadIPPluginJar : add can
2025-04-11 15:02:47,485 [INFO] IPUIPlugin:80 - create IPUIPlugin
2025-04-11 15:02:47,485 [INFO] PluginManager:220 - loadIPPluginJar : add comp
2025-04-11 15:02:47,510 [INFO] IPUIPlugin:80 - create IPUIPlugin
2025-04-11 15:02:47,510 [INFO] PluginManager:220 - loadIPPluginJar : add cryp
2025-04-11 15:02:47,521 [INFO] IPUIPlugin:80 - create IPUIPlugin
2025-04-11 15:02:47,521 [INFO] PluginManager:220 - loadIPPluginJar : add ddr_ctrl_phy
2025-04-11 15:02:47,547 [INFO] IPUIPlugin:80 - create IPUIPlugin
2025-04-11 15:02:47,547 [INFO] PluginManager:220 - loadIPPluginJar : add dfsdm
2025-04-11 15:02:47,558 [INFO] IPUIPlugin:80 - create IPUIPlugin
2025-04-11 15:02:47,558 [INFO] PluginManager:220 - loadIPPluginJar : add dma
2025-04-11 15:02:47,587 [INFO] IPUIPlugin:80 - create IPUIPlugin
2025-04-11 15:02:47,587 [INFO] PluginManager:220 - loadIPPluginJar : add dma3
2025-04-11 15:02:47,622 [INFO] IPUIPlugin:80 - create IPUIPlugin
2025-04-11 15:02:47,622 [INFO] PluginManager:220 - loadIPPluginJar : add extmemmanager
2025-04-11 15:02:47,639 [INFO] IPUIPlugin:80 - create IPUIPlugin
2025-04-11 15:02:47,639 [INFO] PluginManager:220 - loadIPPluginJar : add fatfs
2025-04-11 15:02:47,675 [INFO] IPUIPlugin:80 - create IPUIPlugin
2025-04-11 15:02:47,676 [INFO] PluginManager:220 - loadIPPluginJar : add fmc
2025-04-11 15:02:47,689 [INFO] IPUIPlugin:80 - create IPUIPlugin
2025-04-11 15:02:47,689 [INFO] PluginManager:220 - loadIPPluginJar : add freertos
2025-04-11 15:02:47,706 [INFO] IPUIPlugin:80 - create IPUIPlugin
2025-04-11 15:02:47,706 [INFO] PluginManager:220 - loadIPPluginJar : add genericplugin
2025-04-11 15:02:47,774 [INFO] IPUIPlugin:80 - create IPUIPlugin
2025-04-11 15:02:47,774 [INFO] PluginManager:220 - loadIPPluginJar : add gfxmmu
2025-04-11 15:02:47,882 [INFO] IPUIPlugin:80 - create IPUIPlugin
2025-04-11 15:02:47,882 [INFO] PluginManager:220 - loadIPPluginJar : add gic
2025-04-11 15:02:47,893 [INFO] IPUIPlugin:80 - create IPUIPlugin
2025-04-11 15:02:47,893 [INFO] PluginManager:220 - loadIPPluginJar : add gpio
2025-04-11 15:02:47,961 [INFO] IPUIPlugin:80 - create IPUIPlugin
2025-04-11 15:02:47,962 [INFO] PluginManager:220 - loadIPPluginJar : add gtzc
2025-04-11 15:02:47,987 [INFO] IPUIPlugin:80 - create IPUIPlugin
2025-04-11 15:02:47,987 [INFO] PluginManager:220 - loadIPPluginJar : add hash
2025-04-11 15:02:48,026 [INFO] IPUIPlugin:80 - create IPUIPlugin
2025-04-11 15:02:48,027 [INFO] PluginManager:220 - loadIPPluginJar : add i2c
2025-04-11 15:02:48,057 [INFO] IPUIPlugin:80 - create IPUIPlugin
2025-04-11 15:02:48,057 [INFO] PluginManager:220 - loadIPPluginJar : add i2s
2025-04-11 15:02:48,089 [INFO] IPUIPlugin:80 - create IPUIPlugin
2025-04-11 15:02:48,090 [INFO] PluginManager:220 - loadIPPluginJar : add i3c
2025-04-11 15:02:48,165 [INFO] IPUIPlugin:80 - create IPUIPlugin
2025-04-11 15:02:48,165 [INFO] PluginManager:220 - loadIPPluginJar : add ipddr
2025-04-11 15:02:48,232 [INFO] IPUIPlugin:80 - create IPUIPlugin
2025-04-11 15:02:48,232 [INFO] PluginManager:220 - loadIPPluginJar : add linkedlist
2025-04-11 15:02:48,260 [INFO] IPUIPlugin:80 - create IPUIPlugin
2025-04-11 15:02:48,260 [INFO] PluginManager:220 - loadIPPluginJar : add lorawan
2025-04-11 15:02:48,288 [INFO] IPUIPlugin:80 - create IPUIPlugin
2025-04-11 15:02:48,288 [INFO] PluginManager:220 - loadIPPluginJar : add ltdc
2025-04-11 15:02:48,301 [INFO] IPUIPlugin:80 - create IPUIPlugin
2025-04-11 15:02:48,301 [INFO] PluginManager:220 - loadIPPluginJar : add mdma
2025-04-11 15:02:48,310 [INFO] IPUIPlugin:80 - create IPUIPlugin
2025-04-11 15:02:48,311 [INFO] PluginManager:220 - loadIPPluginJar : add nvic
2025-04-11 15:02:48,340 [INFO] IPUIPlugin:80 - create IPUIPlugin
2025-04-11 15:02:48,340 [INFO] PluginManager:220 - loadIPPluginJar : add opamp
2025-04-11 15:02:48,387 [INFO] IPUIPlugin:80 - create IPUIPlugin
2025-04-11 15:02:48,387 [INFO] PluginManager:220 - loadIPPluginJar : add openamp
2025-04-11 15:02:48,420 [INFO] IPUIPlugin:80 - create IPUIPlugin
2025-04-11 15:02:48,421 [INFO] PluginManager:220 - loadIPPluginJar : add pdm2pcm
2025-04-11 15:02:48,433 [INFO] IPUIPlugin:80 - create IPUIPlugin
2025-04-11 15:02:48,434 [INFO] PluginManager:220 - loadIPPluginJar : add plateformsettings
2025-04-11 15:02:48,452 [INFO] IPUIPlugin:80 - create IPUIPlugin
2025-04-11 15:02:48,453 [INFO] PluginManager:220 - loadIPPluginJar : add quadspi
2025-04-11 15:02:48,474 [INFO] IPUIPlugin:80 - create IPUIPlugin
2025-04-11 15:02:48,474 [INFO] PluginManager:220 - loadIPPluginJar : add radio
2025-04-11 15:02:48,486 [INFO] IPUIPlugin:80 - create IPUIPlugin
2025-04-11 15:02:48,487 [INFO] PluginManager:220 - loadIPPluginJar : add resmgrutility
2025-04-11 15:02:48,526 [INFO] IPUIPlugin:80 - create IPUIPlugin
2025-04-11 15:02:48,526 [INFO] PluginManager:220 - loadIPPluginJar : add sai
2025-04-11 15:02:48,553 [INFO] IPUIPlugin:80 - create IPUIPlugin
2025-04-11 15:02:48,554 [INFO] PluginManager:220 - loadIPPluginJar : add spi
2025-04-11 15:02:48,605 [INFO] IPUIPlugin:80 - create IPUIPlugin
2025-04-11 15:02:48,606 [INFO] PluginManager:220 - loadIPPluginJar : add stm32_wpan
2025-04-11 15:02:48,625 [INFO] IPUIPlugin:80 - create IPUIPlugin
2025-04-11 15:02:48,625 [INFO] PluginManager:220 - loadIPPluginJar : add tim
2025-04-11 15:02:48,670 [INFO] IPUIPlugin:80 - create IPUIPlugin
2025-04-11 15:02:48,670 [INFO] PluginManager:220 - loadIPPluginJar : add touchsensing
2025-04-11 15:02:48,689 [INFO] IPUIPlugin:80 - create IPUIPlugin
2025-04-11 15:02:48,689 [INFO] PluginManager:220 - loadIPPluginJar : add tracer_emb
2025-04-11 15:02:48,709 [INFO] IPUIPlugin:80 - create IPUIPlugin
2025-04-11 15:02:48,709 [INFO] PluginManager:220 - loadIPPluginJar : add ts
2025-04-11 15:02:48,729 [INFO] IPUIPlugin:80 - create IPUIPlugin
2025-04-11 15:02:48,729 [INFO] PluginManager:220 - loadIPPluginJar : add tsc
2025-04-11 15:02:48,746 [INFO] IPUIPlugin:80 - create IPUIPlugin
2025-04-11 15:02:48,746 [INFO] PluginManager:220 - loadIPPluginJar : add ucpd
2025-04-11 15:02:48,778 [INFO] IPUIPlugin:80 - create IPUIPlugin
2025-04-11 15:02:48,779 [INFO] PluginManager:220 - loadIPPluginJar : add usart
2025-04-11 15:02:48,811 [INFO] IPUIPlugin:80 - create IPUIPlugin
2025-04-11 15:02:48,811 [INFO] PluginManager:220 - loadIPPluginJar : add usbx
2025-04-11 15:02:48,919 [FATAL] Updater:351 - Updater called before beeing initialized
2025-04-11 15:02:48,934 [INFO] RulesReader:64 - Compatibility file has been processed (297 Rules)
2025-04-11 15:02:48,939 [INFO] RulesReader:64 - Compatibility file has been processed (297 Rules)
2025-04-11 15:02:48,943 [INFO] CADModel:165 - CPN selected for project level
2025-04-11 15:02:48,943 [INFO] CADModel:114 - Register for checkConnection events
2025-04-11 15:02:48,943 [FATAL] Updater:351 - Updater called before beeing initialized
2025-04-11 15:02:48,943 [ERROR] CADModel:125 - Updater not yet initialized, retry later 
2025-04-11 15:02:49,082 [FATAL] Updater:351 - Updater called before beeing initialized
2025-04-11 15:02:49,084 [INFO] CADModel:165 - CPN selected for project level
2025-04-11 15:02:49,084 [INFO] CADModel:114 - Register for checkConnection events
2025-04-11 15:02:49,084 [FATAL] Updater:351 - Updater called before beeing initialized
2025-04-11 15:02:49,084 [ERROR] CADModel:125 - Updater not yet initialized, retry later 
2025-04-11 15:02:49,086 [FATAL] Updater:351 - Updater called before beeing initialized
2025-04-11 15:02:49,171 [FATAL] Updater:351 - Updater called before beeing initialized
2025-04-11 15:02:49,180 [INFO] DbMcusAds:53 - JSON generation date=Thu Mar 06 23:54:22 KST 2025 (1741272862297)
2025-04-11 15:02:49,180 [FATAL] Updater:351 - Updater called before beeing initialized
2025-04-11 15:02:49,221 [WARN] DetailPanel:346 - Failed to get advertising image, set to default
2025-04-11 15:02:49,369 [FATAL] Updater:351 - Updater called before beeing initialized
2025-04-11 15:02:49,372 [FATAL] Updater:351 - Updater called before beeing initialized
2025-04-11 15:02:49,372 [FATAL] Updater:351 - Updater called before beeing initialized
2025-04-11 15:02:49,372 [WARN] DetailPanel:346 - Failed to get advertising image, set to default
2025-04-11 15:02:49,372 [FATAL] Updater:351 - Updater called before beeing initialized
2025-04-11 15:02:49,411 [ERROR] Updater:1198 - MainUpdater not yet initialized. External WinMGr cannot be set.
2025-04-11 15:02:49,418 [INFO] Updater:1134 - Updater Version found : 6.13.0
2025-04-11 15:02:49,434 [INFO] ApplicationProperties:184 - Using Application install path: C:\ST\STM32CubeIDE_1.17.0\STM32CubeIDE\plugins\com.st.stm32cube.common.mx_6.13.0.202411220809
2025-04-11 15:02:49,902 [INFO] ThirdPartyUpdaterWithRetryManager:70 - Updater plugin not ready yet. [2/15]
2025-04-11 15:02:51,108 [ERROR] LogOutputStream:75 - [STDERR_REDIRECT] Apr 11, 2025 3:02:51 PM java.util.prefs.WindowsPreferences <init>
2025-04-11 15:02:51,109 [ERROR] LogOutputStream:75 - [STDERR_REDIRECT] WARNING: Could not open/create prefs root node Software\JavaSoft\Prefs at root 0xffffffff80000002. Windows RegCreateKeyEx(...) returned error code 5.
2025-04-11 15:02:51,109 [ERROR] LogOutputStream:75 - [STDERR_REDIRECT] 
2025-04-11 15:02:51,473 [INFO] MainUpdater:2872 - connection check result : 10
2025-04-11 15:02:51,473 [INFO] MainUpdater:3566 - Updater definition file requires update
2025-04-11 15:02:51,474 [INFO] MainUpdater:289 - Updater Check For Update Now.
2025-04-11 15:02:51,474 [INFO] MicroXplorer:498 - Change Database Version : DB.6.0.130
2025-04-11 15:02:51,491 [INFO] McuFinderGlobals:63 - Set McuFinder mode to 2 (CubeIDE integrated)
2025-04-11 15:02:51,496 [INFO] UserAuth:486 - Internet connection configuration mode: 1
2025-04-11 15:02:51,520 [INFO] JxBrowserEngine:152 - Initiate JxBrowser Engine with user profile folder
2025-04-11 15:02:51,543 [INFO] ServerAccessManage:473 - Download File updaters.zip
2025-04-11 15:02:51,708 [INFO] FileExtend:240 - Unzip File : updaters.zip
2025-04-11 15:02:51,708 [INFO] FileExtend:255 - Standard Zip Deflate
2025-04-11 15:02:52,409 [INFO] ServerAccessManage:473 - Download File PacksControlFlags.xml
2025-04-11 15:02:52,903 [WARN] MainUpdater:1193 - Updater busy. Cannot search thirdparties
2025-04-11 15:02:52,904 [INFO] ThirdPartyUpdaterWithRetryManager:96 - Updater plugin is busy. [1/15]
2025-04-11 15:02:53,425 [INFO] ServerAccessManage:473 - Download File cubemx.pidx
2025-04-11 15:02:53,526 [INFO] LoadServerUpdatesThread:375 - End of LoadServerUpdate Thread
2025-04-11 15:02:53,669 [INFO] CheckServerUpdateThread:120 - End of CheckServer Thread
2025-04-11 15:02:54,068 [INFO] WebApp:168 - Instantiating new browser for Auth
2025-04-11 15:02:54,823 [INFO] WebApp:449 - Apply proxy settings
2025-04-11 15:02:54,823 [INFO] WebApp:534 - Chromium requires no authentication
2025-04-11 15:02:54,837 [INFO] WebApp:477 - Direct internet connection detected
2025-04-11 15:02:54,883 [INFO] WebApp:880 - Register for checkConnection events
2025-04-11 15:02:54,883 [INFO] WebApp:449 - Apply proxy settings
2025-04-11 15:02:54,883 [INFO] WebApp:534 - Chromium requires no authentication
2025-04-11 15:02:54,883 [INFO] WebApp:477 - Direct internet connection detected
2025-04-11 15:02:55,055 [INFO] WebApp:221 - Starting web application
2025-04-11 15:02:55,055 [INFO] WebApp:579 - Web application path used C:\ST\STM32CubeIDE_1.17.0\STM32CubeIDE\plugins\com.st.stm32cube.common.mx_6.13.0.202411220809\db\plugins\mcufinder\reactClient1\index.html
2025-04-11 15:02:55,157 [INFO] WebApp:187 - Connection restablished
2025-04-11 15:02:55,188 [INFO] UserAuth:486 - Internet connection configuration mode: 1
2025-04-11 15:02:56,090 [WARN] PackLoader:240 - Cannot read IP mode file for STMicroelectronics.FP-SNS-MOTENVWB1.1.4.0
2025-04-11 15:02:56,103 [WARN] PackLoader:240 - Cannot read IP mode file for STMicroelectronics.FP-ATR-ASTRA1.2.0.2
2025-04-11 15:02:56,113 [WARN] PackLoader:240 - Cannot read IP mode file for STMicroelectronics.FP-ATR-ASTRA1.2.0.1
2025-04-11 15:02:56,127 [WARN] PackLoader:240 - Cannot read IP mode file for STMicroelectronics.X-CUBE-SMBUS.2.1.0
2025-04-11 15:02:56,140 [WARN] PackLoader:240 - Cannot read IP mode file for STMicroelectronics.X-CUBE-WB05N.1.1.0
2025-04-11 15:02:56,168 [WARN] PackLoader:240 - Cannot read IP mode file for STMicroelectronics.X-CUBE-AZRTOS-F7.1.1.0
2025-04-11 15:02:56,181 [WARN] PackLoader:240 - Cannot read IP mode file for STMicroelectronics.FP-SNS-FLIGHT1.5.0.2
2025-04-11 15:02:56,205 [WARN] PackLoader:240 - Cannot read IP mode file for Infineon.AIROC-Wi-Fi-Bluetooth-STM32.1.7.0
2025-04-11 15:02:56,222 [WARN] PackLoader:240 - Cannot read IP mode file for STMicroelectronics.X-CUBE-DISPLAY.3.0.0
2025-04-11 15:02:56,236 [WARN] PackLoader:240 - Cannot read IP mode file for STMicroelectronics.X-CUBE-BLE1.7.0.0
2025-04-11 15:02:56,249 [WARN] PackLoader:240 - Cannot read IP mode file for STMicroelectronics.X-CUBE-NFC10.1.0.0
2025-04-11 15:02:56,264 [WARN] PackLoader:240 - Cannot read IP mode file for STMicroelectronics.X-CUBE-BLEMGR.4.0.0
2025-04-11 15:02:56,278 [WARN] PackLoader:240 - Cannot read IP mode file for emotas.I-CUBE-CANOPEN.1.3.0
2025-04-11 15:02:56,288 [WARN] PackLoader:240 - Cannot read IP mode file for STMicroelectronics.X-CUBE-AI.10.0.0
2025-04-11 15:02:56,299 [WARN] PackLoader:240 - Cannot read IP mode file for STMicroelectronics.FP-SNS-SMARTAG2.1.2.0
2025-04-11 15:02:56,308 [WARN] PackLoader:240 - Cannot read IP mode file for STMicroelectronics.FP-SNS-FLIGHT1.5.1.0
2025-04-11 15:02:56,347 [WARN] PackLoader:240 - Cannot read IP mode file for STMicroelectronics.X-CUBE-MEMS1.11.1.0
2025-04-11 15:02:56,420 [INFO] LogOutputStream:77 - [STDOUT_REDIRECT] 1 : Invalid condition id : UX_CORESTACK_Condition cause : null
2025-04-11 15:02:56,421 [INFO] LogOutputStream:77 - [STDOUT_REDIRECT] 1 : Invalid condition id : UX_CORESTACK_Condition cause : null
2025-04-11 15:02:56,421 [INFO] LogOutputStream:77 - [STDOUT_REDIRECT] 1 : Invalid condition id : UX_CORESTACK_Condition cause : null
2025-04-11 15:02:56,422 [INFO] LogOutputStream:77 - [STDOUT_REDIRECT] 1 : Invalid condition id : UX_CORESTACK_Condition cause : null
2025-04-11 15:02:56,422 [INFO] LogOutputStream:77 - [STDOUT_REDIRECT] 1 : Invalid condition id : UX_CORESTACK_Condition cause : null
2025-04-11 15:02:56,424 [WARN] PackLoader:240 - Cannot read IP mode file for STMicroelectronics.X-CUBE-AZRTOS-WL.2.0.0
2025-04-11 15:02:56,436 [WARN] PackLoader:240 - Cannot read IP mode file for STMicroelectronics.FP-SNS-MOTENV1.5.0.0
2025-04-11 15:02:56,447 [WARN] PackLoader:240 - Cannot read IP mode file for wolfSSL.I-CUBE-wolfMQTT.1.19.0
2025-04-11 15:02:56,460 [WARN] PackLoader:240 - Cannot read IP mode file for WES.I-CUBE-Cesium.1.3.0
2025-04-11 15:02:56,472 [WARN] PackLoader:240 - Cannot read IP mode file for STMicroelectronics.X-CUBE-BLE2.3.3.0
2025-04-11 15:02:56,484 [WARN] PackLoader:240 - Cannot read IP mode file for STMicroelectronics.X-CUBE-NFC9.1.0.0
2025-04-11 15:02:56,494 [WARN] PackLoader:240 - Cannot read IP mode file for STMicroelectronics.X-CUBE-BLE1.7.1.0
2025-04-11 15:02:56,514 [WARN] PackLoader:240 - Cannot read IP mode file for STMicroelectronics.X-CUBE-AZRTOS-G0.1.1.0
2025-04-11 15:02:56,530 [WARN] PackLoader:240 - Cannot read IP mode file for STMicroelectronics.X-CUBE-SAFEA1.1.2.2
2025-04-11 15:02:56,545 [WARN] PackLoader:240 - Cannot read IP mode file for STMicroelectronics.X-CUBE-NFC4.3.0.0
2025-04-11 15:02:56,561 [WARN] PackLoader:240 - Cannot read IP mode file for EmbeddedOffice.I-CUBE-FS-RTOS.1.0.1
2025-04-11 15:02:56,572 [WARN] PackLoader:240 - Cannot read IP mode file for STMicroelectronics.X-CUBE-TCPP.4.2.0
2025-04-11 15:02:56,583 [WARN] PackLoader:240 - Cannot read IP mode file for RealThread.X-CUBE-RT-Thread_Nano.4.1.1
2025-04-11 15:02:56,594 [WARN] PackLoader:240 - Cannot read IP mode file for STMicroelectronics.FP-ATR-SIGFOX1.3.2.0
2025-04-11 15:02:56,605 [WARN] ConditionMgr:438 - getConditionDescription Invalid condition id : Cortex-A Device cause : null
2025-04-11 15:02:56,619 [WARN] ConditionMgr:1044 - genDependencies : Invalid condition id : Cortex-A Device cause : null
2025-04-11 15:02:56,619 [WARN] ConditionMgr:1044 - genDependencies : Invalid condition id : Cortex-A Device cause : null
2025-04-11 15:02:56,619 [WARN] ConditionMgr:1044 - genDependencies : Invalid condition id : Cortex-A Device cause : null
2025-04-11 15:02:56,630 [WARN] PackLoader:240 - Cannot read IP mode file for STMicroelectronics.X-CUBE-EEPRMA1.5.1.0
2025-04-11 15:02:56,641 [WARN] PackLoader:240 - Cannot read IP mode file for wolfSSL.I-CUBE-wolfSSL.5.7.4
2025-04-11 15:02:56,651 [WARN] PackLoader:240 - Cannot read IP mode file for ITTIA_DB.I-CUBE-ITTIADB.8.9.0
2025-04-11 15:02:56,675 [WARN] PackLoader:240 - Cannot read IP mode file for SEGGER.I-CUBE-embOS.1.3.1
2025-04-11 15:02:56,700 [WARN] PackLoader:240 - Cannot read IP mode file for STMicroelectronics.X-CUBE-ALGOBUILD.1.4.0
2025-04-11 15:02:56,713 [WARN] PackLoader:240 - Cannot read IP mode file for STMicroelectronics.X-CUBE-AI.9.1.0
2025-04-11 15:02:56,735 [WARN] PackLoader:240 - Cannot read IP mode file for STMicroelectronics.X-CUBE-AZRTOS-F4.1.1.0
2025-04-11 15:02:56,750 [WARN] PackLoader:240 - Cannot read IP mode file for STMicroelectronics.X-CUBE-ISPU.2.1.0
2025-04-11 15:02:56,772 [WARN] PackLoader:240 - Cannot read IP mode file for STMicroelectronics.X-CUBE-AZRTOS-L5.2.0.0
2025-04-11 15:02:56,786 [WARN] PackLoader:240 - Cannot read IP mode file for STMicroelectronics.X-CUBE-NFC6.3.1.0
2025-04-11 15:02:56,808 [WARN] PackLoader:240 - Cannot read IP mode file for STMicroelectronics.X-CUBE-DPower.1.2.0
2025-04-11 15:02:56,819 [WARN] PackLoader:240 - Cannot read IP mode file for STMicroelectronics.X-CUBE-FREERTOS.1.3.0
2025-04-11 15:02:56,830 [WARN] PackLoader:240 - Cannot read IP mode file for STMicroelectronics.X-CUBE-NFC7.1.0.1
2025-04-11 15:02:56,840 [WARN] PackLoader:240 - Cannot read IP mode file for STMicroelectronics.X-CUBE-DPower.1.3.0
2025-04-11 15:02:56,860 [WARN] ConditionMgr:438 - getConditionDescription Invalid condition id : LAN8742 Phy interface Condition cause : null
2025-04-11 15:02:56,861 [WARN] PackLoader:240 - Cannot read IP mode file for STMicroelectronics.X-CUBE-AZRTOS-L4.2.0.0
2025-04-11 15:02:56,861 [WARN] ConditionMgr:1044 - genDependencies : Invalid condition id : LAN8742 Phy interface Condition cause : null
2025-04-11 15:02:56,861 [WARN] ConditionMgr:1044 - genDependencies : Invalid condition id : LAN8742 Phy interface Condition cause : null
2025-04-11 15:02:56,861 [WARN] ConditionMgr:1044 - genDependencies : Invalid condition id : LAN8742 Phy interface Condition cause : null
2025-04-11 15:02:56,873 [WARN] PackLoader:240 - Cannot read IP mode file for STMicroelectronics.X-CUBE-SFXS2LP1.4.0.0
2025-04-11 15:02:56,912 [WARN] PackLoader:240 - Cannot read IP mode file for STMicroelectronics.X-CUBE-AZRTOS-H7.3.3.0
2025-04-11 15:02:56,932 [WARN] ConditionMgr:438 - getConditionDescription Invalid condition id : UX DEVICE CLASS RTOS Condition cause : null
2025-04-11 15:02:56,932 [WARN] ConditionMgr:438 - getConditionDescription Invalid condition id : UX DEVICE CLASS RTOS Condition cause : null
2025-04-11 15:02:56,933 [WARN] PackLoader:240 - Cannot read IP mode file for STMicroelectronics.X-CUBE-AZRTOS-WB.2.0.0
2025-04-11 15:02:56,933 [WARN] ConditionMgr:1044 - genDependencies : Invalid condition id : UX DEVICE CLASS RTOS Condition cause : null
2025-04-11 15:02:56,933 [WARN] ConditionMgr:1044 - genDependencies : Invalid condition id : UX DEVICE CLASS RTOS Condition cause : null
2025-04-11 15:02:56,933 [WARN] ConditionMgr:1044 - genDependencies : Invalid condition id : UX DEVICE CLASS RTOS Condition cause : null
2025-04-11 15:02:56,933 [WARN] ConditionMgr:1044 - genDependencies : Invalid condition id : UX DEVICE CLASS RTOS Condition cause : null
2025-04-11 15:02:56,933 [WARN] ConditionMgr:1044 - genDependencies : Invalid condition id : UX DEVICE CLASS RTOS Condition cause : null
2025-04-11 15:02:56,946 [WARN] PackLoader:240 - Cannot read IP mode file for STMicroelectronics.X-CUBE-GNSS1.7.0.1
2025-04-11 15:02:56,960 [WARN] PackLoader:240 - Cannot read IP mode file for STMicroelectronics.X-CUBE-TOUCHGFX.4.25.0
2025-04-11 15:02:56,972 [WARN] PackLoader:240 - Cannot read IP mode file for STMicroelectronics.FP-SNS-STBOX1.2.0.0
2025-04-11 15:02:56,990 [WARN] PackLoader:240 - Cannot read IP mode file for STMicroelectronics.X-CUBE-SUBG2.5.0.0
2025-04-11 15:02:57,013 [WARN] PackLoader:240 - Cannot read IP mode file for STMicroelectronics.X-CUBE-AZRTOS-H7RS.1.1.0
2025-04-11 15:02:57,028 [WARN] PackLoader:240 - Cannot read IP mode file for Cesanta.I-CUBE-Mongoose.7.13.0
2025-04-11 15:02:57,051 [WARN] PackLoader:240 - Cannot read IP mode file for STMicroelectronics.X-CUBE-AZRTOS-G4.2.0.0
2025-04-11 15:02:57,068 [WARN] PackLoader:240 - Cannot read IP mode file for STMicroelectronics.X-CUBE-IPS.3.1.0
2025-04-11 15:02:57,083 [WARN] PackLoader:240 - Cannot read IP mode file for STMicroelectronics.X-CUBE-ALS.1.0.2
2025-04-11 15:02:57,097 [WARN] PackLoader:240 - Cannot read IP mode file for STMicroelectronics.X-CUBE-TOUCHGFX.4.24.2
2025-04-11 15:02:57,109 [WARN] PackLoader:240 - Cannot read IP mode file for wolfSSL.I-CUBE-wolfTPM.3.4.0
2025-04-11 15:02:57,125 [WARN] PackLoader:240 - Cannot read IP mode file for portGmbH.I-Cube-SoM-uGOAL.1.1.0
2025-04-11 15:02:57,150 [WARN] PackLoader:240 - Cannot read IP mode file for STMicroelectronics.X-CUBE-AZRTOS-H7RS.1.0.0
2025-04-11 15:02:57,186 [WARN] PackLoader:240 - Cannot read IP mode file for STMicroelectronics.X-CUBE-TOF1.3.4.2
2025-04-11 15:02:57,202 [WARN] PackLoader:240 - Cannot read IP mode file for wolfSSL.I-CUBE-wolfSSH.1.4.17
2025-04-11 15:02:57,202 [INFO] ThirdParty:978 - Integrity check success = true
2025-04-11 15:02:57,202 [INFO] IntegrityCheckThread:100 - exiting critical section [integrity check]
2025-04-11 15:02:57,202 [INFO] IntegrityCheckThread:103 - End integrity checks thread
2025-04-11 15:03:14,593 [ERROR] LogOutputStream:75 - [STDERR_REDIRECT] 
2025-04-11 15:03:14,594 [ERROR] LogOutputStream:75 - [STDERR_REDIRECT] 
